Determining if the __INTEL_COMPILER exist failed with the following output:
Change Dir: /home/ttm4128/Downloads/janus-c-3.0.5/build/CMakeFiles/CMakeTmp

Run Build Command(s):/usr/bin/make cmTC_eaa6d/fast && /usr/bin/make -f CMakeFiles/cmTC_eaa6d.dir/build.make CMakeFiles/cmTC_eaa6d.dir/build
make[1]: Entering directory '/home/ttm4128/Downloads/janus-c-3.0.5/build/CMakeFiles/CMakeTmp'
Building C object CMakeFiles/cmTC_eaa6d.dir/CheckSymbolExists.c.o
/usr/bin/cc    -o CMakeFiles/cmTC_eaa6d.dir/CheckSymbolExists.c.o   -c /home/ttm4128/Downloads/janus-c-3.0.5/build/CMakeFiles/CMakeTmp/CheckSymbolExists.c
/home/ttm4128/Downloads/janus-c-3.0.5/build/CMakeFiles/CMakeTmp/CheckSymbolExists.c: In function ‘main’:
/home/ttm4128/Downloads/janus-c-3.0.5/build/CMakeFiles/CMakeTmp/CheckSymbolExists.c:8:19: error: ‘__INTEL_COMPILER’ undeclared (first use in this function)
    8 |   return ((int*)(&__INTEL_COMPILER))[argc];
      |                   ^~~~~~~~~~~~~~~~
/home/ttm4128/Downloads/janus-c-3.0.5/build/CMakeFiles/CMakeTmp/CheckSymbolExists.c:8:19: note: each undeclared identifier is reported only once for each function it appears in
make[1]: *** [CMakeFiles/cmTC_eaa6d.dir/build.make:66: CMakeFiles/cmTC_eaa6d.dir/CheckSymbolExists.c.o] Error 1
make[1]: Leaving directory '/home/ttm4128/Downloads/janus-c-3.0.5/build/CMakeFiles/CMakeTmp'
make: *** [Makefile:121: cmTC_eaa6d/fast] Error 2


File /home/ttm4128/Downloads/janus-c-3.0.5/build/CMakeFiles/CMakeTmp/CheckSymbolExists.c:
/* */
#include <stdio.h>

int main(int argc, char** argv)
{
  (void)argv;
#ifndef __INTEL_COMPILER
  return ((int*)(&__INTEL_COMPILER))[argc];
#else
  (void)argc;
  return 0;
#endif
}
Determining if the __SUNPRO_C exist failed with the following output:
Change Dir: /home/ttm4128/Downloads/janus-c-3.0.5/build/CMakeFiles/CMakeTmp

Run Build Command(s):/usr/bin/make cmTC_fd9ef/fast && /usr/bin/make -f CMakeFiles/cmTC_fd9ef.dir/build.make CMakeFiles/cmTC_fd9ef.dir/build
make[1]: Entering directory '/home/ttm4128/Downloads/janus-c-3.0.5/build/CMakeFiles/CMakeTmp'
Building C object CMakeFiles/cmTC_fd9ef.dir/CheckSymbolExists.c.o
/usr/bin/cc    -o CMakeFiles/cmTC_fd9ef.dir/CheckSymbolExists.c.o   -c /home/ttm4128/Downloads/janus-c-3.0.5/build/CMakeFiles/CMakeTmp/CheckSymbolExists.c
/home/ttm4128/Downloads/janus-c-3.0.5/build/CMakeFiles/CMakeTmp/CheckSymbolExists.c: In function ‘main’:
/home/ttm4128/Downloads/janus-c-3.0.5/build/CMakeFiles/CMakeTmp/CheckSymbolExists.c:8:19: error: ‘__SUNPRO_C’ undeclared (first use in this function)
    8 |   return ((int*)(&__SUNPRO_C))[argc];
      |                   ^~~~~~~~~~
/home/ttm4128/Downloads/janus-c-3.0.5/build/CMakeFiles/CMakeTmp/CheckSymbolExists.c:8:19: note: each undeclared identifier is reported only once for each function it appears in
make[1]: *** [CMakeFiles/cmTC_fd9ef.dir/build.make:66: CMakeFiles/cmTC_fd9ef.dir/CheckSymbolExists.c.o] Error 1
make[1]: Leaving directory '/home/ttm4128/Downloads/janus-c-3.0.5/build/CMakeFiles/CMakeTmp'
make: *** [Makefile:121: cmTC_fd9ef/fast] Error 2


File /home/ttm4128/Downloads/janus-c-3.0.5/build/CMakeFiles/CMakeTmp/CheckSymbolExists.c:
/* */
#include <stdio.h>

int main(int argc, char** argv)
{
  (void)argv;
#ifndef __SUNPRO_C
  return ((int*)(&__SUNPRO_C))[argc];
#else
  (void)argc;
  return 0;
#endif
}
Determining if the __clang__ exist failed with the following output:
Change Dir: /home/ttm4128/Downloads/janus-c-3.0.5/build/CMakeFiles/CMakeTmp

Run Build Command(s):/usr/bin/make cmTC_bdee3/fast && /usr/bin/make -f CMakeFiles/cmTC_bdee3.dir/build.make CMakeFiles/cmTC_bdee3.dir/build
make[1]: Entering directory '/home/ttm4128/Downloads/janus-c-3.0.5/build/CMakeFiles/CMakeTmp'
Building C object CMakeFiles/cmTC_bdee3.dir/CheckSymbolExists.c.o
/usr/bin/cc    -o CMakeFiles/cmTC_bdee3.dir/CheckSymbolExists.c.o   -c /home/ttm4128/Downloads/janus-c-3.0.5/build/CMakeFiles/CMakeTmp/CheckSymbolExists.c
/home/ttm4128/Downloads/janus-c-3.0.5/build/CMakeFiles/CMakeTmp/CheckSymbolExists.c: In function ‘main’:
/home/ttm4128/Downloads/janus-c-3.0.5/build/CMakeFiles/CMakeTmp/CheckSymbolExists.c:8:19: error: ‘__clang__’ undeclared (first use in this function)
    8 |   return ((int*)(&__clang__))[argc];
      |                   ^~~~~~~~~
/home/ttm4128/Downloads/janus-c-3.0.5/build/CMakeFiles/CMakeTmp/CheckSymbolExists.c:8:19: note: each undeclared identifier is reported only once for each function it appears in
make[1]: *** [CMakeFiles/cmTC_bdee3.dir/build.make:66: CMakeFiles/cmTC_bdee3.dir/CheckSymbolExists.c.o] Error 1
make[1]: Leaving directory '/home/ttm4128/Downloads/janus-c-3.0.5/build/CMakeFiles/CMakeTmp'
make: *** [Makefile:121: cmTC_bdee3/fast] Error 2


File /home/ttm4128/Downloads/janus-c-3.0.5/build/CMakeFiles/CMakeTmp/CheckSymbolExists.c:
/* */
#include <stdio.h>

int main(int argc, char** argv)
{
  (void)argv;
#ifndef __clang__
  return ((int*)(&__clang__))[argc];
#else
  (void)argc;
  return 0;
#endif
}
Performing C SOURCE FILE Test __ARCH64__ failed with the following output:
Change Dir: /home/ttm4128/Downloads/janus-c-3.0.5/build/CMakeFiles/CMakeTmp

Run Build Command(s):/usr/bin/make cmTC_bd96d/fast && /usr/bin/make -f CMakeFiles/cmTC_bd96d.dir/build.make CMakeFiles/cmTC_bd96d.dir/build
make[1]: Entering directory '/home/ttm4128/Downloads/janus-c-3.0.5/build/CMakeFiles/CMakeTmp'
Building C object CMakeFiles/cmTC_bd96d.dir/src.c.o
/usr/bin/cc   -fPIC -D__ARCH64__   -o CMakeFiles/cmTC_bd96d.dir/src.c.o   -c /home/ttm4128/Downloads/janus-c-3.0.5/build/CMakeFiles/CMakeTmp/src.c
/home/ttm4128/Downloads/janus-c-3.0.5/build/CMakeFiles/CMakeTmp/src.c:3:2: error: #error not defined
    3 | #error not defined
      |  ^~~~~
make[1]: *** [CMakeFiles/cmTC_bd96d.dir/build.make:66: CMakeFiles/cmTC_bd96d.dir/src.c.o] Error 1
make[1]: Leaving directory '/home/ttm4128/Downloads/janus-c-3.0.5/build/CMakeFiles/CMakeTmp'
make: *** [Makefile:121: cmTC_bd96d/fast] Error 2


Source file was:
#if defined(__arch64__)
#else
#error not defined
#endif
int main(void) {return 0; }

Performing C SOURCE FILE Test JANUS_CPU_MIXED_ENDIAN_DOUBLES failed with the following output:
Change Dir: /home/ttm4128/Downloads/janus-c-3.0.5/build/CMakeFiles/CMakeTmp

Run Build Command(s):/usr/bin/make cmTC_b9aba/fast && /usr/bin/make -f CMakeFiles/cmTC_b9aba.dir/build.make CMakeFiles/cmTC_b9aba.dir/build
make[1]: Entering directory '/home/ttm4128/Downloads/janus-c-3.0.5/build/CMakeFiles/CMakeTmp'
Building C object CMakeFiles/cmTC_b9aba.dir/src.c.o
/usr/bin/cc   -fPIC -DJANUS_CPU_MIXED_ENDIAN_DOUBLES   -o CMakeFiles/cmTC_b9aba.dir/src.c.o   -c /home/ttm4128/Downloads/janus-c-3.0.5/build/CMakeFiles/CMakeTmp/src.c
/home/ttm4128/Downloads/janus-c-3.0.5/build/CMakeFiles/CMakeTmp/src.c:3:4: error: #error not ARM architecture
    3 | #  error not ARM architecture
      |    ^~~~~
make[1]: *** [CMakeFiles/cmTC_b9aba.dir/build.make:66: CMakeFiles/cmTC_b9aba.dir/src.c.o] Error 1
make[1]: Leaving directory '/home/ttm4128/Downloads/janus-c-3.0.5/build/CMakeFiles/CMakeTmp'
make: *** [Makefile:121: cmTC_b9aba/fast] Error 2


Source file was:

#if !defined(__arm__)
#  error not ARM architecture
#endif

#if defined(__VFP_FP__)
#  error normal doubles.
#endif

int main(void) { return 0; }

Performing C SOURCE FILE Test OS_LINUX24 failed with the following output:
Change Dir: /home/ttm4128/Downloads/janus-c-3.0.5/build/CMakeFiles/CMakeTmp

Run Build Command(s):/usr/bin/make cmTC_8c83a/fast && /usr/bin/make -f CMakeFiles/cmTC_8c83a.dir/build.make CMakeFiles/cmTC_8c83a.dir/build
make[1]: Entering directory '/home/ttm4128/Downloads/janus-c-3.0.5/build/CMakeFiles/CMakeTmp'
Building C object CMakeFiles/cmTC_8c83a.dir/src.c.o
/usr/bin/cc   -fPIC -DOS_LINUX24   -o CMakeFiles/cmTC_8c83a.dir/src.c.o   -c /home/ttm4128/Downloads/janus-c-3.0.5/build/CMakeFiles/CMakeTmp/src.c
/home/ttm4128/Downloads/janus-c-3.0.5/build/CMakeFiles/CMakeTmp/src.c:4:4: error: #error Linux 2.5 or superior
    4 | #  error Linux 2.5 or superior
      |    ^~~~~
make[1]: *** [CMakeFiles/cmTC_8c83a.dir/build.make:66: CMakeFiles/cmTC_8c83a.dir/src.c.o] Error 1
make[1]: Leaving directory '/home/ttm4128/Downloads/janus-c-3.0.5/build/CMakeFiles/CMakeTmp'
make: *** [Makefile:121: cmTC_8c83a/fast] Error 2


Source file was:

#include <linux/version.h>
#if LINUX_VERSION_CODE >= KERNEL_VERSION(2, 5, 0)
#  error Linux 2.5 or superior
#endif

Performing C SOURCE FILE Test LLVM_LIBC failed with the following output:
Change Dir: /home/ttm4128/Downloads/janus-c-3.0.5/build/CMakeFiles/CMakeTmp

Run Build Command(s):/usr/bin/make cmTC_68cf7/fast && /usr/bin/make -f CMakeFiles/cmTC_68cf7.dir/build.make CMakeFiles/cmTC_68cf7.dir/build
make[1]: Entering directory '/home/ttm4128/Downloads/janus-c-3.0.5/build/CMakeFiles/CMakeTmp'
Building C object CMakeFiles/cmTC_68cf7.dir/src.c.o
/usr/bin/cc   -fPIC -DLLVM_LIBC   -o CMakeFiles/cmTC_68cf7.dir/src.c.o   -c /home/ttm4128/Downloads/janus-c-3.0.5/build/CMakeFiles/CMakeTmp/src.c
/home/ttm4128/Downloads/janus-c-3.0.5/build/CMakeFiles/CMakeTmp/src.c:1:10: fatal error: cstddef: No such file or directory
    1 | #include <cstddef>
      |          ^~~~~~~~~
compilation terminated.
make[1]: *** [CMakeFiles/cmTC_68cf7.dir/build.make:66: CMakeFiles/cmTC_68cf7.dir/src.c.o] Error 1
make[1]: Leaving directory '/home/ttm4128/Downloads/janus-c-3.0.5/build/CMakeFiles/CMakeTmp'
make: *** [Makefile:121: cmTC_68cf7/fast] Error 2


Source file was:
#include <cstddef>
 int main(void) { return _LIBCPP_VERSION; }
Determining if the __UCLIBC__ exist failed with the following output:
Change Dir: /home/ttm4128/Downloads/janus-c-3.0.5/build/CMakeFiles/CMakeTmp

Run Build Command(s):/usr/bin/make cmTC_0661b/fast && /usr/bin/make -f CMakeFiles/cmTC_0661b.dir/build.make CMakeFiles/cmTC_0661b.dir/build
make[1]: Entering directory '/home/ttm4128/Downloads/janus-c-3.0.5/build/CMakeFiles/CMakeTmp'
Building C object CMakeFiles/cmTC_0661b.dir/CheckSymbolExists.c.o
/usr/bin/cc   -fPIC    -o CMakeFiles/cmTC_0661b.dir/CheckSymbolExists.c.o   -c /home/ttm4128/Downloads/janus-c-3.0.5/build/CMakeFiles/CMakeTmp/CheckSymbolExists.c
/home/ttm4128/Downloads/janus-c-3.0.5/build/CMakeFiles/CMakeTmp/CheckSymbolExists.c: In function ‘main’:
/home/ttm4128/Downloads/janus-c-3.0.5/build/CMakeFiles/CMakeTmp/CheckSymbolExists.c:8:19: error: ‘__UCLIBC__’ undeclared (first use in this function); did you mean ‘__LINE__’?
    8 |   return ((int*)(&__UCLIBC__))[argc];
      |                   ^~~~~~~~~~
      |                   __LINE__
/home/ttm4128/Downloads/janus-c-3.0.5/build/CMakeFiles/CMakeTmp/CheckSymbolExists.c:8:19: note: each undeclared identifier is reported only once for each function it appears in
make[1]: *** [CMakeFiles/cmTC_0661b.dir/build.make:66: CMakeFiles/cmTC_0661b.dir/CheckSymbolExists.c.o] Error 1
make[1]: Leaving directory '/home/ttm4128/Downloads/janus-c-3.0.5/build/CMakeFiles/CMakeTmp'
make: *** [Makefile:121: cmTC_0661b/fast] Error 2


File /home/ttm4128/Downloads/janus-c-3.0.5/build/CMakeFiles/CMakeTmp/CheckSymbolExists.c:
/* */
#include <stdio.h>

int main(int argc, char** argv)
{
  (void)argv;
#ifndef __UCLIBC__
  return ((int*)(&__UCLIBC__))[argc];
#else
  (void)argc;
  return 0;
#endif
}
Determining if the function getch exists in the ws2_32 failed with the following output:
Change Dir: /home/ttm4128/Downloads/janus-c-3.0.5/build/CMakeFiles/CMakeTmp

Run Build Command(s):/usr/bin/make cmTC_e97bd/fast && /usr/bin/make -f CMakeFiles/cmTC_e97bd.dir/build.make CMakeFiles/cmTC_e97bd.dir/build
make[1]: Entering directory '/home/ttm4128/Downloads/janus-c-3.0.5/build/CMakeFiles/CMakeTmp'
Building C object CMakeFiles/cmTC_e97bd.dir/CheckFunctionExists.c.o
/usr/bin/cc   -fPIC -DCHECK_FUNCTION_EXISTS=getch -L"/home/ttm4128/Downloads/janus-c-3.0.5/external/libraries/x86-64bit-linux-glibc-gcc90/lib"   -o CMakeFiles/cmTC_e97bd.dir/CheckFunctionExists.c.o   -c /usr/share/cmake-3.16/Modules/CheckFunctionExists.c
Linking C executable cmTC_e97bd
/usr/bin/cmake -E cmake_link_script CMakeFiles/cmTC_e97bd.dir/link.txt --verbose=1
/usr/bin/cc  -fPIC -DCHECK_FUNCTION_EXISTS=getch -L"/home/ttm4128/Downloads/janus-c-3.0.5/external/libraries/x86-64bit-linux-glibc-gcc90/lib"    -rdynamic CMakeFiles/cmTC_e97bd.dir/CheckFunctionExists.c.o  -o cmTC_e97bd  -lws2_32 -lrt 
/usr/bin/ld: cannot find -lws2_32
collect2: error: ld returned 1 exit status
make[1]: *** [CMakeFiles/cmTC_e97bd.dir/build.make:87: cmTC_e97bd] Error 1
make[1]: Leaving directory '/home/ttm4128/Downloads/janus-c-3.0.5/build/CMakeFiles/CMakeTmp'
make: *** [Makefile:121: cmTC_e97bd/fast] Error 2



Determining if the function getch exists in the wsock32 failed with the following output:
Change Dir: /home/ttm4128/Downloads/janus-c-3.0.5/build/CMakeFiles/CMakeTmp

Run Build Command(s):/usr/bin/make cmTC_cc571/fast && /usr/bin/make -f CMakeFiles/cmTC_cc571.dir/build.make CMakeFiles/cmTC_cc571.dir/build
make[1]: Entering directory '/home/ttm4128/Downloads/janus-c-3.0.5/build/CMakeFiles/CMakeTmp'
Building C object CMakeFiles/cmTC_cc571.dir/CheckFunctionExists.c.o
/usr/bin/cc   -fPIC -DCHECK_FUNCTION_EXISTS=getch -L"/home/ttm4128/Downloads/janus-c-3.0.5/external/libraries/x86-64bit-linux-glibc-gcc90/lib"   -o CMakeFiles/cmTC_cc571.dir/CheckFunctionExists.c.o   -c /usr/share/cmake-3.16/Modules/CheckFunctionExists.c
Linking C executable cmTC_cc571
/usr/bin/cmake -E cmake_link_script CMakeFiles/cmTC_cc571.dir/link.txt --verbose=1
/usr/bin/cc  -fPIC -DCHECK_FUNCTION_EXISTS=getch -L"/home/ttm4128/Downloads/janus-c-3.0.5/external/libraries/x86-64bit-linux-glibc-gcc90/lib"    -rdynamic CMakeFiles/cmTC_cc571.dir/CheckFunctionExists.c.o  -o cmTC_cc571  -lwsock32 -lrt 
/usr/bin/ld: cannot find -lwsock32
collect2: error: ld returned 1 exit status
make[1]: *** [CMakeFiles/cmTC_cc571.dir/build.make:87: cmTC_cc571] Error 1
make[1]: Leaving directory '/home/ttm4128/Downloads/janus-c-3.0.5/build/CMakeFiles/CMakeTmp'
make: *** [Makefile:121: cmTC_cc571/fast] Error 2



Determining if the function getch exists in the iphlpapi failed with the following output:
Change Dir: /home/ttm4128/Downloads/janus-c-3.0.5/build/CMakeFiles/CMakeTmp

Run Build Command(s):/usr/bin/make cmTC_bfc30/fast && /usr/bin/make -f CMakeFiles/cmTC_bfc30.dir/build.make CMakeFiles/cmTC_bfc30.dir/build
make[1]: Entering directory '/home/ttm4128/Downloads/janus-c-3.0.5/build/CMakeFiles/CMakeTmp'
Building C object CMakeFiles/cmTC_bfc30.dir/CheckFunctionExists.c.o
/usr/bin/cc   -fPIC -DCHECK_FUNCTION_EXISTS=getch -L"/home/ttm4128/Downloads/janus-c-3.0.5/external/libraries/x86-64bit-linux-glibc-gcc90/lib"   -o CMakeFiles/cmTC_bfc30.dir/CheckFunctionExists.c.o   -c /usr/share/cmake-3.16/Modules/CheckFunctionExists.c
Linking C executable cmTC_bfc30
/usr/bin/cmake -E cmake_link_script CMakeFiles/cmTC_bfc30.dir/link.txt --verbose=1
/usr/bin/cc  -fPIC -DCHECK_FUNCTION_EXISTS=getch -L"/home/ttm4128/Downloads/janus-c-3.0.5/external/libraries/x86-64bit-linux-glibc-gcc90/lib"    -rdynamic CMakeFiles/cmTC_bfc30.dir/CheckFunctionExists.c.o  -o cmTC_bfc30  -liphlpapi -lrt 
/usr/bin/ld: cannot find -liphlpapi
collect2: error: ld returned 1 exit status
make[1]: *** [CMakeFiles/cmTC_bfc30.dir/build.make:87: cmTC_bfc30] Error 1
make[1]: Leaving directory '/home/ttm4128/Downloads/janus-c-3.0.5/build/CMakeFiles/CMakeTmp'
make: *** [Makefile:121: cmTC_bfc30/fast] Error 2



Determining if the function setsockopt exists in the socket failed with the following output:
Change Dir: /home/ttm4128/Downloads/janus-c-3.0.5/build/CMakeFiles/CMakeTmp

Run Build Command(s):/usr/bin/make cmTC_e866c/fast && /usr/bin/make -f CMakeFiles/cmTC_e866c.dir/build.make CMakeFiles/cmTC_e866c.dir/build
make[1]: Entering directory '/home/ttm4128/Downloads/janus-c-3.0.5/build/CMakeFiles/CMakeTmp'
Building C object CMakeFiles/cmTC_e866c.dir/CheckFunctionExists.c.o
/usr/bin/cc   -fPIC -DCHECK_FUNCTION_EXISTS=setsockopt -L"/home/ttm4128/Downloads/janus-c-3.0.5/external/libraries/x86-64bit-linux-glibc-gcc90/lib"   -o CMakeFiles/cmTC_e866c.dir/CheckFunctionExists.c.o   -c /usr/share/cmake-3.16/Modules/CheckFunctionExists.c
Linking C executable cmTC_e866c
/usr/bin/cmake -E cmake_link_script CMakeFiles/cmTC_e866c.dir/link.txt --verbose=1
/usr/bin/cc  -fPIC -DCHECK_FUNCTION_EXISTS=setsockopt -L"/home/ttm4128/Downloads/janus-c-3.0.5/external/libraries/x86-64bit-linux-glibc-gcc90/lib"    -rdynamic CMakeFiles/cmTC_e866c.dir/CheckFunctionExists.c.o  -o cmTC_e866c  -lsocket -lrt 
/usr/bin/ld: cannot find -lsocket
collect2: error: ld returned 1 exit status
make[1]: *** [CMakeFiles/cmTC_e866c.dir/build.make:87: cmTC_e866c] Error 1
make[1]: Leaving directory '/home/ttm4128/Downloads/janus-c-3.0.5/build/CMakeFiles/CMakeTmp'
make: *** [Makefile:121: cmTC_e866c/fast] Error 2



Determining if the function inet_addr exists in the xnet failed with the following output:
Change Dir: /home/ttm4128/Downloads/janus-c-3.0.5/build/CMakeFiles/CMakeTmp

Run Build Command(s):/usr/bin/make cmTC_527a3/fast && /usr/bin/make -f CMakeFiles/cmTC_527a3.dir/build.make CMakeFiles/cmTC_527a3.dir/build
make[1]: Entering directory '/home/ttm4128/Downloads/janus-c-3.0.5/build/CMakeFiles/CMakeTmp'
Building C object CMakeFiles/cmTC_527a3.dir/CheckFunctionExists.c.o
/usr/bin/cc   -fPIC -DCHECK_FUNCTION_EXISTS=inet_addr -L"/home/ttm4128/Downloads/janus-c-3.0.5/external/libraries/x86-64bit-linux-glibc-gcc90/lib"   -o CMakeFiles/cmTC_527a3.dir/CheckFunctionExists.c.o   -c /usr/share/cmake-3.16/Modules/CheckFunctionExists.c
Linking C executable cmTC_527a3
/usr/bin/cmake -E cmake_link_script CMakeFiles/cmTC_527a3.dir/link.txt --verbose=1
/usr/bin/cc  -fPIC -DCHECK_FUNCTION_EXISTS=inet_addr -L"/home/ttm4128/Downloads/janus-c-3.0.5/external/libraries/x86-64bit-linux-glibc-gcc90/lib"    -rdynamic CMakeFiles/cmTC_527a3.dir/CheckFunctionExists.c.o  -o cmTC_527a3  -lxnet -lrt -lpthread -lm 
/usr/bin/ld: cannot find -lxnet
collect2: error: ld returned 1 exit status
make[1]: *** [CMakeFiles/cmTC_527a3.dir/build.make:87: cmTC_527a3] Error 1
make[1]: Leaving directory '/home/ttm4128/Downloads/janus-c-3.0.5/build/CMakeFiles/CMakeTmp'
make: *** [Makefile:121: cmTC_527a3/fast] Error 2



Determining if the include file windows.h exists failed with the following output:
Change Dir: /home/ttm4128/Downloads/janus-c-3.0.5/build/CMakeFiles/CMakeTmp

Run Build Command(s):/usr/bin/make cmTC_6f0ae/fast && /usr/bin/make -f CMakeFiles/cmTC_6f0ae.dir/build.make CMakeFiles/cmTC_6f0ae.dir/build
make[1]: Entering directory '/home/ttm4128/Downloads/janus-c-3.0.5/build/CMakeFiles/CMakeTmp'
Building C object CMakeFiles/cmTC_6f0ae.dir/CheckIncludeFile.c.o
/usr/bin/cc  -I/home/ttm4128/Downloads/janus-c-3.0.5/external/libraries/x86-64bit-linux-glibc-gcc90/include  -fPIC -L"/home/ttm4128/Downloads/janus-c-3.0.5/external/libraries/x86-64bit-linux-glibc-gcc90/lib"   -o CMakeFiles/cmTC_6f0ae.dir/CheckIncludeFile.c.o   -c /home/ttm4128/Downloads/janus-c-3.0.5/build/CMakeFiles/CMakeTmp/CheckIncludeFile.c
/home/ttm4128/Downloads/janus-c-3.0.5/build/CMakeFiles/CMakeTmp/CheckIncludeFile.c:1:10: fatal error: windows.h: No such file or directory
    1 | #include <windows.h>
      |          ^~~~~~~~~~~
compilation terminated.
make[1]: *** [CMakeFiles/cmTC_6f0ae.dir/build.make:66: CMakeFiles/cmTC_6f0ae.dir/CheckIncludeFile.c.o] Error 1
make[1]: Leaving directory '/home/ttm4128/Downloads/janus-c-3.0.5/build/CMakeFiles/CMakeTmp'
make: *** [Makefile:121: cmTC_6f0ae/fast] Error 2



Determining if the include file direct.h exists failed with the following output:
Change Dir: /home/ttm4128/Downloads/janus-c-3.0.5/build/CMakeFiles/CMakeTmp

Run Build Command(s):/usr/bin/make cmTC_e58bc/fast && /usr/bin/make -f CMakeFiles/cmTC_e58bc.dir/build.make CMakeFiles/cmTC_e58bc.dir/build
make[1]: Entering directory '/home/ttm4128/Downloads/janus-c-3.0.5/build/CMakeFiles/CMakeTmp'
Building C object CMakeFiles/cmTC_e58bc.dir/CheckIncludeFile.c.o
/usr/bin/cc  -I/home/ttm4128/Downloads/janus-c-3.0.5/external/libraries/x86-64bit-linux-glibc-gcc90/include  -fPIC -L"/home/ttm4128/Downloads/janus-c-3.0.5/external/libraries/x86-64bit-linux-glibc-gcc90/lib"   -o CMakeFiles/cmTC_e58bc.dir/CheckIncludeFile.c.o   -c /home/ttm4128/Downloads/janus-c-3.0.5/build/CMakeFiles/CMakeTmp/CheckIncludeFile.c
/home/ttm4128/Downloads/janus-c-3.0.5/build/CMakeFiles/CMakeTmp/CheckIncludeFile.c:1:10: fatal error: direct.h: No such file or directory
    1 | #include <direct.h>
      |          ^~~~~~~~~~
compilation terminated.
make[1]: *** [CMakeFiles/cmTC_e58bc.dir/build.make:66: CMakeFiles/cmTC_e58bc.dir/CheckIncludeFile.c.o] Error 1
make[1]: Leaving directory '/home/ttm4128/Downloads/janus-c-3.0.5/build/CMakeFiles/CMakeTmp'
make: *** [Makefile:121: cmTC_e58bc/fast] Error 2



Determining if the include file winsock2.h exists failed with the following output:
Change Dir: /home/ttm4128/Downloads/janus-c-3.0.5/build/CMakeFiles/CMakeTmp

Run Build Command(s):/usr/bin/make cmTC_a00be/fast && /usr/bin/make -f CMakeFiles/cmTC_a00be.dir/build.make CMakeFiles/cmTC_a00be.dir/build
make[1]: Entering directory '/home/ttm4128/Downloads/janus-c-3.0.5/build/CMakeFiles/CMakeTmp'
Building C object CMakeFiles/cmTC_a00be.dir/CheckIncludeFile.c.o
/usr/bin/cc  -I/home/ttm4128/Downloads/janus-c-3.0.5/external/libraries/x86-64bit-linux-glibc-gcc90/include  -fPIC -L"/home/ttm4128/Downloads/janus-c-3.0.5/external/libraries/x86-64bit-linux-glibc-gcc90/lib"   -o CMakeFiles/cmTC_a00be.dir/CheckIncludeFile.c.o   -c /home/ttm4128/Downloads/janus-c-3.0.5/build/CMakeFiles/CMakeTmp/CheckIncludeFile.c
/home/ttm4128/Downloads/janus-c-3.0.5/build/CMakeFiles/CMakeTmp/CheckIncludeFile.c:1:10: fatal error: winsock2.h: No such file or directory
    1 | #include <winsock2.h>
      |          ^~~~~~~~~~~~
compilation terminated.
make[1]: *** [CMakeFiles/cmTC_a00be.dir/build.make:66: CMakeFiles/cmTC_a00be.dir/CheckIncludeFile.c.o] Error 1
make[1]: Leaving directory '/home/ttm4128/Downloads/janus-c-3.0.5/build/CMakeFiles/CMakeTmp'
make: *** [Makefile:121: cmTC_a00be/fast] Error 2



Determining if the include file ws2tcpip.h exists failed with the following output:
Change Dir: /home/ttm4128/Downloads/janus-c-3.0.5/build/CMakeFiles/CMakeTmp

Run Build Command(s):/usr/bin/make cmTC_954e9/fast && /usr/bin/make -f CMakeFiles/cmTC_954e9.dir/build.make CMakeFiles/cmTC_954e9.dir/build
make[1]: Entering directory '/home/ttm4128/Downloads/janus-c-3.0.5/build/CMakeFiles/CMakeTmp'
Building C object CMakeFiles/cmTC_954e9.dir/CheckIncludeFile.c.o
/usr/bin/cc  -I/home/ttm4128/Downloads/janus-c-3.0.5/external/libraries/x86-64bit-linux-glibc-gcc90/include  -fPIC -L"/home/ttm4128/Downloads/janus-c-3.0.5/external/libraries/x86-64bit-linux-glibc-gcc90/lib"   -o CMakeFiles/cmTC_954e9.dir/CheckIncludeFile.c.o   -c /home/ttm4128/Downloads/janus-c-3.0.5/build/CMakeFiles/CMakeTmp/CheckIncludeFile.c
/home/ttm4128/Downloads/janus-c-3.0.5/build/CMakeFiles/CMakeTmp/CheckIncludeFile.c:1:10: fatal error: ws2tcpip.h: No such file or directory
    1 | #include <ws2tcpip.h>
      |          ^~~~~~~~~~~~
compilation terminated.
make[1]: *** [CMakeFiles/cmTC_954e9.dir/build.make:66: CMakeFiles/cmTC_954e9.dir/CheckIncludeFile.c.o] Error 1
make[1]: Leaving directory '/home/ttm4128/Downloads/janus-c-3.0.5/build/CMakeFiles/CMakeTmp'
make: *** [Makefile:121: cmTC_954e9/fast] Error 2



Determining if the include file wspiapi.h exists failed with the following output:
Change Dir: /home/ttm4128/Downloads/janus-c-3.0.5/build/CMakeFiles/CMakeTmp

Run Build Command(s):/usr/bin/make cmTC_66732/fast && /usr/bin/make -f CMakeFiles/cmTC_66732.dir/build.make CMakeFiles/cmTC_66732.dir/build
make[1]: Entering directory '/home/ttm4128/Downloads/janus-c-3.0.5/build/CMakeFiles/CMakeTmp'
Building C object CMakeFiles/cmTC_66732.dir/CheckIncludeFile.c.o
/usr/bin/cc  -I/home/ttm4128/Downloads/janus-c-3.0.5/external/libraries/x86-64bit-linux-glibc-gcc90/include  -fPIC -L"/home/ttm4128/Downloads/janus-c-3.0.5/external/libraries/x86-64bit-linux-glibc-gcc90/lib"   -o CMakeFiles/cmTC_66732.dir/CheckIncludeFile.c.o   -c /home/ttm4128/Downloads/janus-c-3.0.5/build/CMakeFiles/CMakeTmp/CheckIncludeFile.c
/home/ttm4128/Downloads/janus-c-3.0.5/build/CMakeFiles/CMakeTmp/CheckIncludeFile.c:1:10: fatal error: wspiapi.h: No such file or directory
    1 | #include <wspiapi.h>
      |          ^~~~~~~~~~~
compilation terminated.
make[1]: *** [CMakeFiles/cmTC_66732.dir/build.make:66: CMakeFiles/cmTC_66732.dir/CheckIncludeFile.c.o] Error 1
make[1]: Leaving directory '/home/ttm4128/Downloads/janus-c-3.0.5/build/CMakeFiles/CMakeTmp'
make: *** [Makefile:121: cmTC_66732/fast] Error 2



Determining if the include file ws2spi.h exists failed with the following output:
Change Dir: /home/ttm4128/Downloads/janus-c-3.0.5/build/CMakeFiles/CMakeTmp

Run Build Command(s):/usr/bin/make cmTC_6923d/fast && /usr/bin/make -f CMakeFiles/cmTC_6923d.dir/build.make CMakeFiles/cmTC_6923d.dir/build
make[1]: Entering directory '/home/ttm4128/Downloads/janus-c-3.0.5/build/CMakeFiles/CMakeTmp'
Building C object CMakeFiles/cmTC_6923d.dir/CheckIncludeFile.c.o
/usr/bin/cc  -I/home/ttm4128/Downloads/janus-c-3.0.5/external/libraries/x86-64bit-linux-glibc-gcc90/include  -fPIC -L"/home/ttm4128/Downloads/janus-c-3.0.5/external/libraries/x86-64bit-linux-glibc-gcc90/lib"   -o CMakeFiles/cmTC_6923d.dir/CheckIncludeFile.c.o   -c /home/ttm4128/Downloads/janus-c-3.0.5/build/CMakeFiles/CMakeTmp/CheckIncludeFile.c
/home/ttm4128/Downloads/janus-c-3.0.5/build/CMakeFiles/CMakeTmp/CheckIncludeFile.c:1:10: fatal error: ws2spi.h: No such file or directory
    1 | #include <ws2spi.h>
      |          ^~~~~~~~~~
compilation terminated.
make[1]: *** [CMakeFiles/cmTC_6923d.dir/build.make:66: CMakeFiles/cmTC_6923d.dir/CheckIncludeFile.c.o] Error 1
make[1]: Leaving directory '/home/ttm4128/Downloads/janus-c-3.0.5/build/CMakeFiles/CMakeTmp'
make: *** [Makefile:121: cmTC_6923d/fast] Error 2



Determining if the include file mach-o/dyld.h exists failed with the following output:
Change Dir: /home/ttm4128/Downloads/janus-c-3.0.5/build/CMakeFiles/CMakeTmp

Run Build Command(s):/usr/bin/make cmTC_cf8d1/fast && /usr/bin/make -f CMakeFiles/cmTC_cf8d1.dir/build.make CMakeFiles/cmTC_cf8d1.dir/build
make[1]: Entering directory '/home/ttm4128/Downloads/janus-c-3.0.5/build/CMakeFiles/CMakeTmp'
Building C object CMakeFiles/cmTC_cf8d1.dir/CheckIncludeFile.c.o
/usr/bin/cc  -I/home/ttm4128/Downloads/janus-c-3.0.5/external/libraries/x86-64bit-linux-glibc-gcc90/include  -fPIC -L"/home/ttm4128/Downloads/janus-c-3.0.5/external/libraries/x86-64bit-linux-glibc-gcc90/lib"   -o CMakeFiles/cmTC_cf8d1.dir/CheckIncludeFile.c.o   -c /home/ttm4128/Downloads/janus-c-3.0.5/build/CMakeFiles/CMakeTmp/CheckIncludeFile.c
/home/ttm4128/Downloads/janus-c-3.0.5/build/CMakeFiles/CMakeTmp/CheckIncludeFile.c:1:10: fatal error: mach-o/dyld.h: No such file or directory
    1 | #include <mach-o/dyld.h>
      |          ^~~~~~~~~~~~~~~
compilation terminated.
make[1]: *** [CMakeFiles/cmTC_cf8d1.dir/build.make:66: CMakeFiles/cmTC_cf8d1.dir/CheckIncludeFile.c.o] Error 1
make[1]: Leaving directory '/home/ttm4128/Downloads/janus-c-3.0.5/build/CMakeFiles/CMakeTmp'
make: *** [Makefile:121: cmTC_cf8d1/fast] Error 2



Determining if the include file process.h exists failed with the following output:
Change Dir: /home/ttm4128/Downloads/janus-c-3.0.5/build/CMakeFiles/CMakeTmp

Run Build Command(s):/usr/bin/make cmTC_93593/fast && /usr/bin/make -f CMakeFiles/cmTC_93593.dir/build.make CMakeFiles/cmTC_93593.dir/build
make[1]: Entering directory '/home/ttm4128/Downloads/janus-c-3.0.5/build/CMakeFiles/CMakeTmp'
Building C object CMakeFiles/cmTC_93593.dir/CheckIncludeFile.c.o
/usr/bin/cc  -I/home/ttm4128/Downloads/janus-c-3.0.5/external/libraries/x86-64bit-linux-glibc-gcc90/include  -fPIC -L"/home/ttm4128/Downloads/janus-c-3.0.5/external/libraries/x86-64bit-linux-glibc-gcc90/lib"   -o CMakeFiles/cmTC_93593.dir/CheckIncludeFile.c.o   -c /home/ttm4128/Downloads/janus-c-3.0.5/build/CMakeFiles/CMakeTmp/CheckIncludeFile.c
/home/ttm4128/Downloads/janus-c-3.0.5/build/CMakeFiles/CMakeTmp/CheckIncludeFile.c:1:10: fatal error: process.h: No such file or directory
    1 | #include <process.h>
      |          ^~~~~~~~~~~
compilation terminated.
make[1]: *** [CMakeFiles/cmTC_93593.dir/build.make:66: CMakeFiles/cmTC_93593.dir/CheckIncludeFile.c.o] Error 1
make[1]: Leaving directory '/home/ttm4128/Downloads/janus-c-3.0.5/build/CMakeFiles/CMakeTmp'
make: *** [Makefile:121: cmTC_93593/fast] Error 2



Determining if the include file bsp.h exists failed with the following output:
Change Dir: /home/ttm4128/Downloads/janus-c-3.0.5/build/CMakeFiles/CMakeTmp

Run Build Command(s):/usr/bin/make cmTC_b557c/fast && /usr/bin/make -f CMakeFiles/cmTC_b557c.dir/build.make CMakeFiles/cmTC_b557c.dir/build
make[1]: Entering directory '/home/ttm4128/Downloads/janus-c-3.0.5/build/CMakeFiles/CMakeTmp'
Building C object CMakeFiles/cmTC_b557c.dir/CheckIncludeFile.c.o
/usr/bin/cc  -I/home/ttm4128/Downloads/janus-c-3.0.5/external/libraries/x86-64bit-linux-glibc-gcc90/include  -fPIC -L"/home/ttm4128/Downloads/janus-c-3.0.5/external/libraries/x86-64bit-linux-glibc-gcc90/lib"   -o CMakeFiles/cmTC_b557c.dir/CheckIncludeFile.c.o   -c /home/ttm4128/Downloads/janus-c-3.0.5/build/CMakeFiles/CMakeTmp/CheckIncludeFile.c
/home/ttm4128/Downloads/janus-c-3.0.5/build/CMakeFiles/CMakeTmp/CheckIncludeFile.c:1:10: fatal error: bsp.h: No such file or directory
    1 | #include <bsp.h>
      |          ^~~~~~~
compilation terminated.
make[1]: *** [CMakeFiles/cmTC_b557c.dir/build.make:66: CMakeFiles/cmTC_b557c.dir/CheckIncludeFile.c.o] Error 1
make[1]: Leaving directory '/home/ttm4128/Downloads/janus-c-3.0.5/build/CMakeFiles/CMakeTmp'
make: *** [Makefile:121: cmTC_b557c/fast] Error 2



Performing C SOURCE FILE Test JANUS_SYS_HAS_TIMEPPS_H failed with the following output:
Change Dir: /home/ttm4128/Downloads/janus-c-3.0.5/build/CMakeFiles/CMakeTmp

Run Build Command(s):/usr/bin/make cmTC_44fb8/fast && /usr/bin/make -f CMakeFiles/cmTC_44fb8.dir/build.make CMakeFiles/cmTC_44fb8.dir/build
make[1]: Entering directory '/home/ttm4128/Downloads/janus-c-3.0.5/build/CMakeFiles/CMakeTmp'
Building C object CMakeFiles/cmTC_44fb8.dir/src.c.o
/usr/bin/cc  -I/home/ttm4128/Downloads/janus-c-3.0.5/external/libraries/x86-64bit-linux-glibc-gcc90/include  -fPIC -DJANUS_SYS_HAS_TIMEPPS_H -L"/home/ttm4128/Downloads/janus-c-3.0.5/external/libraries/x86-64bit-linux-glibc-gcc90/lib"   -o CMakeFiles/cmTC_44fb8.dir/src.c.o   -c /home/ttm4128/Downloads/janus-c-3.0.5/build/CMakeFiles/CMakeTmp/src.c
/home/ttm4128/Downloads/janus-c-3.0.5/build/CMakeFiles/CMakeTmp/src.c:3:10: fatal error: timepps.h: No such file or directory
    3 | #include <timepps.h>
      |          ^~~~~~~~~~~
compilation terminated.
make[1]: *** [CMakeFiles/cmTC_44fb8.dir/build.make:66: CMakeFiles/cmTC_44fb8.dir/src.c.o] Error 1
make[1]: Leaving directory '/home/ttm4128/Downloads/janus-c-3.0.5/build/CMakeFiles/CMakeTmp'
make: *** [Makefile:121: cmTC_44fb8/fast] Error 2


Source file was:
#include <unistd.h>

#include <timepps.h>
int main(void){ return 0; }

Performing C SOURCE FILE Test JANUS_SYS_HAS_IPHLPAPI_H failed with the following output:
Change Dir: /home/ttm4128/Downloads/janus-c-3.0.5/build/CMakeFiles/CMakeTmp

Run Build Command(s):/usr/bin/make cmTC_4ac85/fast && /usr/bin/make -f CMakeFiles/cmTC_4ac85.dir/build.make CMakeFiles/cmTC_4ac85.dir/build
make[1]: Entering directory '/home/ttm4128/Downloads/janus-c-3.0.5/build/CMakeFiles/CMakeTmp'
Building C object CMakeFiles/cmTC_4ac85.dir/src.c.o
/usr/bin/cc  -I/home/ttm4128/Downloads/janus-c-3.0.5/external/libraries/x86-64bit-linux-glibc-gcc90/include  -fPIC -DJANUS_SYS_HAS_IPHLPAPI_H -L"/home/ttm4128/Downloads/janus-c-3.0.5/external/libraries/x86-64bit-linux-glibc-gcc90/lib"   -o CMakeFiles/cmTC_4ac85.dir/src.c.o   -c /home/ttm4128/Downloads/janus-c-3.0.5/build/CMakeFiles/CMakeTmp/src.c
/home/ttm4128/Downloads/janus-c-3.0.5/build/CMakeFiles/CMakeTmp/src.c:2:10: fatal error: iphlpapi.h: No such file or directory
    2 | #include <iphlpapi.h>
      |          ^~~~~~~~~~~~
compilation terminated.
make[1]: *** [CMakeFiles/cmTC_4ac85.dir/build.make:66: CMakeFiles/cmTC_4ac85.dir/src.c.o] Error 1
make[1]: Leaving directory '/home/ttm4128/Downloads/janus-c-3.0.5/build/CMakeFiles/CMakeTmp'
make: *** [Makefile:121: cmTC_4ac85/fast] Error 2


Source file was:

#include <iphlpapi.h>
int main(void){ return 0; }

Performing C SOURCE FILE Test JANUS_SYS_HAS_STRNCPY_S failed with the following output:
Change Dir: /home/ttm4128/Downloads/janus-c-3.0.5/build/CMakeFiles/CMakeTmp

Run Build Command(s):/usr/bin/make cmTC_0f6b9/fast && /usr/bin/make -f CMakeFiles/cmTC_0f6b9.dir/build.make CMakeFiles/cmTC_0f6b9.dir/build
make[1]: Entering directory '/home/ttm4128/Downloads/janus-c-3.0.5/build/CMakeFiles/CMakeTmp'
Building C object CMakeFiles/cmTC_0f6b9.dir/src.c.o
/usr/bin/cc  -I/home/ttm4128/Downloads/janus-c-3.0.5/external/libraries/x86-64bit-linux-glibc-gcc90/include  -fPIC -DJANUS_SYS_HAS_STRNCPY_S -std=c99 -Wall -Wshadow -pedantic   -o CMakeFiles/cmTC_0f6b9.dir/src.c.o   -c /home/ttm4128/Downloads/janus-c-3.0.5/build/CMakeFiles/CMakeTmp/src.c
/home/ttm4128/Downloads/janus-c-3.0.5/build/CMakeFiles/CMakeTmp/src.c: In function ‘main’:
/home/ttm4128/Downloads/janus-c-3.0.5/build/CMakeFiles/CMakeTmp/src.c:4:1: error: unknown type name ‘size_t’
    4 | size_t xx;
      | ^~~~~~
/home/ttm4128/Downloads/janus-c-3.0.5/build/CMakeFiles/CMakeTmp/src.c:1:1: note: ‘size_t’ is defined in header ‘<stddef.h>’; did you forget to ‘#include <stddef.h>’?
  +++ |+#include <stddef.h>
    1 | 
/home/ttm4128/Downloads/janus-c-3.0.5/build/CMakeFiles/CMakeTmp/src.c:6:1: error: unknown type name ‘size_t’
    6 | size_t xxxx;
      | ^~~~~~
/home/ttm4128/Downloads/janus-c-3.0.5/build/CMakeFiles/CMakeTmp/src.c:6:1: note: ‘size_t’ is defined in header ‘<stddef.h>’; did you forget to ‘#include <stddef.h>’?
/home/ttm4128/Downloads/janus-c-3.0.5/build/CMakeFiles/CMakeTmp/src.c:8:2: error: unknown type name ‘errno_t’
    8 |  errno_t rv = strncpy_s(&x, xx, &xxx, xxxx);
      |  ^~~~~~~
/home/ttm4128/Downloads/janus-c-3.0.5/build/CMakeFiles/CMakeTmp/src.c:8:15: warning: implicit declaration of function ‘strncpy_s’ [-Wimplicit-function-declaration]
    8 |  errno_t rv = strncpy_s(&x, xx, &xxx, xxxx);
      |               ^~~~~~~~~
/home/ttm4128/Downloads/janus-c-3.0.5/build/CMakeFiles/CMakeTmp/src.c:8:10: warning: unused variable ‘rv’ [-Wunused-variable]
    8 |  errno_t rv = strncpy_s(&x, xx, &xxx, xxxx);
      |          ^~
make[1]: *** [CMakeFiles/cmTC_0f6b9.dir/build.make:66: CMakeFiles/cmTC_0f6b9.dir/src.c.o] Error 1
make[1]: Leaving directory '/home/ttm4128/Downloads/janus-c-3.0.5/build/CMakeFiles/CMakeTmp'
make: *** [Makefile:121: cmTC_0f6b9/fast] Error 2


Source file was:

int main(void) {
char x;
size_t xx;
char xxx;
size_t xxxx;

 errno_t rv = strncpy_s(&x, xx, &xxx, xxxx);
return 0;
}

Performing C SOURCE FILE Test JANUS_SYS_HAS_STRNCPY failed with the following output:
Change Dir: /home/ttm4128/Downloads/janus-c-3.0.5/build/CMakeFiles/CMakeTmp

Run Build Command(s):/usr/bin/make cmTC_62003/fast && /usr/bin/make -f CMakeFiles/cmTC_62003.dir/build.make CMakeFiles/cmTC_62003.dir/build
make[1]: Entering directory '/home/ttm4128/Downloads/janus-c-3.0.5/build/CMakeFiles/CMakeTmp'
Building C object CMakeFiles/cmTC_62003.dir/src.c.o
/usr/bin/cc  -I/home/ttm4128/Downloads/janus-c-3.0.5/external/libraries/x86-64bit-linux-glibc-gcc90/include  -fPIC -DJANUS_SYS_HAS_STRNCPY -std=c99 -Wall -Wshadow -pedantic   -o CMakeFiles/cmTC_62003.dir/src.c.o   -c /home/ttm4128/Downloads/janus-c-3.0.5/build/CMakeFiles/CMakeTmp/src.c
/home/ttm4128/Downloads/janus-c-3.0.5/build/CMakeFiles/CMakeTmp/src.c: In function ‘main’:
/home/ttm4128/Downloads/janus-c-3.0.5/build/CMakeFiles/CMakeTmp/src.c:5:1: error: unknown type name ‘size_t’
    5 | size_t xxx;
      | ^~~~~~
/home/ttm4128/Downloads/janus-c-3.0.5/build/CMakeFiles/CMakeTmp/src.c:1:1: note: ‘size_t’ is defined in header ‘<stddef.h>’; did you forget to ‘#include <stddef.h>’?
  +++ |+#include <stddef.h>
    1 | 
/home/ttm4128/Downloads/janus-c-3.0.5/build/CMakeFiles/CMakeTmp/src.c:7:13: warning: implicit declaration of function ‘strncpy’ [-Wimplicit-function-declaration]
    7 |  char* rv = strncpy(&x, &xx, xxx);
      |             ^~~~~~~
/home/ttm4128/Downloads/janus-c-3.0.5/build/CMakeFiles/CMakeTmp/src.c:7:13: warning: incompatible implicit declaration of built-in function ‘strncpy’
/home/ttm4128/Downloads/janus-c-3.0.5/build/CMakeFiles/CMakeTmp/src.c:1:1: note: include ‘<string.h>’ or provide a declaration of ‘strncpy’
  +++ |+#include <string.h>
    1 | 
/home/ttm4128/Downloads/janus-c-3.0.5/build/CMakeFiles/CMakeTmp/src.c:7:8: warning: unused variable ‘rv’ [-Wunused-variable]
    7 |  char* rv = strncpy(&x, &xx, xxx);
      |        ^~
make[1]: *** [CMakeFiles/cmTC_62003.dir/build.make:66: CMakeFiles/cmTC_62003.dir/src.c.o] Error 1
make[1]: Leaving directory '/home/ttm4128/Downloads/janus-c-3.0.5/build/CMakeFiles/CMakeTmp'
make: *** [Makefile:121: cmTC_62003/fast] Error 2


Source file was:

int main(void) {
char x;
char xx;
size_t xxx;

 char* rv = strncpy(&x, &xx, xxx);
return 0;
}

Performing C SOURCE FILE Test JANUS_SYS_HAS_VSNPRINTF failed with the following output:
Change Dir: /home/ttm4128/Downloads/janus-c-3.0.5/build/CMakeFiles/CMakeTmp

Run Build Command(s):/usr/bin/make cmTC_59e2b/fast && /usr/bin/make -f CMakeFiles/cmTC_59e2b.dir/build.make CMakeFiles/cmTC_59e2b.dir/build
make[1]: Entering directory '/home/ttm4128/Downloads/janus-c-3.0.5/build/CMakeFiles/CMakeTmp'
Building C object CMakeFiles/cmTC_59e2b.dir/src.c.o
/usr/bin/cc  -I/home/ttm4128/Downloads/janus-c-3.0.5/external/libraries/x86-64bit-linux-glibc-gcc90/include  -fPIC -DJANUS_SYS_HAS_VSNPRINTF -std=c99 -Wall -Wshadow -pedantic   -o CMakeFiles/cmTC_59e2b.dir/src.c.o   -c /home/ttm4128/Downloads/janus-c-3.0.5/build/CMakeFiles/CMakeTmp/src.c
/home/ttm4128/Downloads/janus-c-3.0.5/build/CMakeFiles/CMakeTmp/src.c: In function ‘main’:
/home/ttm4128/Downloads/janus-c-3.0.5/build/CMakeFiles/CMakeTmp/src.c:4:1: error: unknown type name ‘size_t’
    4 | size_t xx;
      | ^~~~~~
/home/ttm4128/Downloads/janus-c-3.0.5/build/CMakeFiles/CMakeTmp/src.c:1:1: note: ‘size_t’ is defined in header ‘<stddef.h>’; did you forget to ‘#include <stddef.h>’?
  +++ |+#include <stddef.h>
    1 | 
/home/ttm4128/Downloads/janus-c-3.0.5/build/CMakeFiles/CMakeTmp/src.c:6:1: error: unknown type name ‘va_list’
    6 | va_list xxxx;
      | ^~~~~~~
/home/ttm4128/Downloads/janus-c-3.0.5/build/CMakeFiles/CMakeTmp/src.c:1:1: note: ‘va_list’ is defined in header ‘<stdarg.h>’; did you forget to ‘#include <stdarg.h>’?
  +++ |+#include <stdarg.h>
    1 | 
/home/ttm4128/Downloads/janus-c-3.0.5/build/CMakeFiles/CMakeTmp/src.c:8:11: warning: implicit declaration of function ‘vsnprintf’ [-Wimplicit-function-declaration]
    8 |  int rv = vsnprintf(&x, xx, &xxx, xxxx);
      |           ^~~~~~~~~
/home/ttm4128/Downloads/janus-c-3.0.5/build/CMakeFiles/CMakeTmp/src.c:8:25: warning: ‘vsnprintf’ argument 2 type is ‘int’ where ‘long unsigned int’ is expected in a call to built-in function declared without prototype [-Wbuiltin-declaration-mismatch]
    8 |  int rv = vsnprintf(&x, xx, &xxx, xxxx);
      |                         ^~
<built-in>: note: built-in ‘vsnprintf’ declared here
/home/ttm4128/Downloads/janus-c-3.0.5/build/CMakeFiles/CMakeTmp/src.c:8:35: warning: passing argument 4 of ‘vsnprintf’ makes pointer from integer without a cast [-Wint-conversion]
    8 |  int rv = vsnprintf(&x, xx, &xxx, xxxx);
      |                                   ^~~~
      |                                   |
      |                                   int
/home/ttm4128/Downloads/janus-c-3.0.5/build/CMakeFiles/CMakeTmp/src.c:8:35: note: expected ‘__va_list_tag *’ but argument is of type ‘int’
/home/ttm4128/Downloads/janus-c-3.0.5/build/CMakeFiles/CMakeTmp/src.c:8:6: warning: unused variable ‘rv’ [-Wunused-variable]
    8 |  int rv = vsnprintf(&x, xx, &xxx, xxxx);
      |      ^~
make[1]: *** [CMakeFiles/cmTC_59e2b.dir/build.make:66: CMakeFiles/cmTC_59e2b.dir/src.c.o] Error 1
make[1]: Leaving directory '/home/ttm4128/Downloads/janus-c-3.0.5/build/CMakeFiles/CMakeTmp'
make: *** [Makefile:121: cmTC_59e2b/fast] Error 2


Source file was:

int main(void) {
char x;
size_t xx;
char xxx;
va_list xxxx;

 int rv = vsnprintf(&x, xx, &xxx, xxxx);
return 0;
}

Performing C SOURCE FILE Test JANUS_SYS_HAS_VSNPRINTF_S failed with the following output:
Change Dir: /home/ttm4128/Downloads/janus-c-3.0.5/build/CMakeFiles/CMakeTmp

Run Build Command(s):/usr/bin/make cmTC_508e9/fast && /usr/bin/make -f CMakeFiles/cmTC_508e9.dir/build.make CMakeFiles/cmTC_508e9.dir/build
make[1]: Entering directory '/home/ttm4128/Downloads/janus-c-3.0.5/build/CMakeFiles/CMakeTmp'
Building C object CMakeFiles/cmTC_508e9.dir/src.c.o
/usr/bin/cc  -I/home/ttm4128/Downloads/janus-c-3.0.5/external/libraries/x86-64bit-linux-glibc-gcc90/include  -fPIC -DJANUS_SYS_HAS_VSNPRINTF_S -std=c99 -Wall -Wshadow -pedantic   -o CMakeFiles/cmTC_508e9.dir/src.c.o   -c /home/ttm4128/Downloads/janus-c-3.0.5/build/CMakeFiles/CMakeTmp/src.c
/home/ttm4128/Downloads/janus-c-3.0.5/build/CMakeFiles/CMakeTmp/src.c: In function ‘main’:
/home/ttm4128/Downloads/janus-c-3.0.5/build/CMakeFiles/CMakeTmp/src.c:4:1: error: unknown type name ‘size_t’
    4 | size_t xx;
      | ^~~~~~
/home/ttm4128/Downloads/janus-c-3.0.5/build/CMakeFiles/CMakeTmp/src.c:1:1: note: ‘size_t’ is defined in header ‘<stddef.h>’; did you forget to ‘#include <stddef.h>’?
  +++ |+#include <stddef.h>
    1 | 
/home/ttm4128/Downloads/janus-c-3.0.5/build/CMakeFiles/CMakeTmp/src.c:5:1: error: unknown type name ‘size_t’
    5 | size_t xxx;
      | ^~~~~~
/home/ttm4128/Downloads/janus-c-3.0.5/build/CMakeFiles/CMakeTmp/src.c:5:1: note: ‘size_t’ is defined in header ‘<stddef.h>’; did you forget to ‘#include <stddef.h>’?
/home/ttm4128/Downloads/janus-c-3.0.5/build/CMakeFiles/CMakeTmp/src.c:7:2: error: unknown type name ‘va_list’
    7 |  va_list xxxxx;
      |  ^~~~~~~
/home/ttm4128/Downloads/janus-c-3.0.5/build/CMakeFiles/CMakeTmp/src.c:1:1: note: ‘va_list’ is defined in header ‘<stdarg.h>’; did you forget to ‘#include <stdarg.h>’?
  +++ |+#include <stdarg.h>
    1 | 
/home/ttm4128/Downloads/janus-c-3.0.5/build/CMakeFiles/CMakeTmp/src.c:9:11: warning: implicit declaration of function ‘vsnprintf_s’ [-Wimplicit-function-declaration]
    9 |  int rv = vsnprintf_s(&x, xx, xxx, &xxxx, xxxxx);
      |           ^~~~~~~~~~~
/home/ttm4128/Downloads/janus-c-3.0.5/build/CMakeFiles/CMakeTmp/src.c:9:6: warning: unused variable ‘rv’ [-Wunused-variable]
    9 |  int rv = vsnprintf_s(&x, xx, xxx, &xxxx, xxxxx);
      |      ^~
make[1]: *** [CMakeFiles/cmTC_508e9.dir/build.make:66: CMakeFiles/cmTC_508e9.dir/src.c.o] Error 1
make[1]: Leaving directory '/home/ttm4128/Downloads/janus-c-3.0.5/build/CMakeFiles/CMakeTmp'
make: *** [Makefile:121: cmTC_508e9/fast] Error 2


Source file was:

int main(void) {
char x;
size_t xx;
size_t xxx;
char xxxx;
 va_list xxxxx;

 int rv = vsnprintf_s(&x, xx, xxx, &xxxx, xxxxx);
return 0;
}

Performing C SOURCE FILE Test JANUS_SYS_HAS_CLOSESOCKET failed with the following output:
Change Dir: /home/ttm4128/Downloads/janus-c-3.0.5/build/CMakeFiles/CMakeTmp

Run Build Command(s):/usr/bin/make cmTC_5c7d6/fast && /usr/bin/make -f CMakeFiles/cmTC_5c7d6.dir/build.make CMakeFiles/cmTC_5c7d6.dir/build
make[1]: Entering directory '/home/ttm4128/Downloads/janus-c-3.0.5/build/CMakeFiles/CMakeTmp'
Building C object CMakeFiles/cmTC_5c7d6.dir/src.c.o
/usr/bin/cc  -I/home/ttm4128/Downloads/janus-c-3.0.5/external/libraries/x86-64bit-linux-glibc-gcc90/include  -fPIC -DJANUS_SYS_HAS_CLOSESOCKET -std=c99 -Wall -Wshadow -pedantic   -o CMakeFiles/cmTC_5c7d6.dir/src.c.o   -c /home/ttm4128/Downloads/janus-c-3.0.5/build/CMakeFiles/CMakeTmp/src.c
/home/ttm4128/Downloads/janus-c-3.0.5/build/CMakeFiles/CMakeTmp/src.c: In function ‘main’:
/home/ttm4128/Downloads/janus-c-3.0.5/build/CMakeFiles/CMakeTmp/src.c:3:1: error: unknown type name ‘SOCKET’
    3 | SOCKET x;
      | ^~~~~~
/home/ttm4128/Downloads/janus-c-3.0.5/build/CMakeFiles/CMakeTmp/src.c:5:11: warning: implicit declaration of function ‘closesocket’ [-Wimplicit-function-declaration]
    5 |  int rv = closesocket(x);
      |           ^~~~~~~~~~~
/home/ttm4128/Downloads/janus-c-3.0.5/build/CMakeFiles/CMakeTmp/src.c:5:6: warning: unused variable ‘rv’ [-Wunused-variable]
    5 |  int rv = closesocket(x);
      |      ^~
make[1]: *** [CMakeFiles/cmTC_5c7d6.dir/build.make:66: CMakeFiles/cmTC_5c7d6.dir/src.c.o] Error 1
make[1]: Leaving directory '/home/ttm4128/Downloads/janus-c-3.0.5/build/CMakeFiles/CMakeTmp'
make: *** [Makefile:121: cmTC_5c7d6/fast] Error 2


Source file was:

int main(void) {
SOCKET x;

 int rv = closesocket(x);
return 0;
}

Performing C SOURCE FILE Test JANUS_SYS_HAS_PTHREAD_SIGMASK failed with the following output:
Change Dir: /home/ttm4128/Downloads/janus-c-3.0.5/build/CMakeFiles/CMakeTmp

Run Build Command(s):/usr/bin/make cmTC_52810/fast && /usr/bin/make -f CMakeFiles/cmTC_52810.dir/build.make CMakeFiles/cmTC_52810.dir/build
make[1]: Entering directory '/home/ttm4128/Downloads/janus-c-3.0.5/build/CMakeFiles/CMakeTmp'
Building C object CMakeFiles/cmTC_52810.dir/src.c.o
/usr/bin/cc  -I/home/ttm4128/Downloads/janus-c-3.0.5/external/libraries/x86-64bit-linux-glibc-gcc90/include  -fPIC -DJANUS_SYS_HAS_PTHREAD_SIGMASK -std=c99 -Wall -Wshadow -pedantic   -o CMakeFiles/cmTC_52810.dir/src.c.o   -c /home/ttm4128/Downloads/janus-c-3.0.5/build/CMakeFiles/CMakeTmp/src.c
/home/ttm4128/Downloads/janus-c-3.0.5/build/CMakeFiles/CMakeTmp/src.c: In function ‘main’:
/home/ttm4128/Downloads/janus-c-3.0.5/build/CMakeFiles/CMakeTmp/src.c:5:1: error: unknown type name ‘sigset_t’
    5 | sigset_t xx;
      | ^~~~~~~~
/home/ttm4128/Downloads/janus-c-3.0.5/build/CMakeFiles/CMakeTmp/src.c:6:1: error: unknown type name ‘sigset_t’
    6 | sigset_t xxx;
      | ^~~~~~~~
/home/ttm4128/Downloads/janus-c-3.0.5/build/CMakeFiles/CMakeTmp/src.c:8:11: warning: implicit declaration of function ‘pthread_sigmask’ [-Wimplicit-function-declaration]
    8 |  int rv = pthread_sigmask(x, &xx, &xxx);
      |           ^~~~~~~~~~~~~~~
/home/ttm4128/Downloads/janus-c-3.0.5/build/CMakeFiles/CMakeTmp/src.c:8:6: warning: unused variable ‘rv’ [-Wunused-variable]
    8 |  int rv = pthread_sigmask(x, &xx, &xxx);
      |      ^~
make[1]: *** [CMakeFiles/cmTC_52810.dir/build.make:66: CMakeFiles/cmTC_52810.dir/src.c.o] Error 1
make[1]: Leaving directory '/home/ttm4128/Downloads/janus-c-3.0.5/build/CMakeFiles/CMakeTmp'
make: *** [Makefile:121: cmTC_52810/fast] Error 2


Source file was:
#include <signal.h>

int main(void) {
int x;
sigset_t xx;
sigset_t xxx;

 int rv = pthread_sigmask(x, &xx, &xxx);
return 0;
}

Performing C SOURCE FILE Test JANUS_SYS_HAS_PTHREAD_KILL failed with the following output:
Change Dir: /home/ttm4128/Downloads/janus-c-3.0.5/build/CMakeFiles/CMakeTmp

Run Build Command(s):/usr/bin/make cmTC_8438c/fast && /usr/bin/make -f CMakeFiles/cmTC_8438c.dir/build.make CMakeFiles/cmTC_8438c.dir/build
make[1]: Entering directory '/home/ttm4128/Downloads/janus-c-3.0.5/build/CMakeFiles/CMakeTmp'
Building C object CMakeFiles/cmTC_8438c.dir/src.c.o
/usr/bin/cc  -I/home/ttm4128/Downloads/janus-c-3.0.5/external/libraries/x86-64bit-linux-glibc-gcc90/include  -fPIC -DJANUS_SYS_HAS_PTHREAD_KILL -std=c99 -Wall -Wshadow -pedantic   -o CMakeFiles/cmTC_8438c.dir/src.c.o   -c /home/ttm4128/Downloads/janus-c-3.0.5/build/CMakeFiles/CMakeTmp/src.c
/home/ttm4128/Downloads/janus-c-3.0.5/build/CMakeFiles/CMakeTmp/src.c: In function ‘main’:
/home/ttm4128/Downloads/janus-c-3.0.5/build/CMakeFiles/CMakeTmp/src.c:4:1: error: unknown type name ‘pthread_t’
    4 | pthread_t x;
      | ^~~~~~~~~
/home/ttm4128/Downloads/janus-c-3.0.5/build/CMakeFiles/CMakeTmp/src.c:7:11: warning: implicit declaration of function ‘pthread_kill’ [-Wimplicit-function-declaration]
    7 |  int rv = pthread_kill(x, xx);
      |           ^~~~~~~~~~~~
/home/ttm4128/Downloads/janus-c-3.0.5/build/CMakeFiles/CMakeTmp/src.c:7:6: warning: unused variable ‘rv’ [-Wunused-variable]
    7 |  int rv = pthread_kill(x, xx);
      |      ^~
make[1]: *** [CMakeFiles/cmTC_8438c.dir/build.make:66: CMakeFiles/cmTC_8438c.dir/src.c.o] Error 1
make[1]: Leaving directory '/home/ttm4128/Downloads/janus-c-3.0.5/build/CMakeFiles/CMakeTmp'
make: *** [Makefile:121: cmTC_8438c/fast] Error 2


Source file was:
#include <signal.h>

int main(void) {
pthread_t x;
int xx;

 int rv = pthread_kill(x, xx);
return 0;
}

Performing C SOURCE FILE Test JANUS_SYS_HAS_PTHREAD_BARRIER failed with the following output:
Change Dir: /home/ttm4128/Downloads/janus-c-3.0.5/build/CMakeFiles/CMakeTmp

Run Build Command(s):/usr/bin/make cmTC_0ddbd/fast && /usr/bin/make -f CMakeFiles/cmTC_0ddbd.dir/build.make CMakeFiles/cmTC_0ddbd.dir/build
make[1]: Entering directory '/home/ttm4128/Downloads/janus-c-3.0.5/build/CMakeFiles/CMakeTmp'
Building C object CMakeFiles/cmTC_0ddbd.dir/src.c.o
/usr/bin/cc  -I/home/ttm4128/Downloads/janus-c-3.0.5/external/libraries/x86-64bit-linux-glibc-gcc90/include  -fPIC -DJANUS_SYS_HAS_PTHREAD_BARRIER -std=c99 -Wall -Wshadow -pedantic   -o CMakeFiles/cmTC_0ddbd.dir/src.c.o   -c /home/ttm4128/Downloads/janus-c-3.0.5/build/CMakeFiles/CMakeTmp/src.c
/home/ttm4128/Downloads/janus-c-3.0.5/build/CMakeFiles/CMakeTmp/src.c: In function ‘main’:
/home/ttm4128/Downloads/janus-c-3.0.5/build/CMakeFiles/CMakeTmp/src.c:4:1: error: unknown type name ‘pthread_barrier_t’; did you mean ‘pthread_attr_t’?
    4 | pthread_barrier_t x;
      | ^~~~~~~~~~~~~~~~~
      | pthread_attr_t
/home/ttm4128/Downloads/janus-c-3.0.5/build/CMakeFiles/CMakeTmp/src.c:5:1: error: unknown type name ‘pthread_barrierattr_t’; did you mean ‘pthread_mutexattr_t’?
    5 | pthread_barrierattr_t xx;
      | ^~~~~~~~~~~~~~~~~~~~~
      | pthread_mutexattr_t
/home/ttm4128/Downloads/janus-c-3.0.5/build/CMakeFiles/CMakeTmp/src.c:8:11: warning: implicit declaration of function ‘pthread_barrier_init’; did you mean ‘pthread_attr_init’? [-Wimplicit-function-declaration]
    8 |  int rv = pthread_barrier_init(&x, &xx, xxx);
      |           ^~~~~~~~~~~~~~~~~~~~
      |           pthread_attr_init
/home/ttm4128/Downloads/janus-c-3.0.5/build/CMakeFiles/CMakeTmp/src.c:8:6: warning: unused variable ‘rv’ [-Wunused-variable]
    8 |  int rv = pthread_barrier_init(&x, &xx, xxx);
      |      ^~
make[1]: *** [CMakeFiles/cmTC_0ddbd.dir/build.make:66: CMakeFiles/cmTC_0ddbd.dir/src.c.o] Error 1
make[1]: Leaving directory '/home/ttm4128/Downloads/janus-c-3.0.5/build/CMakeFiles/CMakeTmp'
make: *** [Makefile:121: cmTC_0ddbd/fast] Error 2


Source file was:
#include <pthread.h>

int main(void) {
pthread_barrier_t x;
pthread_barrierattr_t xx;
unsigned xxx;

 int rv = pthread_barrier_init(&x, &xx, xxx);
return 0;
}

Performing C SOURCE FILE Test JANUS_SYS_HAS_PTHREAD_RWLOCK failed with the following output:
Change Dir: /home/ttm4128/Downloads/janus-c-3.0.5/build/CMakeFiles/CMakeTmp

Run Build Command(s):/usr/bin/make cmTC_ab021/fast && /usr/bin/make -f CMakeFiles/cmTC_ab021.dir/build.make CMakeFiles/cmTC_ab021.dir/build
make[1]: Entering directory '/home/ttm4128/Downloads/janus-c-3.0.5/build/CMakeFiles/CMakeTmp'
Building C object CMakeFiles/cmTC_ab021.dir/src.c.o
/usr/bin/cc  -I/home/ttm4128/Downloads/janus-c-3.0.5/external/libraries/x86-64bit-linux-glibc-gcc90/include  -fPIC -DJANUS_SYS_HAS_PTHREAD_RWLOCK -std=c99 -Wall -Wshadow -pedantic   -o CMakeFiles/cmTC_ab021.dir/src.c.o   -c /home/ttm4128/Downloads/janus-c-3.0.5/build/CMakeFiles/CMakeTmp/src.c
/home/ttm4128/Downloads/janus-c-3.0.5/build/CMakeFiles/CMakeTmp/src.c: In function ‘main’:
/home/ttm4128/Downloads/janus-c-3.0.5/build/CMakeFiles/CMakeTmp/src.c:4:1: error: unknown type name ‘pthread_rwlock_t’; did you mean ‘pthread_cond_t’?
    4 | pthread_rwlock_t x;
      | ^~~~~~~~~~~~~~~~
      | pthread_cond_t
/home/ttm4128/Downloads/janus-c-3.0.5/build/CMakeFiles/CMakeTmp/src.c:5:1: error: unknown type name ‘pthread_rwlockattr_t’; did you mean ‘pthread_condattr_t’?
    5 | pthread_rwlockattr_t xx;
      | ^~~~~~~~~~~~~~~~~~~~
      | pthread_condattr_t
/home/ttm4128/Downloads/janus-c-3.0.5/build/CMakeFiles/CMakeTmp/src.c:7:11: warning: implicit declaration of function ‘pthread_rwlock_init’; did you mean ‘pthread_cond_init’? [-Wimplicit-function-declaration]
    7 |  int rv = pthread_rwlock_init(&x, &xx);
      |           ^~~~~~~~~~~~~~~~~~~
      |           pthread_cond_init
/home/ttm4128/Downloads/janus-c-3.0.5/build/CMakeFiles/CMakeTmp/src.c:7:6: warning: unused variable ‘rv’ [-Wunused-variable]
    7 |  int rv = pthread_rwlock_init(&x, &xx);
      |      ^~
make[1]: *** [CMakeFiles/cmTC_ab021.dir/build.make:66: CMakeFiles/cmTC_ab021.dir/src.c.o] Error 1
make[1]: Leaving directory '/home/ttm4128/Downloads/janus-c-3.0.5/build/CMakeFiles/CMakeTmp'
make: *** [Makefile:121: cmTC_ab021/fast] Error 2


Source file was:
#include <pthread.h>

int main(void) {
pthread_rwlock_t x;
pthread_rwlockattr_t xx;

 int rv = pthread_rwlock_init(&x, &xx);
return 0;
}

Performing C SOURCE FILE Test JANUS_SYS_HAS_PTHREAD_CONDATTR_SETCLOCK failed with the following output:
Change Dir: /home/ttm4128/Downloads/janus-c-3.0.5/build/CMakeFiles/CMakeTmp

Run Build Command(s):/usr/bin/make cmTC_cfac2/fast && /usr/bin/make -f CMakeFiles/cmTC_cfac2.dir/build.make CMakeFiles/cmTC_cfac2.dir/build
make[1]: Entering directory '/home/ttm4128/Downloads/janus-c-3.0.5/build/CMakeFiles/CMakeTmp'
Building C object CMakeFiles/cmTC_cfac2.dir/src.c.o
/usr/bin/cc  -I/home/ttm4128/Downloads/janus-c-3.0.5/external/libraries/x86-64bit-linux-glibc-gcc90/include  -fPIC -DJANUS_SYS_HAS_PTHREAD_CONDATTR_SETCLOCK -std=c99 -Wall -Wshadow -pedantic   -o CMakeFiles/cmTC_cfac2.dir/src.c.o   -c /home/ttm4128/Downloads/janus-c-3.0.5/build/CMakeFiles/CMakeTmp/src.c
/home/ttm4128/Downloads/janus-c-3.0.5/build/CMakeFiles/CMakeTmp/src.c: In function ‘main’:
/home/ttm4128/Downloads/janus-c-3.0.5/build/CMakeFiles/CMakeTmp/src.c:5:1: error: unknown type name ‘clockid_t’; did you mean ‘clock_t’?
    5 | clockid_t xx;
      | ^~~~~~~~~
      | clock_t
/home/ttm4128/Downloads/janus-c-3.0.5/build/CMakeFiles/CMakeTmp/src.c:7:11: warning: implicit declaration of function ‘pthread_condattr_setclock’; did you mean ‘pthread_condattr_destroy’? [-Wimplicit-function-declaration]
    7 |  int rv = pthread_condattr_setclock(&x, xx);
      |           ^~~~~~~~~~~~~~~~~~~~~~~~~
      |           pthread_condattr_destroy
/home/ttm4128/Downloads/janus-c-3.0.5/build/CMakeFiles/CMakeTmp/src.c:7:6: warning: unused variable ‘rv’ [-Wunused-variable]
    7 |  int rv = pthread_condattr_setclock(&x, xx);
      |      ^~
make[1]: *** [CMakeFiles/cmTC_cfac2.dir/build.make:66: CMakeFiles/cmTC_cfac2.dir/src.c.o] Error 1
make[1]: Leaving directory '/home/ttm4128/Downloads/janus-c-3.0.5/build/CMakeFiles/CMakeTmp'
make: *** [Makefile:121: cmTC_cfac2/fast] Error 2


Source file was:
#include <pthread.h>

int main(void) {
pthread_condattr_t x;
clockid_t xx;

 int rv = pthread_condattr_setclock(&x, xx);
return 0;
}

Performing C SOURCE FILE Test JANUS_SYS_HAS_SIGACTION failed with the following output:
Change Dir: /home/ttm4128/Downloads/janus-c-3.0.5/build/CMakeFiles/CMakeTmp

Run Build Command(s):/usr/bin/make cmTC_c0e06/fast && /usr/bin/make -f CMakeFiles/cmTC_c0e06.dir/build.make CMakeFiles/cmTC_c0e06.dir/build
make[1]: Entering directory '/home/ttm4128/Downloads/janus-c-3.0.5/build/CMakeFiles/CMakeTmp'
Building C object CMakeFiles/cmTC_c0e06.dir/src.c.o
/usr/bin/cc  -I/home/ttm4128/Downloads/janus-c-3.0.5/external/libraries/x86-64bit-linux-glibc-gcc90/include  -fPIC -DJANUS_SYS_HAS_SIGACTION -std=c99 -Wall -Wshadow -pedantic   -o CMakeFiles/cmTC_c0e06.dir/src.c.o   -c /home/ttm4128/Downloads/janus-c-3.0.5/build/CMakeFiles/CMakeTmp/src.c
/home/ttm4128/Downloads/janus-c-3.0.5/build/CMakeFiles/CMakeTmp/src.c: In function ‘main’:
/home/ttm4128/Downloads/janus-c-3.0.5/build/CMakeFiles/CMakeTmp/src.c:5:18: error: storage size of ‘xx’ isn’t known
    5 | struct sigaction xx;
      |                  ^~
/home/ttm4128/Downloads/janus-c-3.0.5/build/CMakeFiles/CMakeTmp/src.c:6:18: error: storage size of ‘xxx’ isn’t known
    6 | struct sigaction xxx;
      |                  ^~~
/home/ttm4128/Downloads/janus-c-3.0.5/build/CMakeFiles/CMakeTmp/src.c:8:11: warning: implicit declaration of function ‘sigaction’ [-Wimplicit-function-declaration]
    8 |  int rv = sigaction(x, &xx, &xxx);
      |           ^~~~~~~~~
/home/ttm4128/Downloads/janus-c-3.0.5/build/CMakeFiles/CMakeTmp/src.c:8:6: warning: unused variable ‘rv’ [-Wunused-variable]
    8 |  int rv = sigaction(x, &xx, &xxx);
      |      ^~
/home/ttm4128/Downloads/janus-c-3.0.5/build/CMakeFiles/CMakeTmp/src.c:6:18: warning: unused variable ‘xxx’ [-Wunused-variable]
    6 | struct sigaction xxx;
      |                  ^~~
/home/ttm4128/Downloads/janus-c-3.0.5/build/CMakeFiles/CMakeTmp/src.c:5:18: warning: unused variable ‘xx’ [-Wunused-variable]
    5 | struct sigaction xx;
      |                  ^~
make[1]: *** [CMakeFiles/cmTC_c0e06.dir/build.make:66: CMakeFiles/cmTC_c0e06.dir/src.c.o] Error 1
make[1]: Leaving directory '/home/ttm4128/Downloads/janus-c-3.0.5/build/CMakeFiles/CMakeTmp'
make: *** [Makefile:121: cmTC_c0e06/fast] Error 2


Source file was:
#include <signal.h>

int main(void) {
int x;
struct sigaction xx;
struct sigaction xxx;

 int rv = sigaction(x, &xx, &xxx);
return 0;
}

Performing C SOURCE FILE Test JANUS_SYS_HAS__GETCWD failed with the following output:
Change Dir: /home/ttm4128/Downloads/janus-c-3.0.5/build/CMakeFiles/CMakeTmp

Run Build Command(s):/usr/bin/make cmTC_a9d42/fast && /usr/bin/make -f CMakeFiles/cmTC_a9d42.dir/build.make CMakeFiles/cmTC_a9d42.dir/build
make[1]: Entering directory '/home/ttm4128/Downloads/janus-c-3.0.5/build/CMakeFiles/CMakeTmp'
Building C object CMakeFiles/cmTC_a9d42.dir/src.c.o
/usr/bin/cc  -I/home/ttm4128/Downloads/janus-c-3.0.5/external/libraries/x86-64bit-linux-glibc-gcc90/include  -fPIC -DJANUS_SYS_HAS__GETCWD -std=c99 -Wall -Wshadow -pedantic   -o CMakeFiles/cmTC_a9d42.dir/src.c.o   -c /home/ttm4128/Downloads/janus-c-3.0.5/build/CMakeFiles/CMakeTmp/src.c
/home/ttm4128/Downloads/janus-c-3.0.5/build/CMakeFiles/CMakeTmp/src.c: In function ‘main’:
/home/ttm4128/Downloads/janus-c-3.0.5/build/CMakeFiles/CMakeTmp/src.c:6:13: warning: implicit declaration of function ‘_getcwd’ [-Wimplicit-function-declaration]
    6 |  char* rv = _getcwd(&x, xx);
      |             ^~~~~~~
/home/ttm4128/Downloads/janus-c-3.0.5/build/CMakeFiles/CMakeTmp/src.c:6:13: warning: initialization of ‘char *’ from ‘int’ makes pointer from integer without a cast [-Wint-conversion]
/home/ttm4128/Downloads/janus-c-3.0.5/build/CMakeFiles/CMakeTmp/src.c:6:8: warning: unused variable ‘rv’ [-Wunused-variable]
    6 |  char* rv = _getcwd(&x, xx);
      |        ^~
/home/ttm4128/Downloads/janus-c-3.0.5/build/CMakeFiles/CMakeTmp/src.c:6:13: warning: ‘xx’ is used uninitialized in this function [-Wuninitialized]
    6 |  char* rv = _getcwd(&x, xx);
      |             ^~~~~~~~~~~~~~~
Linking C executable cmTC_a9d42
/usr/bin/cmake -E cmake_link_script CMakeFiles/cmTC_a9d42.dir/link.txt --verbose=1
/usr/bin/cc  -fPIC -DJANUS_SYS_HAS__GETCWD -std=c99 -Wall -Wshadow -pedantic    -rdynamic CMakeFiles/cmTC_a9d42.dir/src.c.o  -o cmTC_a9d42  -lrt -lpthread -lm -lnsl -ldl 
/usr/bin/ld: CMakeFiles/cmTC_a9d42.dir/src.c.o: in function `main':
src.c:(.text+0x2d): undefined reference to `_getcwd'
collect2: error: ld returned 1 exit status
make[1]: *** [CMakeFiles/cmTC_a9d42.dir/build.make:87: cmTC_a9d42] Error 1
make[1]: Leaving directory '/home/ttm4128/Downloads/janus-c-3.0.5/build/CMakeFiles/CMakeTmp'
make: *** [Makefile:121: cmTC_a9d42/fast] Error 2


Source file was:

int main(void) {
char x;
int xx;

 char* rv = _getcwd(&x, xx);
return 0;
}

Performing C SOURCE FILE Test JANUS_SYS_HAS_FORMAT_MESSAGE failed with the following output:
Change Dir: /home/ttm4128/Downloads/janus-c-3.0.5/build/CMakeFiles/CMakeTmp

Run Build Command(s):/usr/bin/make cmTC_3c2b5/fast && /usr/bin/make -f CMakeFiles/cmTC_3c2b5.dir/build.make CMakeFiles/cmTC_3c2b5.dir/build
make[1]: Entering directory '/home/ttm4128/Downloads/janus-c-3.0.5/build/CMakeFiles/CMakeTmp'
Building C object CMakeFiles/cmTC_3c2b5.dir/src.c.o
/usr/bin/cc  -I/home/ttm4128/Downloads/janus-c-3.0.5/external/libraries/x86-64bit-linux-glibc-gcc90/include  -fPIC -DJANUS_SYS_HAS_FORMAT_MESSAGE -std=c99 -Wall -Wshadow -pedantic   -o CMakeFiles/cmTC_3c2b5.dir/src.c.o   -c /home/ttm4128/Downloads/janus-c-3.0.5/build/CMakeFiles/CMakeTmp/src.c
/home/ttm4128/Downloads/janus-c-3.0.5/build/CMakeFiles/CMakeTmp/src.c: In function ‘main’:
/home/ttm4128/Downloads/janus-c-3.0.5/build/CMakeFiles/CMakeTmp/src.c:3:1: error: unknown type name ‘DWORD’
    3 | DWORD x;
      | ^~~~~
/home/ttm4128/Downloads/janus-c-3.0.5/build/CMakeFiles/CMakeTmp/src.c:5:1: error: unknown type name ‘DWORD’
    5 | DWORD xxx;
      | ^~~~~
/home/ttm4128/Downloads/janus-c-3.0.5/build/CMakeFiles/CMakeTmp/src.c:6:1: error: unknown type name ‘DWORD’
    6 | DWORD xxxx;
      | ^~~~~
/home/ttm4128/Downloads/janus-c-3.0.5/build/CMakeFiles/CMakeTmp/src.c:8:1: error: unknown type name ‘DWORD’
    8 | DWORD xxxxxx;
      | ^~~~~
/home/ttm4128/Downloads/janus-c-3.0.5/build/CMakeFiles/CMakeTmp/src.c:9:1: error: unknown type name ‘va_list’
    9 | va_list xxxxxxx;
      | ^~~~~~~
/home/ttm4128/Downloads/janus-c-3.0.5/build/CMakeFiles/CMakeTmp/src.c:1:1: note: ‘va_list’ is defined in header ‘<stdarg.h>’; did you forget to ‘#include <stdarg.h>’?
  +++ |+#include <stdarg.h>
    1 | 
/home/ttm4128/Downloads/janus-c-3.0.5/build/CMakeFiles/CMakeTmp/src.c:11:2: error: unknown type name ‘DWORD’
   11 |  DWORD rv = FormatMessage(x, &xx, xxx, xxxx, &xxxxx, xxxxxx, &xxxxxxx);
      |  ^~~~~
/home/ttm4128/Downloads/janus-c-3.0.5/build/CMakeFiles/CMakeTmp/src.c:11:13: warning: implicit declaration of function ‘FormatMessage’ [-Wimplicit-function-declaration]
   11 |  DWORD rv = FormatMessage(x, &xx, xxx, xxxx, &xxxxx, xxxxxx, &xxxxxxx);
      |             ^~~~~~~~~~~~~
/home/ttm4128/Downloads/janus-c-3.0.5/build/CMakeFiles/CMakeTmp/src.c:11:8: warning: unused variable ‘rv’ [-Wunused-variable]
   11 |  DWORD rv = FormatMessage(x, &xx, xxx, xxxx, &xxxxx, xxxxxx, &xxxxxxx);
      |        ^~
make[1]: *** [CMakeFiles/cmTC_3c2b5.dir/build.make:66: CMakeFiles/cmTC_3c2b5.dir/src.c.o] Error 1
make[1]: Leaving directory '/home/ttm4128/Downloads/janus-c-3.0.5/build/CMakeFiles/CMakeTmp'
make: *** [Makefile:121: cmTC_3c2b5/fast] Error 2


Source file was:

int main(void) {
DWORD x;
char xx;
DWORD xxx;
DWORD xxxx;
char xxxxx;
DWORD xxxxxx;
va_list xxxxxxx;

 DWORD rv = FormatMessage(x, &xx, xxx, xxxx, &xxxxx, xxxxxx, &xxxxxxx);
return 0;
}

Performing C SOURCE FILE Test JANUS_SYS_HAS_CLOCK_NANOSLEEP failed with the following output:
Change Dir: /home/ttm4128/Downloads/janus-c-3.0.5/build/CMakeFiles/CMakeTmp

Run Build Command(s):/usr/bin/make cmTC_10221/fast && /usr/bin/make -f CMakeFiles/cmTC_10221.dir/build.make CMakeFiles/cmTC_10221.dir/build
make[1]: Entering directory '/home/ttm4128/Downloads/janus-c-3.0.5/build/CMakeFiles/CMakeTmp'
Building C object CMakeFiles/cmTC_10221.dir/src.c.o
/usr/bin/cc  -I/home/ttm4128/Downloads/janus-c-3.0.5/external/libraries/x86-64bit-linux-glibc-gcc90/include  -fPIC -DJANUS_SYS_HAS_CLOCK_NANOSLEEP -std=c99 -Wall -Wshadow -pedantic   -o CMakeFiles/cmTC_10221.dir/src.c.o   -c /home/ttm4128/Downloads/janus-c-3.0.5/build/CMakeFiles/CMakeTmp/src.c
/home/ttm4128/Downloads/janus-c-3.0.5/build/CMakeFiles/CMakeTmp/src.c: In function ‘main’:
/home/ttm4128/Downloads/janus-c-3.0.5/build/CMakeFiles/CMakeTmp/src.c:4:1: error: unknown type name ‘clockid_t’; did you mean ‘clock_t’?
    4 | clockid_t x;
      | ^~~~~~~~~
      | clock_t
/home/ttm4128/Downloads/janus-c-3.0.5/build/CMakeFiles/CMakeTmp/src.c:6:17: error: storage size of ‘xxx’ isn’t known
    6 | struct timespec xxx;
      |                 ^~~
/home/ttm4128/Downloads/janus-c-3.0.5/build/CMakeFiles/CMakeTmp/src.c:7:17: error: storage size of ‘xxxx’ isn’t known
    7 | struct timespec xxxx;
      |                 ^~~~
/home/ttm4128/Downloads/janus-c-3.0.5/build/CMakeFiles/CMakeTmp/src.c:9:11: warning: implicit declaration of function ‘clock_nanosleep’ [-Wimplicit-function-declaration]
    9 |  int rv = clock_nanosleep(x, xx, &xxx, &xxxx);
      |           ^~~~~~~~~~~~~~~
/home/ttm4128/Downloads/janus-c-3.0.5/build/CMakeFiles/CMakeTmp/src.c:9:6: warning: unused variable ‘rv’ [-Wunused-variable]
    9 |  int rv = clock_nanosleep(x, xx, &xxx, &xxxx);
      |      ^~
/home/ttm4128/Downloads/janus-c-3.0.5/build/CMakeFiles/CMakeTmp/src.c:7:17: warning: unused variable ‘xxxx’ [-Wunused-variable]
    7 | struct timespec xxxx;
      |                 ^~~~
/home/ttm4128/Downloads/janus-c-3.0.5/build/CMakeFiles/CMakeTmp/src.c:6:17: warning: unused variable ‘xxx’ [-Wunused-variable]
    6 | struct timespec xxx;
      |                 ^~~
make[1]: *** [CMakeFiles/cmTC_10221.dir/build.make:66: CMakeFiles/cmTC_10221.dir/src.c.o] Error 1
make[1]: Leaving directory '/home/ttm4128/Downloads/janus-c-3.0.5/build/CMakeFiles/CMakeTmp'
make: *** [Makefile:121: cmTC_10221/fast] Error 2


Source file was:
#include <time.h>

int main(void) {
clockid_t x;
int xx;
struct timespec xxx;
struct timespec xxxx;

 int rv = clock_nanosleep(x, xx, &xxx, &xxxx);
return 0;
}

Performing C SOURCE FILE Test JANUS_SYS_HAS_NANOSLEEP failed with the following output:
Change Dir: /home/ttm4128/Downloads/janus-c-3.0.5/build/CMakeFiles/CMakeTmp

Run Build Command(s):/usr/bin/make cmTC_cc51e/fast && /usr/bin/make -f CMakeFiles/cmTC_cc51e.dir/build.make CMakeFiles/cmTC_cc51e.dir/build
make[1]: Entering directory '/home/ttm4128/Downloads/janus-c-3.0.5/build/CMakeFiles/CMakeTmp'
Building C object CMakeFiles/cmTC_cc51e.dir/src.c.o
/usr/bin/cc  -I/home/ttm4128/Downloads/janus-c-3.0.5/external/libraries/x86-64bit-linux-glibc-gcc90/include  -fPIC -DJANUS_SYS_HAS_NANOSLEEP -std=c99 -Wall -Wshadow -pedantic   -o CMakeFiles/cmTC_cc51e.dir/src.c.o   -c /home/ttm4128/Downloads/janus-c-3.0.5/build/CMakeFiles/CMakeTmp/src.c
/home/ttm4128/Downloads/janus-c-3.0.5/build/CMakeFiles/CMakeTmp/src.c: In function ‘main’:
/home/ttm4128/Downloads/janus-c-3.0.5/build/CMakeFiles/CMakeTmp/src.c:4:17: error: storage size of ‘x’ isn’t known
    4 | struct timespec x;
      |                 ^
/home/ttm4128/Downloads/janus-c-3.0.5/build/CMakeFiles/CMakeTmp/src.c:5:17: error: storage size of ‘xx’ isn’t known
    5 | struct timespec xx;
      |                 ^~
/home/ttm4128/Downloads/janus-c-3.0.5/build/CMakeFiles/CMakeTmp/src.c:7:11: warning: implicit declaration of function ‘nanosleep’ [-Wimplicit-function-declaration]
    7 |  int rv = nanosleep(&x, &xx);
      |           ^~~~~~~~~
/home/ttm4128/Downloads/janus-c-3.0.5/build/CMakeFiles/CMakeTmp/src.c:7:6: warning: unused variable ‘rv’ [-Wunused-variable]
    7 |  int rv = nanosleep(&x, &xx);
      |      ^~
/home/ttm4128/Downloads/janus-c-3.0.5/build/CMakeFiles/CMakeTmp/src.c:5:17: warning: unused variable ‘xx’ [-Wunused-variable]
    5 | struct timespec xx;
      |                 ^~
/home/ttm4128/Downloads/janus-c-3.0.5/build/CMakeFiles/CMakeTmp/src.c:4:17: warning: unused variable ‘x’ [-Wunused-variable]
    4 | struct timespec x;
      |                 ^
make[1]: *** [CMakeFiles/cmTC_cc51e.dir/build.make:66: CMakeFiles/cmTC_cc51e.dir/src.c.o] Error 1
make[1]: Leaving directory '/home/ttm4128/Downloads/janus-c-3.0.5/build/CMakeFiles/CMakeTmp'
make: *** [Makefile:121: cmTC_cc51e/fast] Error 2


Source file was:
#include <time.h>

int main(void) {
struct timespec x;
struct timespec xx;

 int rv = nanosleep(&x, &xx);
return 0;
}

Performing C SOURCE FILE Test JANUS_SYS_HAS_CLOCK_GETTIME failed with the following output:
Change Dir: /home/ttm4128/Downloads/janus-c-3.0.5/build/CMakeFiles/CMakeTmp

Run Build Command(s):/usr/bin/make cmTC_4c22c/fast && /usr/bin/make -f CMakeFiles/cmTC_4c22c.dir/build.make CMakeFiles/cmTC_4c22c.dir/build
make[1]: Entering directory '/home/ttm4128/Downloads/janus-c-3.0.5/build/CMakeFiles/CMakeTmp'
Building C object CMakeFiles/cmTC_4c22c.dir/src.c.o
/usr/bin/cc  -I/home/ttm4128/Downloads/janus-c-3.0.5/external/libraries/x86-64bit-linux-glibc-gcc90/include  -fPIC -DJANUS_SYS_HAS_CLOCK_GETTIME -std=c99 -Wall -Wshadow -pedantic   -o CMakeFiles/cmTC_4c22c.dir/src.c.o   -c /home/ttm4128/Downloads/janus-c-3.0.5/build/CMakeFiles/CMakeTmp/src.c
/home/ttm4128/Downloads/janus-c-3.0.5/build/CMakeFiles/CMakeTmp/src.c: In function ‘main’:
/home/ttm4128/Downloads/janus-c-3.0.5/build/CMakeFiles/CMakeTmp/src.c:4:1: error: unknown type name ‘clockid_t’; did you mean ‘clock_t’?
    4 | clockid_t x;
      | ^~~~~~~~~
      | clock_t
/home/ttm4128/Downloads/janus-c-3.0.5/build/CMakeFiles/CMakeTmp/src.c:5:17: error: storage size of ‘xx’ isn’t known
    5 | struct timespec xx;
      |                 ^~
/home/ttm4128/Downloads/janus-c-3.0.5/build/CMakeFiles/CMakeTmp/src.c:7:11: warning: implicit declaration of function ‘clock_gettime’ [-Wimplicit-function-declaration]
    7 |  int rv = clock_gettime(x, &xx);
      |           ^~~~~~~~~~~~~
/home/ttm4128/Downloads/janus-c-3.0.5/build/CMakeFiles/CMakeTmp/src.c:7:6: warning: unused variable ‘rv’ [-Wunused-variable]
    7 |  int rv = clock_gettime(x, &xx);
      |      ^~
/home/ttm4128/Downloads/janus-c-3.0.5/build/CMakeFiles/CMakeTmp/src.c:5:17: warning: unused variable ‘xx’ [-Wunused-variable]
    5 | struct timespec xx;
      |                 ^~
make[1]: *** [CMakeFiles/cmTC_4c22c.dir/build.make:66: CMakeFiles/cmTC_4c22c.dir/src.c.o] Error 1
make[1]: Leaving directory '/home/ttm4128/Downloads/janus-c-3.0.5/build/CMakeFiles/CMakeTmp'
make: *** [Makefile:121: cmTC_4c22c/fast] Error 2


Source file was:
#include <time.h>

int main(void) {
clockid_t x;
struct timespec xx;

 int rv = clock_gettime(x, &xx);
return 0;
}

Performing C SOURCE FILE Test JANUS_SYS_HAS_GET_SYSTEM_TIME_AS_FILE_TIME failed with the following output:
Change Dir: /home/ttm4128/Downloads/janus-c-3.0.5/build/CMakeFiles/CMakeTmp

Run Build Command(s):/usr/bin/make cmTC_c2b17/fast && /usr/bin/make -f CMakeFiles/cmTC_c2b17.dir/build.make CMakeFiles/cmTC_c2b17.dir/build
make[1]: Entering directory '/home/ttm4128/Downloads/janus-c-3.0.5/build/CMakeFiles/CMakeTmp'
Building C object CMakeFiles/cmTC_c2b17.dir/src.c.o
/usr/bin/cc  -I/home/ttm4128/Downloads/janus-c-3.0.5/external/libraries/x86-64bit-linux-glibc-gcc90/include  -fPIC -DJANUS_SYS_HAS_GET_SYSTEM_TIME_AS_FILE_TIME -std=c99 -Wall -Wshadow -pedantic   -o CMakeFiles/cmTC_c2b17.dir/src.c.o   -c /home/ttm4128/Downloads/janus-c-3.0.5/build/CMakeFiles/CMakeTmp/src.c
/home/ttm4128/Downloads/janus-c-3.0.5/build/CMakeFiles/CMakeTmp/src.c: In function ‘main’:
/home/ttm4128/Downloads/janus-c-3.0.5/build/CMakeFiles/CMakeTmp/src.c:3:1: error: unknown type name ‘FILETIME’
    3 | FILETIME x;
      | ^~~~~~~~
/home/ttm4128/Downloads/janus-c-3.0.5/build/CMakeFiles/CMakeTmp/src.c:5:1: warning: implicit declaration of function ‘GetSystemTimeAsFileTime’ [-Wimplicit-function-declaration]
    5 | GetSystemTimeAsFileTime(&x);
      | ^~~~~~~~~~~~~~~~~~~~~~~
make[1]: *** [CMakeFiles/cmTC_c2b17.dir/build.make:66: CMakeFiles/cmTC_c2b17.dir/src.c.o] Error 1
make[1]: Leaving directory '/home/ttm4128/Downloads/janus-c-3.0.5/build/CMakeFiles/CMakeTmp'
make: *** [Makefile:121: cmTC_c2b17/fast] Error 2


Source file was:

int main(void) {
FILETIME x;

GetSystemTimeAsFileTime(&x);
return 0;
}

Performing C SOURCE FILE Test JANUS_SYS_HAS_GET_LAST_ERROR failed with the following output:
Change Dir: /home/ttm4128/Downloads/janus-c-3.0.5/build/CMakeFiles/CMakeTmp

Run Build Command(s):/usr/bin/make cmTC_d23cb/fast && /usr/bin/make -f CMakeFiles/cmTC_d23cb.dir/build.make CMakeFiles/cmTC_d23cb.dir/build
make[1]: Entering directory '/home/ttm4128/Downloads/janus-c-3.0.5/build/CMakeFiles/CMakeTmp'
Building C object CMakeFiles/cmTC_d23cb.dir/src.c.o
/usr/bin/cc  -I/home/ttm4128/Downloads/janus-c-3.0.5/external/libraries/x86-64bit-linux-glibc-gcc90/include  -fPIC -DJANUS_SYS_HAS_GET_LAST_ERROR -std=c99 -Wall -Wshadow -pedantic   -o CMakeFiles/cmTC_d23cb.dir/src.c.o   -c /home/ttm4128/Downloads/janus-c-3.0.5/build/CMakeFiles/CMakeTmp/src.c
/home/ttm4128/Downloads/janus-c-3.0.5/build/CMakeFiles/CMakeTmp/src.c: In function ‘main’:
/home/ttm4128/Downloads/janus-c-3.0.5/build/CMakeFiles/CMakeTmp/src.c:4:2: error: unknown type name ‘DWORD’
    4 |  DWORD rv = GetLastError();
      |  ^~~~~
/home/ttm4128/Downloads/janus-c-3.0.5/build/CMakeFiles/CMakeTmp/src.c:4:13: warning: implicit declaration of function ‘GetLastError’ [-Wimplicit-function-declaration]
    4 |  DWORD rv = GetLastError();
      |             ^~~~~~~~~~~~
/home/ttm4128/Downloads/janus-c-3.0.5/build/CMakeFiles/CMakeTmp/src.c:4:8: warning: unused variable ‘rv’ [-Wunused-variable]
    4 |  DWORD rv = GetLastError();
      |        ^~
make[1]: *** [CMakeFiles/cmTC_d23cb.dir/build.make:66: CMakeFiles/cmTC_d23cb.dir/src.c.o] Error 1
make[1]: Leaving directory '/home/ttm4128/Downloads/janus-c-3.0.5/build/CMakeFiles/CMakeTmp'
make: *** [Makefile:121: cmTC_d23cb/fast] Error 2


Source file was:

int main(void) {

 DWORD rv = GetLastError();
return 0;
}

Performing C SOURCE FILE Test JANUS_SYS_HAS_CREATE_WAITABLE_TIMER failed with the following output:
Change Dir: /home/ttm4128/Downloads/janus-c-3.0.5/build/CMakeFiles/CMakeTmp

Run Build Command(s):/usr/bin/make cmTC_98f83/fast && /usr/bin/make -f CMakeFiles/cmTC_98f83.dir/build.make CMakeFiles/cmTC_98f83.dir/build
make[1]: Entering directory '/home/ttm4128/Downloads/janus-c-3.0.5/build/CMakeFiles/CMakeTmp'
Building C object CMakeFiles/cmTC_98f83.dir/src.c.o
/usr/bin/cc  -I/home/ttm4128/Downloads/janus-c-3.0.5/external/libraries/x86-64bit-linux-glibc-gcc90/include  -fPIC -DJANUS_SYS_HAS_CREATE_WAITABLE_TIMER -std=c99 -Wall -Wshadow -pedantic   -o CMakeFiles/cmTC_98f83.dir/src.c.o   -c /home/ttm4128/Downloads/janus-c-3.0.5/build/CMakeFiles/CMakeTmp/src.c
/home/ttm4128/Downloads/janus-c-3.0.5/build/CMakeFiles/CMakeTmp/src.c: In function ‘main’:
/home/ttm4128/Downloads/janus-c-3.0.5/build/CMakeFiles/CMakeTmp/src.c:3:1: error: unknown type name ‘SECURITY_ATTRIBUTES’
    3 | SECURITY_ATTRIBUTES x;
      | ^~~~~~~~~~~~~~~~~~~
/home/ttm4128/Downloads/janus-c-3.0.5/build/CMakeFiles/CMakeTmp/src.c:4:1: error: unknown type name ‘BOOL’
    4 | BOOL xx;
      | ^~~~
/home/ttm4128/Downloads/janus-c-3.0.5/build/CMakeFiles/CMakeTmp/src.c:7:2: error: unknown type name ‘HANDLE’
    7 |  HANDLE rv = CreateWaitableTimer(&x, xx, &xxx);
      |  ^~~~~~
/home/ttm4128/Downloads/janus-c-3.0.5/build/CMakeFiles/CMakeTmp/src.c:7:14: warning: implicit declaration of function ‘CreateWaitableTimer’ [-Wimplicit-function-declaration]
    7 |  HANDLE rv = CreateWaitableTimer(&x, xx, &xxx);
      |              ^~~~~~~~~~~~~~~~~~~
/home/ttm4128/Downloads/janus-c-3.0.5/build/CMakeFiles/CMakeTmp/src.c:7:9: warning: unused variable ‘rv’ [-Wunused-variable]
    7 |  HANDLE rv = CreateWaitableTimer(&x, xx, &xxx);
      |         ^~
make[1]: *** [CMakeFiles/cmTC_98f83.dir/build.make:66: CMakeFiles/cmTC_98f83.dir/src.c.o] Error 1
make[1]: Leaving directory '/home/ttm4128/Downloads/janus-c-3.0.5/build/CMakeFiles/CMakeTmp'
make: *** [Makefile:121: cmTC_98f83/fast] Error 2


Source file was:

int main(void) {
SECURITY_ATTRIBUTES x;
BOOL xx;
char xxx;

 HANDLE rv = CreateWaitableTimer(&x, xx, &xxx);
return 0;
}

Performing C SOURCE FILE Test JANUS_SYS_HAS_GET_MODULE_FILE_NAME failed with the following output:
Change Dir: /home/ttm4128/Downloads/janus-c-3.0.5/build/CMakeFiles/CMakeTmp

Run Build Command(s):/usr/bin/make cmTC_79a26/fast && /usr/bin/make -f CMakeFiles/cmTC_79a26.dir/build.make CMakeFiles/cmTC_79a26.dir/build
make[1]: Entering directory '/home/ttm4128/Downloads/janus-c-3.0.5/build/CMakeFiles/CMakeTmp'
Building C object CMakeFiles/cmTC_79a26.dir/src.c.o
/usr/bin/cc  -I/home/ttm4128/Downloads/janus-c-3.0.5/external/libraries/x86-64bit-linux-glibc-gcc90/include  -fPIC -DJANUS_SYS_HAS_GET_MODULE_FILE_NAME -std=c99 -Wall -Wshadow -pedantic   -o CMakeFiles/cmTC_79a26.dir/src.c.o   -c /home/ttm4128/Downloads/janus-c-3.0.5/build/CMakeFiles/CMakeTmp/src.c
/home/ttm4128/Downloads/janus-c-3.0.5/build/CMakeFiles/CMakeTmp/src.c: In function ‘main’:
/home/ttm4128/Downloads/janus-c-3.0.5/build/CMakeFiles/CMakeTmp/src.c:3:1: error: unknown type name ‘HMODULE’
    3 | HMODULE x;
      | ^~~~~~~
/home/ttm4128/Downloads/janus-c-3.0.5/build/CMakeFiles/CMakeTmp/src.c:4:1: error: unknown type name ‘LPSTR’
    4 | LPSTR xx;
      | ^~~~~
/home/ttm4128/Downloads/janus-c-3.0.5/build/CMakeFiles/CMakeTmp/src.c:5:1: error: unknown type name ‘DWORD’
    5 | DWORD xxx;
      | ^~~~~
/home/ttm4128/Downloads/janus-c-3.0.5/build/CMakeFiles/CMakeTmp/src.c:7:2: error: unknown type name ‘DWORD’
    7 |  DWORD rv = GetModuleFileName(x, xx, xxx);
      |  ^~~~~
/home/ttm4128/Downloads/janus-c-3.0.5/build/CMakeFiles/CMakeTmp/src.c:7:13: warning: implicit declaration of function ‘GetModuleFileName’ [-Wimplicit-function-declaration]
    7 |  DWORD rv = GetModuleFileName(x, xx, xxx);
      |             ^~~~~~~~~~~~~~~~~
/home/ttm4128/Downloads/janus-c-3.0.5/build/CMakeFiles/CMakeTmp/src.c:7:8: warning: unused variable ‘rv’ [-Wunused-variable]
    7 |  DWORD rv = GetModuleFileName(x, xx, xxx);
      |        ^~
make[1]: *** [CMakeFiles/cmTC_79a26.dir/build.make:66: CMakeFiles/cmTC_79a26.dir/src.c.o] Error 1
make[1]: Leaving directory '/home/ttm4128/Downloads/janus-c-3.0.5/build/CMakeFiles/CMakeTmp'
make: *** [Makefile:121: cmTC_79a26/fast] Error 2


Source file was:

int main(void) {
HMODULE x;
LPSTR xx;
DWORD xxx;

 DWORD rv = GetModuleFileName(x, xx, xxx);
return 0;
}

Performing C SOURCE FILE Test JANUS_SYS_HAS_LOAD_LIBRARY failed with the following output:
Change Dir: /home/ttm4128/Downloads/janus-c-3.0.5/build/CMakeFiles/CMakeTmp

Run Build Command(s):/usr/bin/make cmTC_cd468/fast && /usr/bin/make -f CMakeFiles/cmTC_cd468.dir/build.make CMakeFiles/cmTC_cd468.dir/build
make[1]: Entering directory '/home/ttm4128/Downloads/janus-c-3.0.5/build/CMakeFiles/CMakeTmp'
Building C object CMakeFiles/cmTC_cd468.dir/src.c.o
/usr/bin/cc  -I/home/ttm4128/Downloads/janus-c-3.0.5/external/libraries/x86-64bit-linux-glibc-gcc90/include  -fPIC -DJANUS_SYS_HAS_LOAD_LIBRARY -std=c99 -Wall -Wshadow -pedantic   -o CMakeFiles/cmTC_cd468.dir/src.c.o   -c /home/ttm4128/Downloads/janus-c-3.0.5/build/CMakeFiles/CMakeTmp/src.c
/home/ttm4128/Downloads/janus-c-3.0.5/build/CMakeFiles/CMakeTmp/src.c: In function ‘main’:
/home/ttm4128/Downloads/janus-c-3.0.5/build/CMakeFiles/CMakeTmp/src.c:5:2: error: unknown type name ‘HMODULE’
    5 |  HMODULE rv = LoadLibrary(&x);
      |  ^~~~~~~
/home/ttm4128/Downloads/janus-c-3.0.5/build/CMakeFiles/CMakeTmp/src.c:5:15: warning: implicit declaration of function ‘LoadLibrary’ [-Wimplicit-function-declaration]
    5 |  HMODULE rv = LoadLibrary(&x);
      |               ^~~~~~~~~~~
/home/ttm4128/Downloads/janus-c-3.0.5/build/CMakeFiles/CMakeTmp/src.c:5:10: warning: unused variable ‘rv’ [-Wunused-variable]
    5 |  HMODULE rv = LoadLibrary(&x);
      |          ^~
make[1]: *** [CMakeFiles/cmTC_cd468.dir/build.make:66: CMakeFiles/cmTC_cd468.dir/src.c.o] Error 1
make[1]: Leaving directory '/home/ttm4128/Downloads/janus-c-3.0.5/build/CMakeFiles/CMakeTmp'
make: *** [Makefile:121: cmTC_cd468/fast] Error 2


Source file was:

int main(void) {
char x;

 HMODULE rv = LoadLibrary(&x);
return 0;
}

Performing C SOURCE FILE Test JANUS_SYS_HAS_TLS_ALLOC failed with the following output:
Change Dir: /home/ttm4128/Downloads/janus-c-3.0.5/build/CMakeFiles/CMakeTmp

Run Build Command(s):/usr/bin/make cmTC_b2153/fast && /usr/bin/make -f CMakeFiles/cmTC_b2153.dir/build.make CMakeFiles/cmTC_b2153.dir/build
make[1]: Entering directory '/home/ttm4128/Downloads/janus-c-3.0.5/build/CMakeFiles/CMakeTmp'
Building C object CMakeFiles/cmTC_b2153.dir/src.c.o
/usr/bin/cc  -I/home/ttm4128/Downloads/janus-c-3.0.5/external/libraries/x86-64bit-linux-glibc-gcc90/include  -fPIC -DJANUS_SYS_HAS_TLS_ALLOC -std=c99 -Wall -Wshadow -pedantic   -o CMakeFiles/cmTC_b2153.dir/src.c.o   -c /home/ttm4128/Downloads/janus-c-3.0.5/build/CMakeFiles/CMakeTmp/src.c
/home/ttm4128/Downloads/janus-c-3.0.5/build/CMakeFiles/CMakeTmp/src.c: In function ‘main’:
/home/ttm4128/Downloads/janus-c-3.0.5/build/CMakeFiles/CMakeTmp/src.c:4:2: error: unknown type name ‘DWORD’
    4 |  DWORD rv = TlsAlloc();
      |  ^~~~~
/home/ttm4128/Downloads/janus-c-3.0.5/build/CMakeFiles/CMakeTmp/src.c:4:13: warning: implicit declaration of function ‘TlsAlloc’ [-Wimplicit-function-declaration]
    4 |  DWORD rv = TlsAlloc();
      |             ^~~~~~~~
/home/ttm4128/Downloads/janus-c-3.0.5/build/CMakeFiles/CMakeTmp/src.c:4:8: warning: unused variable ‘rv’ [-Wunused-variable]
    4 |  DWORD rv = TlsAlloc();
      |        ^~
make[1]: *** [CMakeFiles/cmTC_b2153.dir/build.make:66: CMakeFiles/cmTC_b2153.dir/src.c.o] Error 1
make[1]: Leaving directory '/home/ttm4128/Downloads/janus-c-3.0.5/build/CMakeFiles/CMakeTmp'
make: *** [Makefile:121: cmTC_b2153/fast] Error 2


Source file was:

int main(void) {

 DWORD rv = TlsAlloc();
return 0;
}

Performing C SOURCE FILE Test JANUS_SYS_HAS_GETTIMEOFDAY failed with the following output:
Change Dir: /home/ttm4128/Downloads/janus-c-3.0.5/build/CMakeFiles/CMakeTmp

Run Build Command(s):/usr/bin/make cmTC_ba8bc/fast && /usr/bin/make -f CMakeFiles/cmTC_ba8bc.dir/build.make CMakeFiles/cmTC_ba8bc.dir/build
make[1]: Entering directory '/home/ttm4128/Downloads/janus-c-3.0.5/build/CMakeFiles/CMakeTmp'
Building C object CMakeFiles/cmTC_ba8bc.dir/src.c.o
/usr/bin/cc  -I/home/ttm4128/Downloads/janus-c-3.0.5/external/libraries/x86-64bit-linux-glibc-gcc90/include  -fPIC -DJANUS_SYS_HAS_GETTIMEOFDAY -std=c99 -Wall -Wshadow -pedantic   -o CMakeFiles/cmTC_ba8bc.dir/src.c.o   -c /home/ttm4128/Downloads/janus-c-3.0.5/build/CMakeFiles/CMakeTmp/src.c
/home/ttm4128/Downloads/janus-c-3.0.5/build/CMakeFiles/CMakeTmp/src.c: In function ‘main’:
/home/ttm4128/Downloads/janus-c-3.0.5/build/CMakeFiles/CMakeTmp/src.c:5:17: error: storage size of ‘xx’ isn’t known
    5 | struct timezone xx;
      |                 ^~
/home/ttm4128/Downloads/janus-c-3.0.5/build/CMakeFiles/CMakeTmp/src.c:7:6: warning: unused variable ‘rv’ [-Wunused-variable]
    7 |  int rv = gettimeofday(&x, &xx);
      |      ^~
/home/ttm4128/Downloads/janus-c-3.0.5/build/CMakeFiles/CMakeTmp/src.c:5:17: warning: unused variable ‘xx’ [-Wunused-variable]
    5 | struct timezone xx;
      |                 ^~
make[1]: *** [CMakeFiles/cmTC_ba8bc.dir/build.make:66: CMakeFiles/cmTC_ba8bc.dir/src.c.o] Error 1
make[1]: Leaving directory '/home/ttm4128/Downloads/janus-c-3.0.5/build/CMakeFiles/CMakeTmp'
make: *** [Makefile:121: cmTC_ba8bc/fast] Error 2


Source file was:
#include <sys/time.h>

int main(void) {
struct timeval x;
struct timezone xx;

 int rv = gettimeofday(&x, &xx);
return 0;
}

Performing C SOURCE FILE Test JANUS_SYS_HAS_GETADDRINFO failed with the following output:
Change Dir: /home/ttm4128/Downloads/janus-c-3.0.5/build/CMakeFiles/CMakeTmp

Run Build Command(s):/usr/bin/make cmTC_1d3cf/fast && /usr/bin/make -f CMakeFiles/cmTC_1d3cf.dir/build.make CMakeFiles/cmTC_1d3cf.dir/build
make[1]: Entering directory '/home/ttm4128/Downloads/janus-c-3.0.5/build/CMakeFiles/CMakeTmp'
Building C object CMakeFiles/cmTC_1d3cf.dir/src.c.o
/usr/bin/cc  -I/home/ttm4128/Downloads/janus-c-3.0.5/external/libraries/x86-64bit-linux-glibc-gcc90/include  -fPIC -DJANUS_SYS_HAS_GETADDRINFO -std=c99 -Wall -Wshadow -pedantic   -o CMakeFiles/cmTC_1d3cf.dir/src.c.o   -c /home/ttm4128/Downloads/janus-c-3.0.5/build/CMakeFiles/CMakeTmp/src.c
/home/ttm4128/Downloads/janus-c-3.0.5/build/CMakeFiles/CMakeTmp/src.c: In function ‘main’:
/home/ttm4128/Downloads/janus-c-3.0.5/build/CMakeFiles/CMakeTmp/src.c:8:17: error: storage size of ‘xxx’ isn’t known
    8 | struct addrinfo xxx;
      |                 ^~~
/home/ttm4128/Downloads/janus-c-3.0.5/build/CMakeFiles/CMakeTmp/src.c:11:11: warning: implicit declaration of function ‘getaddrinfo’ [-Wimplicit-function-declaration]
   11 |  int rv = getaddrinfo(&x, &xx, &xxx, &xxxx);
      |           ^~~~~~~~~~~
/home/ttm4128/Downloads/janus-c-3.0.5/build/CMakeFiles/CMakeTmp/src.c:11:6: warning: unused variable ‘rv’ [-Wunused-variable]
   11 |  int rv = getaddrinfo(&x, &xx, &xxx, &xxxx);
      |      ^~
/home/ttm4128/Downloads/janus-c-3.0.5/build/CMakeFiles/CMakeTmp/src.c:8:17: warning: unused variable ‘xxx’ [-Wunused-variable]
    8 | struct addrinfo xxx;
      |                 ^~~
make[1]: *** [CMakeFiles/cmTC_1d3cf.dir/build.make:66: CMakeFiles/cmTC_1d3cf.dir/src.c.o] Error 1
make[1]: Leaving directory '/home/ttm4128/Downloads/janus-c-3.0.5/build/CMakeFiles/CMakeTmp'
make: *** [Makefile:121: cmTC_1d3cf/fast] Error 2


Source file was:
#include <sys/types.h>
#include <sys/socket.h>
#include <netdb.h>

int main(void) {
char x;
char xx;
struct addrinfo xxx;
struct addrinfo* xxxx;

 int rv = getaddrinfo(&x, &xx, &xxx, &xxxx);
return 0;
}

Performing C SOURCE FILE Test JANUS_SYS_HAS_STATFS64_DARWIN_LINUX failed with the following output:
Change Dir: /home/ttm4128/Downloads/janus-c-3.0.5/build/CMakeFiles/CMakeTmp

Run Build Command(s):/usr/bin/make cmTC_9bbf6/fast && /usr/bin/make -f CMakeFiles/cmTC_9bbf6.dir/build.make CMakeFiles/cmTC_9bbf6.dir/build
make[1]: Entering directory '/home/ttm4128/Downloads/janus-c-3.0.5/build/CMakeFiles/CMakeTmp'
Building C object CMakeFiles/cmTC_9bbf6.dir/src.c.o
/usr/bin/cc  -I/home/ttm4128/Downloads/janus-c-3.0.5/external/libraries/x86-64bit-linux-glibc-gcc90/include  -fPIC -DJANUS_SYS_HAS_STATFS64_DARWIN_LINUX -std=c99 -Wall -Wshadow -pedantic   -o CMakeFiles/cmTC_9bbf6.dir/src.c.o   -c /home/ttm4128/Downloads/janus-c-3.0.5/build/CMakeFiles/CMakeTmp/src.c
/home/ttm4128/Downloads/janus-c-3.0.5/build/CMakeFiles/CMakeTmp/src.c: In function ‘main’:
/home/ttm4128/Downloads/janus-c-3.0.5/build/CMakeFiles/CMakeTmp/src.c:7:17: error: storage size of ‘xx’ isn’t known
    7 | struct statfs64 xx;
      |                 ^~
/home/ttm4128/Downloads/janus-c-3.0.5/build/CMakeFiles/CMakeTmp/src.c:9:11: warning: implicit declaration of function ‘statfs64’; did you mean ‘statfs’? [-Wimplicit-function-declaration]
    9 |  int rv = statfs64(&x, &xx);
      |           ^~~~~~~~
      |           statfs
/home/ttm4128/Downloads/janus-c-3.0.5/build/CMakeFiles/CMakeTmp/src.c:9:6: warning: unused variable ‘rv’ [-Wunused-variable]
    9 |  int rv = statfs64(&x, &xx);
      |      ^~
/home/ttm4128/Downloads/janus-c-3.0.5/build/CMakeFiles/CMakeTmp/src.c:7:17: warning: unused variable ‘xx’ [-Wunused-variable]
    7 | struct statfs64 xx;
      |                 ^~
make[1]: *** [CMakeFiles/cmTC_9bbf6.dir/build.make:66: CMakeFiles/cmTC_9bbf6.dir/src.c.o] Error 1
make[1]: Leaving directory '/home/ttm4128/Downloads/janus-c-3.0.5/build/CMakeFiles/CMakeTmp'
make: *** [Makefile:121: cmTC_9bbf6/fast] Error 2


Source file was:
#include <sys/param.h>
#include <sys/mount.h>
#include <sys/vfs.h>

int main(void) {
char x;
struct statfs64 xx;

 int rv = statfs64(&x, &xx);
return 0;
}

Performing C SOURCE FILE Test JANUS_SYS_HAS_CREATE_DIRECTORY failed with the following output:
Change Dir: /home/ttm4128/Downloads/janus-c-3.0.5/build/CMakeFiles/CMakeTmp

Run Build Command(s):/usr/bin/make cmTC_f1c28/fast && /usr/bin/make -f CMakeFiles/cmTC_f1c28.dir/build.make CMakeFiles/cmTC_f1c28.dir/build
make[1]: Entering directory '/home/ttm4128/Downloads/janus-c-3.0.5/build/CMakeFiles/CMakeTmp'
Building C object CMakeFiles/cmTC_f1c28.dir/src.c.o
/usr/bin/cc  -I/home/ttm4128/Downloads/janus-c-3.0.5/external/libraries/x86-64bit-linux-glibc-gcc90/include  -fPIC -DJANUS_SYS_HAS_CREATE_DIRECTORY -std=c99 -Wall -Wshadow -pedantic   -o CMakeFiles/cmTC_f1c28.dir/src.c.o   -c /home/ttm4128/Downloads/janus-c-3.0.5/build/CMakeFiles/CMakeTmp/src.c
/home/ttm4128/Downloads/janus-c-3.0.5/build/CMakeFiles/CMakeTmp/src.c: In function ‘main’:
/home/ttm4128/Downloads/janus-c-3.0.5/build/CMakeFiles/CMakeTmp/src.c:3:1: error: unknown type name ‘LPCTSTR’
    3 | LPCTSTR x;
      | ^~~~~~~
/home/ttm4128/Downloads/janus-c-3.0.5/build/CMakeFiles/CMakeTmp/src.c:4:1: error: unknown type name ‘LPSECURITY_ATTRIBUTES’
    4 | LPSECURITY_ATTRIBUTES xx;
      | ^~~~~~~~~~~~~~~~~~~~~
/home/ttm4128/Downloads/janus-c-3.0.5/build/CMakeFiles/CMakeTmp/src.c:6:2: error: unknown type name ‘BOOL’
    6 |  BOOL rv = CreateDirectory(x, xx);
      |  ^~~~
/home/ttm4128/Downloads/janus-c-3.0.5/build/CMakeFiles/CMakeTmp/src.c:6:12: warning: implicit declaration of function ‘CreateDirectory’ [-Wimplicit-function-declaration]
    6 |  BOOL rv = CreateDirectory(x, xx);
      |            ^~~~~~~~~~~~~~~
/home/ttm4128/Downloads/janus-c-3.0.5/build/CMakeFiles/CMakeTmp/src.c:6:7: warning: unused variable ‘rv’ [-Wunused-variable]
    6 |  BOOL rv = CreateDirectory(x, xx);
      |       ^~
make[1]: *** [CMakeFiles/cmTC_f1c28.dir/build.make:66: CMakeFiles/cmTC_f1c28.dir/src.c.o] Error 1
make[1]: Leaving directory '/home/ttm4128/Downloads/janus-c-3.0.5/build/CMakeFiles/CMakeTmp'
make: *** [Makefile:121: cmTC_f1c28/fast] Error 2


Source file was:

int main(void) {
LPCTSTR x;
LPSECURITY_ATTRIBUTES xx;

 BOOL rv = CreateDirectory(x, xx);
return 0;
}

Performing C SOURCE FILE Test JANUS_SYS_HAS_SETTIMEOFDAY failed with the following output:
Change Dir: /home/ttm4128/Downloads/janus-c-3.0.5/build/CMakeFiles/CMakeTmp

Run Build Command(s):/usr/bin/make cmTC_7d0ae/fast && /usr/bin/make -f CMakeFiles/cmTC_7d0ae.dir/build.make CMakeFiles/cmTC_7d0ae.dir/build
make[1]: Entering directory '/home/ttm4128/Downloads/janus-c-3.0.5/build/CMakeFiles/CMakeTmp'
Building C object CMakeFiles/cmTC_7d0ae.dir/src.c.o
/usr/bin/cc  -I/home/ttm4128/Downloads/janus-c-3.0.5/external/libraries/x86-64bit-linux-glibc-gcc90/include  -fPIC -DJANUS_SYS_HAS_SETTIMEOFDAY -std=c99 -Wall -Wshadow -pedantic   -o CMakeFiles/cmTC_7d0ae.dir/src.c.o   -c /home/ttm4128/Downloads/janus-c-3.0.5/build/CMakeFiles/CMakeTmp/src.c
/home/ttm4128/Downloads/janus-c-3.0.5/build/CMakeFiles/CMakeTmp/src.c: In function ‘main’:
/home/ttm4128/Downloads/janus-c-3.0.5/build/CMakeFiles/CMakeTmp/src.c:5:17: error: storage size of ‘xx’ isn’t known
    5 | struct timezone xx;
      |                 ^~
/home/ttm4128/Downloads/janus-c-3.0.5/build/CMakeFiles/CMakeTmp/src.c:7:11: warning: implicit declaration of function ‘settimeofday’; did you mean ‘gettimeofday’? [-Wimplicit-function-declaration]
    7 |  int rv = settimeofday(&x, &xx);
      |           ^~~~~~~~~~~~
      |           gettimeofday
/home/ttm4128/Downloads/janus-c-3.0.5/build/CMakeFiles/CMakeTmp/src.c:7:6: warning: unused variable ‘rv’ [-Wunused-variable]
    7 |  int rv = settimeofday(&x, &xx);
      |      ^~
/home/ttm4128/Downloads/janus-c-3.0.5/build/CMakeFiles/CMakeTmp/src.c:5:17: warning: unused variable ‘xx’ [-Wunused-variable]
    5 | struct timezone xx;
      |                 ^~
make[1]: *** [CMakeFiles/cmTC_7d0ae.dir/build.make:66: CMakeFiles/cmTC_7d0ae.dir/src.c.o] Error 1
make[1]: Leaving directory '/home/ttm4128/Downloads/janus-c-3.0.5/build/CMakeFiles/CMakeTmp'
make: *** [Makefile:121: cmTC_7d0ae/fast] Error 2


Source file was:
#include <sys/time.h>

int main(void) {
struct timeval x;
struct timezone xx;

 int rv = settimeofday(&x, &xx);
return 0;
}

Performing C SOURCE FILE Test JANUS_SYS_HAS_WSA_STARTUP failed with the following output:
Change Dir: /home/ttm4128/Downloads/janus-c-3.0.5/build/CMakeFiles/CMakeTmp

Run Build Command(s):/usr/bin/make cmTC_0192b/fast && /usr/bin/make -f CMakeFiles/cmTC_0192b.dir/build.make CMakeFiles/cmTC_0192b.dir/build
make[1]: Entering directory '/home/ttm4128/Downloads/janus-c-3.0.5/build/CMakeFiles/CMakeTmp'
Building C object CMakeFiles/cmTC_0192b.dir/src.c.o
/usr/bin/cc  -I/home/ttm4128/Downloads/janus-c-3.0.5/external/libraries/x86-64bit-linux-glibc-gcc90/include  -fPIC -DJANUS_SYS_HAS_WSA_STARTUP -std=c99 -Wall -Wshadow -pedantic   -o CMakeFiles/cmTC_0192b.dir/src.c.o   -c /home/ttm4128/Downloads/janus-c-3.0.5/build/CMakeFiles/CMakeTmp/src.c
/home/ttm4128/Downloads/janus-c-3.0.5/build/CMakeFiles/CMakeTmp/src.c: In function ‘main’:
/home/ttm4128/Downloads/janus-c-3.0.5/build/CMakeFiles/CMakeTmp/src.c:3:1: error: unknown type name ‘WORD’
    3 | WORD x;
      | ^~~~
/home/ttm4128/Downloads/janus-c-3.0.5/build/CMakeFiles/CMakeTmp/src.c:4:1: error: unknown type name ‘WSADATA’
    4 | WSADATA xx;
      | ^~~~~~~
/home/ttm4128/Downloads/janus-c-3.0.5/build/CMakeFiles/CMakeTmp/src.c:6:11: warning: implicit declaration of function ‘WSAStartup’ [-Wimplicit-function-declaration]
    6 |  int rv = WSAStartup(x, &xx);
      |           ^~~~~~~~~~
/home/ttm4128/Downloads/janus-c-3.0.5/build/CMakeFiles/CMakeTmp/src.c:6:6: warning: unused variable ‘rv’ [-Wunused-variable]
    6 |  int rv = WSAStartup(x, &xx);
      |      ^~
make[1]: *** [CMakeFiles/cmTC_0192b.dir/build.make:66: CMakeFiles/cmTC_0192b.dir/src.c.o] Error 1
make[1]: Leaving directory '/home/ttm4128/Downloads/janus-c-3.0.5/build/CMakeFiles/CMakeTmp'
make: *** [Makefile:121: cmTC_0192b/fast] Error 2


Source file was:

int main(void) {
WORD x;
WSADATA xx;

 int rv = WSAStartup(x, &xx);
return 0;
}

Performing C SOURCE FILE Test JANUS_SYS_HAS_WSA_CLEANUP failed with the following output:
Change Dir: /home/ttm4128/Downloads/janus-c-3.0.5/build/CMakeFiles/CMakeTmp

Run Build Command(s):/usr/bin/make cmTC_af9c6/fast && /usr/bin/make -f CMakeFiles/cmTC_af9c6.dir/build.make CMakeFiles/cmTC_af9c6.dir/build
make[1]: Entering directory '/home/ttm4128/Downloads/janus-c-3.0.5/build/CMakeFiles/CMakeTmp'
Building C object CMakeFiles/cmTC_af9c6.dir/src.c.o
/usr/bin/cc  -I/home/ttm4128/Downloads/janus-c-3.0.5/external/libraries/x86-64bit-linux-glibc-gcc90/include  -fPIC -DJANUS_SYS_HAS_WSA_CLEANUP -std=c99 -Wall -Wshadow -pedantic   -o CMakeFiles/cmTC_af9c6.dir/src.c.o   -c /home/ttm4128/Downloads/janus-c-3.0.5/build/CMakeFiles/CMakeTmp/src.c
/home/ttm4128/Downloads/janus-c-3.0.5/build/CMakeFiles/CMakeTmp/src.c: In function ‘main’:
/home/ttm4128/Downloads/janus-c-3.0.5/build/CMakeFiles/CMakeTmp/src.c:4:11: warning: implicit declaration of function ‘WSACleanup’ [-Wimplicit-function-declaration]
    4 |  int rv = WSACleanup();
      |           ^~~~~~~~~~
/home/ttm4128/Downloads/janus-c-3.0.5/build/CMakeFiles/CMakeTmp/src.c:4:6: warning: unused variable ‘rv’ [-Wunused-variable]
    4 |  int rv = WSACleanup();
      |      ^~
Linking C executable cmTC_af9c6
/usr/bin/cmake -E cmake_link_script CMakeFiles/cmTC_af9c6.dir/link.txt --verbose=1
/usr/bin/cc  -fPIC -DJANUS_SYS_HAS_WSA_CLEANUP -std=c99 -Wall -Wshadow -pedantic    -rdynamic CMakeFiles/cmTC_af9c6.dir/src.c.o  -o cmTC_af9c6  -lrt -lpthread -lm -lnsl -ldl 
/usr/bin/ld: CMakeFiles/cmTC_af9c6.dir/src.c.o: in function `main':
src.c:(.text+0x12): undefined reference to `WSACleanup'
collect2: error: ld returned 1 exit status
make[1]: *** [CMakeFiles/cmTC_af9c6.dir/build.make:87: cmTC_af9c6] Error 1
make[1]: Leaving directory '/home/ttm4128/Downloads/janus-c-3.0.5/build/CMakeFiles/CMakeTmp'
make: *** [Makefile:121: cmTC_af9c6/fast] Error 2


Source file was:

int main(void) {

 int rv = WSACleanup();
return 0;
}

Performing C SOURCE FILE Test JANUS_SYS_HAS_WSA_STRING_TO_ADDRESS failed with the following output:
Change Dir: /home/ttm4128/Downloads/janus-c-3.0.5/build/CMakeFiles/CMakeTmp

Run Build Command(s):/usr/bin/make cmTC_4b305/fast && /usr/bin/make -f CMakeFiles/cmTC_4b305.dir/build.make CMakeFiles/cmTC_4b305.dir/build
make[1]: Entering directory '/home/ttm4128/Downloads/janus-c-3.0.5/build/CMakeFiles/CMakeTmp'
Building C object CMakeFiles/cmTC_4b305.dir/src.c.o
/usr/bin/cc  -I/home/ttm4128/Downloads/janus-c-3.0.5/external/libraries/x86-64bit-linux-glibc-gcc90/include  -fPIC -DJANUS_SYS_HAS_WSA_STRING_TO_ADDRESS -std=c99 -Wall -Wshadow -pedantic   -o CMakeFiles/cmTC_4b305.dir/src.c.o   -c /home/ttm4128/Downloads/janus-c-3.0.5/build/CMakeFiles/CMakeTmp/src.c
/home/ttm4128/Downloads/janus-c-3.0.5/build/CMakeFiles/CMakeTmp/src.c: In function ‘main’:
/home/ttm4128/Downloads/janus-c-3.0.5/build/CMakeFiles/CMakeTmp/src.c:5:1: error: unknown type name ‘WSAPROTOCOL_INFO’
    5 | WSAPROTOCOL_INFO xxx;
      | ^~~~~~~~~~~~~~~~
/home/ttm4128/Downloads/janus-c-3.0.5/build/CMakeFiles/CMakeTmp/src.c:6:1: error: unknown type name ‘SOCKADDR’
    6 | SOCKADDR xxxx;
      | ^~~~~~~~
/home/ttm4128/Downloads/janus-c-3.0.5/build/CMakeFiles/CMakeTmp/src.c:9:11: warning: implicit declaration of function ‘WSAStringToAddress’ [-Wimplicit-function-declaration]
    9 |  int rv = WSAStringToAddress(&x, xx, &xxx, &xxxx, &xxxxx);
      |           ^~~~~~~~~~~~~~~~~~
/home/ttm4128/Downloads/janus-c-3.0.5/build/CMakeFiles/CMakeTmp/src.c:9:6: warning: unused variable ‘rv’ [-Wunused-variable]
    9 |  int rv = WSAStringToAddress(&x, xx, &xxx, &xxxx, &xxxxx);
      |      ^~
make[1]: *** [CMakeFiles/cmTC_4b305.dir/build.make:66: CMakeFiles/cmTC_4b305.dir/src.c.o] Error 1
make[1]: Leaving directory '/home/ttm4128/Downloads/janus-c-3.0.5/build/CMakeFiles/CMakeTmp'
make: *** [Makefile:121: cmTC_4b305/fast] Error 2


Source file was:

int main(void) {
char x;
int xx;
WSAPROTOCOL_INFO xxx;
SOCKADDR xxxx;
int xxxxx;

 int rv = WSAStringToAddress(&x, xx, &xxx, &xxxx, &xxxxx);
return 0;
}

Performing C SOURCE FILE Test JANUS_SYS_HAS_WSA_IOCTL failed with the following output:
Change Dir: /home/ttm4128/Downloads/janus-c-3.0.5/build/CMakeFiles/CMakeTmp

Run Build Command(s):/usr/bin/make cmTC_f4345/fast && /usr/bin/make -f CMakeFiles/cmTC_f4345.dir/build.make CMakeFiles/cmTC_f4345.dir/build
make[1]: Entering directory '/home/ttm4128/Downloads/janus-c-3.0.5/build/CMakeFiles/CMakeTmp'
Building C object CMakeFiles/cmTC_f4345.dir/src.c.o
/usr/bin/cc  -I/home/ttm4128/Downloads/janus-c-3.0.5/external/libraries/x86-64bit-linux-glibc-gcc90/include  -fPIC -DJANUS_SYS_HAS_WSA_IOCTL -std=c99 -Wall -Wshadow -pedantic   -o CMakeFiles/cmTC_f4345.dir/src.c.o   -c /home/ttm4128/Downloads/janus-c-3.0.5/build/CMakeFiles/CMakeTmp/src.c
/home/ttm4128/Downloads/janus-c-3.0.5/build/CMakeFiles/CMakeTmp/src.c: In function ‘main’:
/home/ttm4128/Downloads/janus-c-3.0.5/build/CMakeFiles/CMakeTmp/src.c:3:1: error: unknown type name ‘SOCKET’
    3 | SOCKET x;
      | ^~~~~~
/home/ttm4128/Downloads/janus-c-3.0.5/build/CMakeFiles/CMakeTmp/src.c:4:1: error: unknown type name ‘DWORD’
    4 | DWORD xx;
      | ^~~~~
/home/ttm4128/Downloads/janus-c-3.0.5/build/CMakeFiles/CMakeTmp/src.c:6:1: error: unknown type name ‘DWORD’
    6 | DWORD xxxx;
      | ^~~~~
/home/ttm4128/Downloads/janus-c-3.0.5/build/CMakeFiles/CMakeTmp/src.c:8:1: error: unknown type name ‘DWORD’
    8 | DWORD xxxxxx;
      | ^~~~~
/home/ttm4128/Downloads/janus-c-3.0.5/build/CMakeFiles/CMakeTmp/src.c:9:1: error: unknown type name ‘LPDWORD’
    9 | LPDWORD xxxxxxx;
      | ^~~~~~~
/home/ttm4128/Downloads/janus-c-3.0.5/build/CMakeFiles/CMakeTmp/src.c:10:1: error: unknown type name ‘LPWSAOVERLAPPED’
   10 | LPWSAOVERLAPPED xxxxxxxx;
      | ^~~~~~~~~~~~~~~
/home/ttm4128/Downloads/janus-c-3.0.5/build/CMakeFiles/CMakeTmp/src.c:11:1: error: unknown type name ‘LPWSAOVERLAPPED_COMPLETION_ROUTINE’
   11 | LPWSAOVERLAPPED_COMPLETION_ROUTINE xxxxxxxxx;
      | ^~~~~~~~~~~~~~~~~~~~~~~~~~~~~~~~~~
/home/ttm4128/Downloads/janus-c-3.0.5/build/CMakeFiles/CMakeTmp/src.c:13:11: warning: implicit declaration of function ‘WSAIoctl’ [-Wimplicit-function-declaration]
   13 |  int rv = WSAIoctl(x, xx, &xxx, xxxx, &xxxxx, xxxxxx, xxxxxxx, xxxxxxxx, xxxxxxxxx);
      |           ^~~~~~~~
/home/ttm4128/Downloads/janus-c-3.0.5/build/CMakeFiles/CMakeTmp/src.c:13:6: warning: unused variable ‘rv’ [-Wunused-variable]
   13 |  int rv = WSAIoctl(x, xx, &xxx, xxxx, &xxxxx, xxxxxx, xxxxxxx, xxxxxxxx, xxxxxxxxx);
      |      ^~
make[1]: *** [CMakeFiles/cmTC_f4345.dir/build.make:66: CMakeFiles/cmTC_f4345.dir/src.c.o] Error 1
make[1]: Leaving directory '/home/ttm4128/Downloads/janus-c-3.0.5/build/CMakeFiles/CMakeTmp'
make: *** [Makefile:121: cmTC_f4345/fast] Error 2


Source file was:

int main(void) {
SOCKET x;
DWORD xx;
char xxx;
DWORD xxxx;
char xxxxx;
DWORD xxxxxx;
LPDWORD xxxxxxx;
LPWSAOVERLAPPED xxxxxxxx;
LPWSAOVERLAPPED_COMPLETION_ROUTINE xxxxxxxxx;

 int rv = WSAIoctl(x, xx, &xxx, xxxx, &xxxxx, xxxxxx, xxxxxxx, xxxxxxxx, xxxxxxxxx);
return 0;
}

Performing C SOURCE FILE Test JANUS_SYS_HAS_GNU_STRERROR_R failed with the following output:
Change Dir: /home/ttm4128/Downloads/janus-c-3.0.5/build/CMakeFiles/CMakeTmp

Run Build Command(s):/usr/bin/make cmTC_181b5/fast && /usr/bin/make -f CMakeFiles/cmTC_181b5.dir/build.make CMakeFiles/cmTC_181b5.dir/build
make[1]: Entering directory '/home/ttm4128/Downloads/janus-c-3.0.5/build/CMakeFiles/CMakeTmp'
Building C object CMakeFiles/cmTC_181b5.dir/src.c.o
/usr/bin/cc  -I/home/ttm4128/Downloads/janus-c-3.0.5/external/libraries/x86-64bit-linux-glibc-gcc90/include  -fPIC -DJANUS_SYS_HAS_GNU_STRERROR_R -std=c99 -Wall -Wshadow -pedantic   -o CMakeFiles/cmTC_181b5.dir/src.c.o   -c /home/ttm4128/Downloads/janus-c-3.0.5/build/CMakeFiles/CMakeTmp/src.c
/home/ttm4128/Downloads/janus-c-3.0.5/build/CMakeFiles/CMakeTmp/src.c: In function ‘main’:
/home/ttm4128/Downloads/janus-c-3.0.5/build/CMakeFiles/CMakeTmp/src.c:5:1: error: unknown type name ‘size_t’
    5 | size_t xxx;
      | ^~~~~~
/home/ttm4128/Downloads/janus-c-3.0.5/build/CMakeFiles/CMakeTmp/src.c:1:1: note: ‘size_t’ is defined in header ‘<stddef.h>’; did you forget to ‘#include <stddef.h>’?
  +++ |+#include <stddef.h>
    1 | 
/home/ttm4128/Downloads/janus-c-3.0.5/build/CMakeFiles/CMakeTmp/src.c:7:13: warning: implicit declaration of function ‘strerror_r’ [-Wimplicit-function-declaration]
    7 |  char* rv = strerror_r(x, &xx, xxx);
      |             ^~~~~~~~~~
/home/ttm4128/Downloads/janus-c-3.0.5/build/CMakeFiles/CMakeTmp/src.c:7:13: warning: initialization of ‘char *’ from ‘int’ makes pointer from integer without a cast [-Wint-conversion]
/home/ttm4128/Downloads/janus-c-3.0.5/build/CMakeFiles/CMakeTmp/src.c:7:8: warning: unused variable ‘rv’ [-Wunused-variable]
    7 |  char* rv = strerror_r(x, &xx, xxx);
      |        ^~
make[1]: *** [CMakeFiles/cmTC_181b5.dir/build.make:66: CMakeFiles/cmTC_181b5.dir/src.c.o] Error 1
make[1]: Leaving directory '/home/ttm4128/Downloads/janus-c-3.0.5/build/CMakeFiles/CMakeTmp'
make: *** [Makefile:121: cmTC_181b5/fast] Error 2


Source file was:

int main(void) {
int x;
char xx;
size_t xxx;

 char* rv = strerror_r(x, &xx, xxx);
return 0;
}

Performing C SOURCE FILE Test JANUS_SYS_HAS_POSIX_STRERROR_R failed with the following output:
Change Dir: /home/ttm4128/Downloads/janus-c-3.0.5/build/CMakeFiles/CMakeTmp

Run Build Command(s):/usr/bin/make cmTC_3cf79/fast && /usr/bin/make -f CMakeFiles/cmTC_3cf79.dir/build.make CMakeFiles/cmTC_3cf79.dir/build
make[1]: Entering directory '/home/ttm4128/Downloads/janus-c-3.0.5/build/CMakeFiles/CMakeTmp'
Building C object CMakeFiles/cmTC_3cf79.dir/src.c.o
/usr/bin/cc  -I/home/ttm4128/Downloads/janus-c-3.0.5/external/libraries/x86-64bit-linux-glibc-gcc90/include  -fPIC -DJANUS_SYS_HAS_POSIX_STRERROR_R -std=c99 -Wall -Wshadow -pedantic   -o CMakeFiles/cmTC_3cf79.dir/src.c.o   -c /home/ttm4128/Downloads/janus-c-3.0.5/build/CMakeFiles/CMakeTmp/src.c
/home/ttm4128/Downloads/janus-c-3.0.5/build/CMakeFiles/CMakeTmp/src.c: In function ‘main’:
/home/ttm4128/Downloads/janus-c-3.0.5/build/CMakeFiles/CMakeTmp/src.c:5:1: error: unknown type name ‘size_t’
    5 | size_t xxx;
      | ^~~~~~
/home/ttm4128/Downloads/janus-c-3.0.5/build/CMakeFiles/CMakeTmp/src.c:1:1: note: ‘size_t’ is defined in header ‘<stddef.h>’; did you forget to ‘#include <stddef.h>’?
  +++ |+#include <stddef.h>
    1 | 
/home/ttm4128/Downloads/janus-c-3.0.5/build/CMakeFiles/CMakeTmp/src.c:7:11: warning: implicit declaration of function ‘strerror_r’ [-Wimplicit-function-declaration]
    7 |  int rv = strerror_r(x, &xx, xxx);
      |           ^~~~~~~~~~
/home/ttm4128/Downloads/janus-c-3.0.5/build/CMakeFiles/CMakeTmp/src.c:7:6: warning: unused variable ‘rv’ [-Wunused-variable]
    7 |  int rv = strerror_r(x, &xx, xxx);
      |      ^~
make[1]: *** [CMakeFiles/cmTC_3cf79.dir/build.make:66: CMakeFiles/cmTC_3cf79.dir/src.c.o] Error 1
make[1]: Leaving directory '/home/ttm4128/Downloads/janus-c-3.0.5/build/CMakeFiles/CMakeTmp'
make: *** [Makefile:121: cmTC_3cf79/fast] Error 2


Source file was:

int main(void) {
int x;
char xx;
size_t xxx;

 int rv = strerror_r(x, &xx, xxx);
return 0;
}

Performing C SOURCE FILE Test JANUS_SYS_HAS_CREATE_FILE failed with the following output:
Change Dir: /home/ttm4128/Downloads/janus-c-3.0.5/build/CMakeFiles/CMakeTmp

Run Build Command(s):/usr/bin/make cmTC_25d2d/fast && /usr/bin/make -f CMakeFiles/cmTC_25d2d.dir/build.make CMakeFiles/cmTC_25d2d.dir/build
make[1]: Entering directory '/home/ttm4128/Downloads/janus-c-3.0.5/build/CMakeFiles/CMakeTmp'
Building C object CMakeFiles/cmTC_25d2d.dir/src.c.o
/usr/bin/cc  -I/home/ttm4128/Downloads/janus-c-3.0.5/external/libraries/x86-64bit-linux-glibc-gcc90/include  -fPIC -DJANUS_SYS_HAS_CREATE_FILE -std=c99 -Wall -Wshadow -pedantic   -o CMakeFiles/cmTC_25d2d.dir/src.c.o   -c /home/ttm4128/Downloads/janus-c-3.0.5/build/CMakeFiles/CMakeTmp/src.c
/home/ttm4128/Downloads/janus-c-3.0.5/build/CMakeFiles/CMakeTmp/src.c: In function ‘main’:
/home/ttm4128/Downloads/janus-c-3.0.5/build/CMakeFiles/CMakeTmp/src.c:3:1: error: unknown type name ‘LPCSTR’
    3 | LPCSTR x;
      | ^~~~~~
/home/ttm4128/Downloads/janus-c-3.0.5/build/CMakeFiles/CMakeTmp/src.c:4:1: error: unknown type name ‘DWORD’
    4 | DWORD xx;
      | ^~~~~
/home/ttm4128/Downloads/janus-c-3.0.5/build/CMakeFiles/CMakeTmp/src.c:5:1: error: unknown type name ‘DWORD’
    5 | DWORD xxx;
      | ^~~~~
/home/ttm4128/Downloads/janus-c-3.0.5/build/CMakeFiles/CMakeTmp/src.c:6:1: error: unknown type name ‘SECURITY_ATTRIBUTES’
    6 | SECURITY_ATTRIBUTES xxxx;
      | ^~~~~~~~~~~~~~~~~~~
/home/ttm4128/Downloads/janus-c-3.0.5/build/CMakeFiles/CMakeTmp/src.c:7:1: error: unknown type name ‘DWORD’
    7 | DWORD xxxxx;
      | ^~~~~
/home/ttm4128/Downloads/janus-c-3.0.5/build/CMakeFiles/CMakeTmp/src.c:8:1: error: unknown type name ‘DWORD’
    8 | DWORD xxxxxx;
      | ^~~~~
/home/ttm4128/Downloads/janus-c-3.0.5/build/CMakeFiles/CMakeTmp/src.c:9:1: error: unknown type name ‘HANDLE’
    9 | HANDLE xxxxxxx;
      | ^~~~~~
/home/ttm4128/Downloads/janus-c-3.0.5/build/CMakeFiles/CMakeTmp/src.c:11:2: error: unknown type name ‘HANDLE’
   11 |  HANDLE rv = CreateFile(x, xx, xxx, &xxxx, xxxxx, xxxxxx, xxxxxxx);
      |  ^~~~~~
/home/ttm4128/Downloads/janus-c-3.0.5/build/CMakeFiles/CMakeTmp/src.c:11:14: warning: implicit declaration of function ‘CreateFile’ [-Wimplicit-function-declaration]
   11 |  HANDLE rv = CreateFile(x, xx, xxx, &xxxx, xxxxx, xxxxxx, xxxxxxx);
      |              ^~~~~~~~~~
/home/ttm4128/Downloads/janus-c-3.0.5/build/CMakeFiles/CMakeTmp/src.c:11:9: warning: unused variable ‘rv’ [-Wunused-variable]
   11 |  HANDLE rv = CreateFile(x, xx, xxx, &xxxx, xxxxx, xxxxxx, xxxxxxx);
      |         ^~
make[1]: *** [CMakeFiles/cmTC_25d2d.dir/build.make:66: CMakeFiles/cmTC_25d2d.dir/src.c.o] Error 1
make[1]: Leaving directory '/home/ttm4128/Downloads/janus-c-3.0.5/build/CMakeFiles/CMakeTmp'
make: *** [Makefile:121: cmTC_25d2d/fast] Error 2


Source file was:

int main(void) {
LPCSTR x;
DWORD xx;
DWORD xxx;
SECURITY_ATTRIBUTES xxxx;
DWORD xxxxx;
DWORD xxxxxx;
HANDLE xxxxxxx;

 HANDLE rv = CreateFile(x, xx, xxx, &xxxx, xxxxx, xxxxxx, xxxxxxx);
return 0;
}

Performing C SOURCE FILE Test JANUS_SYS_HAS_READ_FILE failed with the following output:
Change Dir: /home/ttm4128/Downloads/janus-c-3.0.5/build/CMakeFiles/CMakeTmp

Run Build Command(s):/usr/bin/make cmTC_7a5aa/fast && /usr/bin/make -f CMakeFiles/cmTC_7a5aa.dir/build.make CMakeFiles/cmTC_7a5aa.dir/build
make[1]: Entering directory '/home/ttm4128/Downloads/janus-c-3.0.5/build/CMakeFiles/CMakeTmp'
Building C object CMakeFiles/cmTC_7a5aa.dir/src.c.o
/usr/bin/cc  -I/home/ttm4128/Downloads/janus-c-3.0.5/external/libraries/x86-64bit-linux-glibc-gcc90/include  -fPIC -DJANUS_SYS_HAS_READ_FILE -std=c99 -Wall -Wshadow -pedantic   -o CMakeFiles/cmTC_7a5aa.dir/src.c.o   -c /home/ttm4128/Downloads/janus-c-3.0.5/build/CMakeFiles/CMakeTmp/src.c
/home/ttm4128/Downloads/janus-c-3.0.5/build/CMakeFiles/CMakeTmp/src.c: In function ‘main’:
/home/ttm4128/Downloads/janus-c-3.0.5/build/CMakeFiles/CMakeTmp/src.c:3:1: error: unknown type name ‘HANDLE’
    3 | HANDLE x;
      | ^~~~~~
/home/ttm4128/Downloads/janus-c-3.0.5/build/CMakeFiles/CMakeTmp/src.c:4:1: error: unknown type name ‘LPVOID’
    4 | LPVOID xx;
      | ^~~~~~
/home/ttm4128/Downloads/janus-c-3.0.5/build/CMakeFiles/CMakeTmp/src.c:5:1: error: unknown type name ‘DWORD’
    5 | DWORD xxx;
      | ^~~~~
/home/ttm4128/Downloads/janus-c-3.0.5/build/CMakeFiles/CMakeTmp/src.c:6:1: error: unknown type name ‘DWORD’
    6 | DWORD xxxx;
      | ^~~~~
/home/ttm4128/Downloads/janus-c-3.0.5/build/CMakeFiles/CMakeTmp/src.c:7:1: error: unknown type name ‘OVERLAPPED’
    7 | OVERLAPPED xxxxx;
      | ^~~~~~~~~~
/home/ttm4128/Downloads/janus-c-3.0.5/build/CMakeFiles/CMakeTmp/src.c:9:2: error: unknown type name ‘BOOL’
    9 |  BOOL rv = ReadFile(x, xx, xxx, &xxxx, &xxxxx);
      |  ^~~~
/home/ttm4128/Downloads/janus-c-3.0.5/build/CMakeFiles/CMakeTmp/src.c:9:12: warning: implicit declaration of function ‘ReadFile’ [-Wimplicit-function-declaration]
    9 |  BOOL rv = ReadFile(x, xx, xxx, &xxxx, &xxxxx);
      |            ^~~~~~~~
/home/ttm4128/Downloads/janus-c-3.0.5/build/CMakeFiles/CMakeTmp/src.c:9:7: warning: unused variable ‘rv’ [-Wunused-variable]
    9 |  BOOL rv = ReadFile(x, xx, xxx, &xxxx, &xxxxx);
      |       ^~
make[1]: *** [CMakeFiles/cmTC_7a5aa.dir/build.make:66: CMakeFiles/cmTC_7a5aa.dir/src.c.o] Error 1
make[1]: Leaving directory '/home/ttm4128/Downloads/janus-c-3.0.5/build/CMakeFiles/CMakeTmp'
make: *** [Makefile:121: cmTC_7a5aa/fast] Error 2


Source file was:

int main(void) {
HANDLE x;
LPVOID xx;
DWORD xxx;
DWORD xxxx;
OVERLAPPED xxxxx;

 BOOL rv = ReadFile(x, xx, xxx, &xxxx, &xxxxx);
return 0;
}

Performing C SOURCE FILE Test JANUS_SYS_HAS_WRITE_FILE failed with the following output:
Change Dir: /home/ttm4128/Downloads/janus-c-3.0.5/build/CMakeFiles/CMakeTmp

Run Build Command(s):/usr/bin/make cmTC_3253c/fast && /usr/bin/make -f CMakeFiles/cmTC_3253c.dir/build.make CMakeFiles/cmTC_3253c.dir/build
make[1]: Entering directory '/home/ttm4128/Downloads/janus-c-3.0.5/build/CMakeFiles/CMakeTmp'
Building C object CMakeFiles/cmTC_3253c.dir/src.c.o
/usr/bin/cc  -I/home/ttm4128/Downloads/janus-c-3.0.5/external/libraries/x86-64bit-linux-glibc-gcc90/include  -fPIC -DJANUS_SYS_HAS_WRITE_FILE -std=c99 -Wall -Wshadow -pedantic   -o CMakeFiles/cmTC_3253c.dir/src.c.o   -c /home/ttm4128/Downloads/janus-c-3.0.5/build/CMakeFiles/CMakeTmp/src.c
/home/ttm4128/Downloads/janus-c-3.0.5/build/CMakeFiles/CMakeTmp/src.c: In function ‘main’:
/home/ttm4128/Downloads/janus-c-3.0.5/build/CMakeFiles/CMakeTmp/src.c:3:1: error: unknown type name ‘HANDLE’
    3 | HANDLE x;
      | ^~~~~~
/home/ttm4128/Downloads/janus-c-3.0.5/build/CMakeFiles/CMakeTmp/src.c:4:1: error: unknown type name ‘LPCVOID’
    4 | LPCVOID xx;
      | ^~~~~~~
/home/ttm4128/Downloads/janus-c-3.0.5/build/CMakeFiles/CMakeTmp/src.c:5:1: error: unknown type name ‘DWORD’
    5 | DWORD xxx;
      | ^~~~~
/home/ttm4128/Downloads/janus-c-3.0.5/build/CMakeFiles/CMakeTmp/src.c:6:1: error: unknown type name ‘DWORD’
    6 | DWORD xxxx;
      | ^~~~~
/home/ttm4128/Downloads/janus-c-3.0.5/build/CMakeFiles/CMakeTmp/src.c:7:1: error: unknown type name ‘OVERLAPPED’
    7 | OVERLAPPED xxxxx;
      | ^~~~~~~~~~
/home/ttm4128/Downloads/janus-c-3.0.5/build/CMakeFiles/CMakeTmp/src.c:9:2: error: unknown type name ‘BOOL’
    9 |  BOOL rv = WriteFile(x, xx, xxx, &xxxx, &xxxxx);
      |  ^~~~
/home/ttm4128/Downloads/janus-c-3.0.5/build/CMakeFiles/CMakeTmp/src.c:9:12: warning: implicit declaration of function ‘WriteFile’ [-Wimplicit-function-declaration]
    9 |  BOOL rv = WriteFile(x, xx, xxx, &xxxx, &xxxxx);
      |            ^~~~~~~~~
/home/ttm4128/Downloads/janus-c-3.0.5/build/CMakeFiles/CMakeTmp/src.c:9:7: warning: unused variable ‘rv’ [-Wunused-variable]
    9 |  BOOL rv = WriteFile(x, xx, xxx, &xxxx, &xxxxx);
      |       ^~
make[1]: *** [CMakeFiles/cmTC_3253c.dir/build.make:66: CMakeFiles/cmTC_3253c.dir/src.c.o] Error 1
make[1]: Leaving directory '/home/ttm4128/Downloads/janus-c-3.0.5/build/CMakeFiles/CMakeTmp'
make: *** [Makefile:121: cmTC_3253c/fast] Error 2


Source file was:

int main(void) {
HANDLE x;
LPCVOID xx;
DWORD xxx;
DWORD xxxx;
OVERLAPPED xxxxx;

 BOOL rv = WriteFile(x, xx, xxx, &xxxx, &xxxxx);
return 0;
}

Performing C SOURCE FILE Test JANUS_SYS_HAS_GET_OVERLAPPED_RESULT failed with the following output:
Change Dir: /home/ttm4128/Downloads/janus-c-3.0.5/build/CMakeFiles/CMakeTmp

Run Build Command(s):/usr/bin/make cmTC_6be7f/fast && /usr/bin/make -f CMakeFiles/cmTC_6be7f.dir/build.make CMakeFiles/cmTC_6be7f.dir/build
make[1]: Entering directory '/home/ttm4128/Downloads/janus-c-3.0.5/build/CMakeFiles/CMakeTmp'
Building C object CMakeFiles/cmTC_6be7f.dir/src.c.o
/usr/bin/cc  -I/home/ttm4128/Downloads/janus-c-3.0.5/external/libraries/x86-64bit-linux-glibc-gcc90/include  -fPIC -DJANUS_SYS_HAS_GET_OVERLAPPED_RESULT -std=c99 -Wall -Wshadow -pedantic   -o CMakeFiles/cmTC_6be7f.dir/src.c.o   -c /home/ttm4128/Downloads/janus-c-3.0.5/build/CMakeFiles/CMakeTmp/src.c
/home/ttm4128/Downloads/janus-c-3.0.5/build/CMakeFiles/CMakeTmp/src.c: In function ‘main’:
/home/ttm4128/Downloads/janus-c-3.0.5/build/CMakeFiles/CMakeTmp/src.c:3:1: error: unknown type name ‘HANDLE’
    3 | HANDLE x;
      | ^~~~~~
/home/ttm4128/Downloads/janus-c-3.0.5/build/CMakeFiles/CMakeTmp/src.c:4:1: error: unknown type name ‘OVERLAPPED’
    4 | OVERLAPPED xx;
      | ^~~~~~~~~~
/home/ttm4128/Downloads/janus-c-3.0.5/build/CMakeFiles/CMakeTmp/src.c:5:1: error: unknown type name ‘DWORD’
    5 | DWORD xxx;
      | ^~~~~
/home/ttm4128/Downloads/janus-c-3.0.5/build/CMakeFiles/CMakeTmp/src.c:6:1: error: unknown type name ‘BOOL’
    6 | BOOL xxxx;
      | ^~~~
/home/ttm4128/Downloads/janus-c-3.0.5/build/CMakeFiles/CMakeTmp/src.c:8:2: error: unknown type name ‘BOOL’
    8 |  BOOL rv = GetOverlappedResult(x, &xx, &xxx, xxxx);
      |  ^~~~
/home/ttm4128/Downloads/janus-c-3.0.5/build/CMakeFiles/CMakeTmp/src.c:8:12: warning: implicit declaration of function ‘GetOverlappedResult’ [-Wimplicit-function-declaration]
    8 |  BOOL rv = GetOverlappedResult(x, &xx, &xxx, xxxx);
      |            ^~~~~~~~~~~~~~~~~~~
/home/ttm4128/Downloads/janus-c-3.0.5/build/CMakeFiles/CMakeTmp/src.c:8:7: warning: unused variable ‘rv’ [-Wunused-variable]
    8 |  BOOL rv = GetOverlappedResult(x, &xx, &xxx, xxxx);
      |       ^~
make[1]: *** [CMakeFiles/cmTC_6be7f.dir/build.make:66: CMakeFiles/cmTC_6be7f.dir/src.c.o] Error 1
make[1]: Leaving directory '/home/ttm4128/Downloads/janus-c-3.0.5/build/CMakeFiles/CMakeTmp'
make: *** [Makefile:121: cmTC_6be7f/fast] Error 2


Source file was:

int main(void) {
HANDLE x;
OVERLAPPED xx;
DWORD xxx;
BOOL xxxx;

 BOOL rv = GetOverlappedResult(x, &xx, &xxx, xxxx);
return 0;
}

Performing C SOURCE FILE Test JANUS_SYS_HAS_SET_COMM_STATE failed with the following output:
Change Dir: /home/ttm4128/Downloads/janus-c-3.0.5/build/CMakeFiles/CMakeTmp

Run Build Command(s):/usr/bin/make cmTC_77eb6/fast && /usr/bin/make -f CMakeFiles/cmTC_77eb6.dir/build.make CMakeFiles/cmTC_77eb6.dir/build
make[1]: Entering directory '/home/ttm4128/Downloads/janus-c-3.0.5/build/CMakeFiles/CMakeTmp'
Building C object CMakeFiles/cmTC_77eb6.dir/src.c.o
/usr/bin/cc  -I/home/ttm4128/Downloads/janus-c-3.0.5/external/libraries/x86-64bit-linux-glibc-gcc90/include  -fPIC -DJANUS_SYS_HAS_SET_COMM_STATE -std=c99 -Wall -Wshadow -pedantic   -o CMakeFiles/cmTC_77eb6.dir/src.c.o   -c /home/ttm4128/Downloads/janus-c-3.0.5/build/CMakeFiles/CMakeTmp/src.c
/home/ttm4128/Downloads/janus-c-3.0.5/build/CMakeFiles/CMakeTmp/src.c: In function ‘main’:
/home/ttm4128/Downloads/janus-c-3.0.5/build/CMakeFiles/CMakeTmp/src.c:3:1: error: unknown type name ‘HANDLE’
    3 | HANDLE x;
      | ^~~~~~
/home/ttm4128/Downloads/janus-c-3.0.5/build/CMakeFiles/CMakeTmp/src.c:4:1: error: unknown type name ‘DCB’
    4 | DCB xx;
      | ^~~
/home/ttm4128/Downloads/janus-c-3.0.5/build/CMakeFiles/CMakeTmp/src.c:6:2: error: unknown type name ‘BOOL’
    6 |  BOOL rv = SetCommState(x, &xx);
      |  ^~~~
/home/ttm4128/Downloads/janus-c-3.0.5/build/CMakeFiles/CMakeTmp/src.c:6:12: warning: implicit declaration of function ‘SetCommState’ [-Wimplicit-function-declaration]
    6 |  BOOL rv = SetCommState(x, &xx);
      |            ^~~~~~~~~~~~
/home/ttm4128/Downloads/janus-c-3.0.5/build/CMakeFiles/CMakeTmp/src.c:6:7: warning: unused variable ‘rv’ [-Wunused-variable]
    6 |  BOOL rv = SetCommState(x, &xx);
      |       ^~
make[1]: *** [CMakeFiles/cmTC_77eb6.dir/build.make:66: CMakeFiles/cmTC_77eb6.dir/src.c.o] Error 1
make[1]: Leaving directory '/home/ttm4128/Downloads/janus-c-3.0.5/build/CMakeFiles/CMakeTmp'
make: *** [Makefile:121: cmTC_77eb6/fast] Error 2


Source file was:

int main(void) {
HANDLE x;
DCB xx;

 BOOL rv = SetCommState(x, &xx);
return 0;
}

Performing C SOURCE FILE Test JANUS_SYS_HAS_GET_COMM_STATE failed with the following output:
Change Dir: /home/ttm4128/Downloads/janus-c-3.0.5/build/CMakeFiles/CMakeTmp

Run Build Command(s):/usr/bin/make cmTC_86284/fast && /usr/bin/make -f CMakeFiles/cmTC_86284.dir/build.make CMakeFiles/cmTC_86284.dir/build
make[1]: Entering directory '/home/ttm4128/Downloads/janus-c-3.0.5/build/CMakeFiles/CMakeTmp'
Building C object CMakeFiles/cmTC_86284.dir/src.c.o
/usr/bin/cc  -I/home/ttm4128/Downloads/janus-c-3.0.5/external/libraries/x86-64bit-linux-glibc-gcc90/include  -fPIC -DJANUS_SYS_HAS_GET_COMM_STATE -std=c99 -Wall -Wshadow -pedantic   -o CMakeFiles/cmTC_86284.dir/src.c.o   -c /home/ttm4128/Downloads/janus-c-3.0.5/build/CMakeFiles/CMakeTmp/src.c
/home/ttm4128/Downloads/janus-c-3.0.5/build/CMakeFiles/CMakeTmp/src.c: In function ‘main’:
/home/ttm4128/Downloads/janus-c-3.0.5/build/CMakeFiles/CMakeTmp/src.c:3:1: error: unknown type name ‘HANDLE’
    3 | HANDLE x;
      | ^~~~~~
/home/ttm4128/Downloads/janus-c-3.0.5/build/CMakeFiles/CMakeTmp/src.c:4:1: error: unknown type name ‘DCB’
    4 | DCB xx;
      | ^~~
/home/ttm4128/Downloads/janus-c-3.0.5/build/CMakeFiles/CMakeTmp/src.c:6:2: error: unknown type name ‘BOOL’
    6 |  BOOL rv = GetCommState(x, &xx);
      |  ^~~~
/home/ttm4128/Downloads/janus-c-3.0.5/build/CMakeFiles/CMakeTmp/src.c:6:12: warning: implicit declaration of function ‘GetCommState’ [-Wimplicit-function-declaration]
    6 |  BOOL rv = GetCommState(x, &xx);
      |            ^~~~~~~~~~~~
/home/ttm4128/Downloads/janus-c-3.0.5/build/CMakeFiles/CMakeTmp/src.c:6:7: warning: unused variable ‘rv’ [-Wunused-variable]
    6 |  BOOL rv = GetCommState(x, &xx);
      |       ^~
make[1]: *** [CMakeFiles/cmTC_86284.dir/build.make:66: CMakeFiles/cmTC_86284.dir/src.c.o] Error 1
make[1]: Leaving directory '/home/ttm4128/Downloads/janus-c-3.0.5/build/CMakeFiles/CMakeTmp'
make: *** [Makefile:121: cmTC_86284/fast] Error 2


Source file was:

int main(void) {
HANDLE x;
DCB xx;

 BOOL rv = GetCommState(x, &xx);
return 0;
}

Performing C SOURCE FILE Test JANUS_SYS_HAS_SET_COMM_MASK failed with the following output:
Change Dir: /home/ttm4128/Downloads/janus-c-3.0.5/build/CMakeFiles/CMakeTmp

Run Build Command(s):/usr/bin/make cmTC_290a2/fast && /usr/bin/make -f CMakeFiles/cmTC_290a2.dir/build.make CMakeFiles/cmTC_290a2.dir/build
make[1]: Entering directory '/home/ttm4128/Downloads/janus-c-3.0.5/build/CMakeFiles/CMakeTmp'
Building C object CMakeFiles/cmTC_290a2.dir/src.c.o
/usr/bin/cc  -I/home/ttm4128/Downloads/janus-c-3.0.5/external/libraries/x86-64bit-linux-glibc-gcc90/include  -fPIC -DJANUS_SYS_HAS_SET_COMM_MASK -std=c99 -Wall -Wshadow -pedantic   -o CMakeFiles/cmTC_290a2.dir/src.c.o   -c /home/ttm4128/Downloads/janus-c-3.0.5/build/CMakeFiles/CMakeTmp/src.c
/home/ttm4128/Downloads/janus-c-3.0.5/build/CMakeFiles/CMakeTmp/src.c: In function ‘main’:
/home/ttm4128/Downloads/janus-c-3.0.5/build/CMakeFiles/CMakeTmp/src.c:3:1: error: unknown type name ‘HANDLE’
    3 | HANDLE x;
      | ^~~~~~
/home/ttm4128/Downloads/janus-c-3.0.5/build/CMakeFiles/CMakeTmp/src.c:4:1: error: unknown type name ‘DWORD’
    4 | DWORD xx;
      | ^~~~~
/home/ttm4128/Downloads/janus-c-3.0.5/build/CMakeFiles/CMakeTmp/src.c:6:2: error: unknown type name ‘BOOL’
    6 |  BOOL rv = SetCommMask(x, xx);
      |  ^~~~
/home/ttm4128/Downloads/janus-c-3.0.5/build/CMakeFiles/CMakeTmp/src.c:6:12: warning: implicit declaration of function ‘SetCommMask’ [-Wimplicit-function-declaration]
    6 |  BOOL rv = SetCommMask(x, xx);
      |            ^~~~~~~~~~~
/home/ttm4128/Downloads/janus-c-3.0.5/build/CMakeFiles/CMakeTmp/src.c:6:7: warning: unused variable ‘rv’ [-Wunused-variable]
    6 |  BOOL rv = SetCommMask(x, xx);
      |       ^~
make[1]: *** [CMakeFiles/cmTC_290a2.dir/build.make:66: CMakeFiles/cmTC_290a2.dir/src.c.o] Error 1
make[1]: Leaving directory '/home/ttm4128/Downloads/janus-c-3.0.5/build/CMakeFiles/CMakeTmp'
make: *** [Makefile:121: cmTC_290a2/fast] Error 2


Source file was:

int main(void) {
HANDLE x;
DWORD xx;

 BOOL rv = SetCommMask(x, xx);
return 0;
}

Performing C SOURCE FILE Test JANUS_SYS_HAS_PURGE_COMM failed with the following output:
Change Dir: /home/ttm4128/Downloads/janus-c-3.0.5/build/CMakeFiles/CMakeTmp

Run Build Command(s):/usr/bin/make cmTC_0fc3c/fast && /usr/bin/make -f CMakeFiles/cmTC_0fc3c.dir/build.make CMakeFiles/cmTC_0fc3c.dir/build
make[1]: Entering directory '/home/ttm4128/Downloads/janus-c-3.0.5/build/CMakeFiles/CMakeTmp'
Building C object CMakeFiles/cmTC_0fc3c.dir/src.c.o
/usr/bin/cc  -I/home/ttm4128/Downloads/janus-c-3.0.5/external/libraries/x86-64bit-linux-glibc-gcc90/include  -fPIC -DJANUS_SYS_HAS_PURGE_COMM -std=c99 -Wall -Wshadow -pedantic   -o CMakeFiles/cmTC_0fc3c.dir/src.c.o   -c /home/ttm4128/Downloads/janus-c-3.0.5/build/CMakeFiles/CMakeTmp/src.c
/home/ttm4128/Downloads/janus-c-3.0.5/build/CMakeFiles/CMakeTmp/src.c: In function ‘main’:
/home/ttm4128/Downloads/janus-c-3.0.5/build/CMakeFiles/CMakeTmp/src.c:3:1: error: unknown type name ‘HANDLE’
    3 | HANDLE x;
      | ^~~~~~
/home/ttm4128/Downloads/janus-c-3.0.5/build/CMakeFiles/CMakeTmp/src.c:4:1: error: unknown type name ‘DWORD’
    4 | DWORD xx;
      | ^~~~~
/home/ttm4128/Downloads/janus-c-3.0.5/build/CMakeFiles/CMakeTmp/src.c:6:2: error: unknown type name ‘BOOL’
    6 |  BOOL rv = PurgeComm(x, xx);
      |  ^~~~
/home/ttm4128/Downloads/janus-c-3.0.5/build/CMakeFiles/CMakeTmp/src.c:6:12: warning: implicit declaration of function ‘PurgeComm’ [-Wimplicit-function-declaration]
    6 |  BOOL rv = PurgeComm(x, xx);
      |            ^~~~~~~~~
/home/ttm4128/Downloads/janus-c-3.0.5/build/CMakeFiles/CMakeTmp/src.c:6:7: warning: unused variable ‘rv’ [-Wunused-variable]
    6 |  BOOL rv = PurgeComm(x, xx);
      |       ^~
make[1]: *** [CMakeFiles/cmTC_0fc3c.dir/build.make:66: CMakeFiles/cmTC_0fc3c.dir/src.c.o] Error 1
make[1]: Leaving directory '/home/ttm4128/Downloads/janus-c-3.0.5/build/CMakeFiles/CMakeTmp'
make: *** [Makefile:121: cmTC_0fc3c/fast] Error 2


Source file was:

int main(void) {
HANDLE x;
DWORD xx;

 BOOL rv = PurgeComm(x, xx);
return 0;
}

Performing C SOURCE FILE Test JANUS_SYS_HAS_WAIT_COMM_EVENT failed with the following output:
Change Dir: /home/ttm4128/Downloads/janus-c-3.0.5/build/CMakeFiles/CMakeTmp

Run Build Command(s):/usr/bin/make cmTC_dbce4/fast && /usr/bin/make -f CMakeFiles/cmTC_dbce4.dir/build.make CMakeFiles/cmTC_dbce4.dir/build
make[1]: Entering directory '/home/ttm4128/Downloads/janus-c-3.0.5/build/CMakeFiles/CMakeTmp'
Building C object CMakeFiles/cmTC_dbce4.dir/src.c.o
/usr/bin/cc  -I/home/ttm4128/Downloads/janus-c-3.0.5/external/libraries/x86-64bit-linux-glibc-gcc90/include  -fPIC -DJANUS_SYS_HAS_WAIT_COMM_EVENT -std=c99 -Wall -Wshadow -pedantic   -o CMakeFiles/cmTC_dbce4.dir/src.c.o   -c /home/ttm4128/Downloads/janus-c-3.0.5/build/CMakeFiles/CMakeTmp/src.c
/home/ttm4128/Downloads/janus-c-3.0.5/build/CMakeFiles/CMakeTmp/src.c: In function ‘main’:
/home/ttm4128/Downloads/janus-c-3.0.5/build/CMakeFiles/CMakeTmp/src.c:3:1: error: unknown type name ‘HANDLE’
    3 | HANDLE x;
      | ^~~~~~
/home/ttm4128/Downloads/janus-c-3.0.5/build/CMakeFiles/CMakeTmp/src.c:4:1: error: unknown type name ‘DWORD’
    4 | DWORD xx;
      | ^~~~~
/home/ttm4128/Downloads/janus-c-3.0.5/build/CMakeFiles/CMakeTmp/src.c:5:1: error: unknown type name ‘OVERLAPPED’
    5 | OVERLAPPED xxx;
      | ^~~~~~~~~~
/home/ttm4128/Downloads/janus-c-3.0.5/build/CMakeFiles/CMakeTmp/src.c:7:2: error: unknown type name ‘BOOL’
    7 |  BOOL rv = WaitCommEvent(x, &xx, &xxx);
      |  ^~~~
/home/ttm4128/Downloads/janus-c-3.0.5/build/CMakeFiles/CMakeTmp/src.c:7:12: warning: implicit declaration of function ‘WaitCommEvent’ [-Wimplicit-function-declaration]
    7 |  BOOL rv = WaitCommEvent(x, &xx, &xxx);
      |            ^~~~~~~~~~~~~
/home/ttm4128/Downloads/janus-c-3.0.5/build/CMakeFiles/CMakeTmp/src.c:7:7: warning: unused variable ‘rv’ [-Wunused-variable]
    7 |  BOOL rv = WaitCommEvent(x, &xx, &xxx);
      |       ^~
make[1]: *** [CMakeFiles/cmTC_dbce4.dir/build.make:66: CMakeFiles/cmTC_dbce4.dir/src.c.o] Error 1
make[1]: Leaving directory '/home/ttm4128/Downloads/janus-c-3.0.5/build/CMakeFiles/CMakeTmp'
make: *** [Makefile:121: cmTC_dbce4/fast] Error 2


Source file was:

int main(void) {
HANDLE x;
DWORD xx;
OVERLAPPED xxx;

 BOOL rv = WaitCommEvent(x, &xx, &xxx);
return 0;
}

Performing C SOURCE FILE Test JANUS_SYS_HAS_SET_COMM_BREAK failed with the following output:
Change Dir: /home/ttm4128/Downloads/janus-c-3.0.5/build/CMakeFiles/CMakeTmp

Run Build Command(s):/usr/bin/make cmTC_3f042/fast && /usr/bin/make -f CMakeFiles/cmTC_3f042.dir/build.make CMakeFiles/cmTC_3f042.dir/build
make[1]: Entering directory '/home/ttm4128/Downloads/janus-c-3.0.5/build/CMakeFiles/CMakeTmp'
Building C object CMakeFiles/cmTC_3f042.dir/src.c.o
/usr/bin/cc  -I/home/ttm4128/Downloads/janus-c-3.0.5/external/libraries/x86-64bit-linux-glibc-gcc90/include  -fPIC -DJANUS_SYS_HAS_SET_COMM_BREAK -std=c99 -Wall -Wshadow -pedantic   -o CMakeFiles/cmTC_3f042.dir/src.c.o   -c /home/ttm4128/Downloads/janus-c-3.0.5/build/CMakeFiles/CMakeTmp/src.c
/home/ttm4128/Downloads/janus-c-3.0.5/build/CMakeFiles/CMakeTmp/src.c: In function ‘main’:
/home/ttm4128/Downloads/janus-c-3.0.5/build/CMakeFiles/CMakeTmp/src.c:3:1: error: unknown type name ‘HANDLE’
    3 | HANDLE x;
      | ^~~~~~
/home/ttm4128/Downloads/janus-c-3.0.5/build/CMakeFiles/CMakeTmp/src.c:5:2: error: unknown type name ‘BOOL’
    5 |  BOOL rv = SetCommBreak(x);
      |  ^~~~
/home/ttm4128/Downloads/janus-c-3.0.5/build/CMakeFiles/CMakeTmp/src.c:5:12: warning: implicit declaration of function ‘SetCommBreak’ [-Wimplicit-function-declaration]
    5 |  BOOL rv = SetCommBreak(x);
      |            ^~~~~~~~~~~~
/home/ttm4128/Downloads/janus-c-3.0.5/build/CMakeFiles/CMakeTmp/src.c:5:7: warning: unused variable ‘rv’ [-Wunused-variable]
    5 |  BOOL rv = SetCommBreak(x);
      |       ^~
make[1]: *** [CMakeFiles/cmTC_3f042.dir/build.make:66: CMakeFiles/cmTC_3f042.dir/src.c.o] Error 1
make[1]: Leaving directory '/home/ttm4128/Downloads/janus-c-3.0.5/build/CMakeFiles/CMakeTmp'
make: *** [Makefile:121: cmTC_3f042/fast] Error 2


Source file was:

int main(void) {
HANDLE x;

 BOOL rv = SetCommBreak(x);
return 0;
}

Performing C SOURCE FILE Test JANUS_SYS_HAS_CLEAR_COMM_BREAK failed with the following output:
Change Dir: /home/ttm4128/Downloads/janus-c-3.0.5/build/CMakeFiles/CMakeTmp

Run Build Command(s):/usr/bin/make cmTC_74ac5/fast && /usr/bin/make -f CMakeFiles/cmTC_74ac5.dir/build.make CMakeFiles/cmTC_74ac5.dir/build
make[1]: Entering directory '/home/ttm4128/Downloads/janus-c-3.0.5/build/CMakeFiles/CMakeTmp'
Building C object CMakeFiles/cmTC_74ac5.dir/src.c.o
/usr/bin/cc  -I/home/ttm4128/Downloads/janus-c-3.0.5/external/libraries/x86-64bit-linux-glibc-gcc90/include  -fPIC -DJANUS_SYS_HAS_CLEAR_COMM_BREAK -std=c99 -Wall -Wshadow -pedantic   -o CMakeFiles/cmTC_74ac5.dir/src.c.o   -c /home/ttm4128/Downloads/janus-c-3.0.5/build/CMakeFiles/CMakeTmp/src.c
/home/ttm4128/Downloads/janus-c-3.0.5/build/CMakeFiles/CMakeTmp/src.c: In function ‘main’:
/home/ttm4128/Downloads/janus-c-3.0.5/build/CMakeFiles/CMakeTmp/src.c:3:1: error: unknown type name ‘HANDLE’
    3 | HANDLE x;
      | ^~~~~~
/home/ttm4128/Downloads/janus-c-3.0.5/build/CMakeFiles/CMakeTmp/src.c:5:2: error: unknown type name ‘BOOL’
    5 |  BOOL rv = ClearCommBreak(x);
      |  ^~~~
/home/ttm4128/Downloads/janus-c-3.0.5/build/CMakeFiles/CMakeTmp/src.c:5:12: warning: implicit declaration of function ‘ClearCommBreak’ [-Wimplicit-function-declaration]
    5 |  BOOL rv = ClearCommBreak(x);
      |            ^~~~~~~~~~~~~~
/home/ttm4128/Downloads/janus-c-3.0.5/build/CMakeFiles/CMakeTmp/src.c:5:7: warning: unused variable ‘rv’ [-Wunused-variable]
    5 |  BOOL rv = ClearCommBreak(x);
      |       ^~
make[1]: *** [CMakeFiles/cmTC_74ac5.dir/build.make:66: CMakeFiles/cmTC_74ac5.dir/src.c.o] Error 1
make[1]: Leaving directory '/home/ttm4128/Downloads/janus-c-3.0.5/build/CMakeFiles/CMakeTmp'
make: *** [Makefile:121: cmTC_74ac5/fast] Error 2


Source file was:

int main(void) {
HANDLE x;

 BOOL rv = ClearCommBreak(x);
return 0;
}

Performing C SOURCE FILE Test JANUS_SYS_HAS_CLEAR_COMM_ERROR failed with the following output:
Change Dir: /home/ttm4128/Downloads/janus-c-3.0.5/build/CMakeFiles/CMakeTmp

Run Build Command(s):/usr/bin/make cmTC_d566f/fast && /usr/bin/make -f CMakeFiles/cmTC_d566f.dir/build.make CMakeFiles/cmTC_d566f.dir/build
make[1]: Entering directory '/home/ttm4128/Downloads/janus-c-3.0.5/build/CMakeFiles/CMakeTmp'
Building C object CMakeFiles/cmTC_d566f.dir/src.c.o
/usr/bin/cc  -I/home/ttm4128/Downloads/janus-c-3.0.5/external/libraries/x86-64bit-linux-glibc-gcc90/include  -fPIC -DJANUS_SYS_HAS_CLEAR_COMM_ERROR -std=c99 -Wall -Wshadow -pedantic   -o CMakeFiles/cmTC_d566f.dir/src.c.o   -c /home/ttm4128/Downloads/janus-c-3.0.5/build/CMakeFiles/CMakeTmp/src.c
/home/ttm4128/Downloads/janus-c-3.0.5/build/CMakeFiles/CMakeTmp/src.c: In function ‘main’:
/home/ttm4128/Downloads/janus-c-3.0.5/build/CMakeFiles/CMakeTmp/src.c:3:1: error: unknown type name ‘HANDLE’
    3 | HANDLE x;
      | ^~~~~~
/home/ttm4128/Downloads/janus-c-3.0.5/build/CMakeFiles/CMakeTmp/src.c:4:1: error: unknown type name ‘DWORD’
    4 | DWORD xx;
      | ^~~~~
/home/ttm4128/Downloads/janus-c-3.0.5/build/CMakeFiles/CMakeTmp/src.c:5:1: error: unknown type name ‘COMSTAT’
    5 | COMSTAT xxx;
      | ^~~~~~~
/home/ttm4128/Downloads/janus-c-3.0.5/build/CMakeFiles/CMakeTmp/src.c:7:2: error: unknown type name ‘BOOL’
    7 |  BOOL rv = ClearCommError(x, &xx, &xxx);
      |  ^~~~
/home/ttm4128/Downloads/janus-c-3.0.5/build/CMakeFiles/CMakeTmp/src.c:7:12: warning: implicit declaration of function ‘ClearCommError’ [-Wimplicit-function-declaration]
    7 |  BOOL rv = ClearCommError(x, &xx, &xxx);
      |            ^~~~~~~~~~~~~~
/home/ttm4128/Downloads/janus-c-3.0.5/build/CMakeFiles/CMakeTmp/src.c:7:7: warning: unused variable ‘rv’ [-Wunused-variable]
    7 |  BOOL rv = ClearCommError(x, &xx, &xxx);
      |       ^~
make[1]: *** [CMakeFiles/cmTC_d566f.dir/build.make:66: CMakeFiles/cmTC_d566f.dir/src.c.o] Error 1
make[1]: Leaving directory '/home/ttm4128/Downloads/janus-c-3.0.5/build/CMakeFiles/CMakeTmp'
make: *** [Makefile:121: cmTC_d566f/fast] Error 2


Source file was:

int main(void) {
HANDLE x;
DWORD xx;
COMSTAT xxx;

 BOOL rv = ClearCommError(x, &xx, &xxx);
return 0;
}

Performing C SOURCE FILE Test JANUS_SYS_HAS_WAIT_FOR_SINGLE_OBJECT failed with the following output:
Change Dir: /home/ttm4128/Downloads/janus-c-3.0.5/build/CMakeFiles/CMakeTmp

Run Build Command(s):/usr/bin/make cmTC_39e10/fast && /usr/bin/make -f CMakeFiles/cmTC_39e10.dir/build.make CMakeFiles/cmTC_39e10.dir/build
make[1]: Entering directory '/home/ttm4128/Downloads/janus-c-3.0.5/build/CMakeFiles/CMakeTmp'
Building C object CMakeFiles/cmTC_39e10.dir/src.c.o
/usr/bin/cc  -I/home/ttm4128/Downloads/janus-c-3.0.5/external/libraries/x86-64bit-linux-glibc-gcc90/include  -fPIC -DJANUS_SYS_HAS_WAIT_FOR_SINGLE_OBJECT -std=c99 -Wall -Wshadow -pedantic   -o CMakeFiles/cmTC_39e10.dir/src.c.o   -c /home/ttm4128/Downloads/janus-c-3.0.5/build/CMakeFiles/CMakeTmp/src.c
/home/ttm4128/Downloads/janus-c-3.0.5/build/CMakeFiles/CMakeTmp/src.c: In function ‘main’:
/home/ttm4128/Downloads/janus-c-3.0.5/build/CMakeFiles/CMakeTmp/src.c:3:1: error: unknown type name ‘HANDLE’
    3 | HANDLE x;
      | ^~~~~~
/home/ttm4128/Downloads/janus-c-3.0.5/build/CMakeFiles/CMakeTmp/src.c:4:1: error: unknown type name ‘DWORD’
    4 | DWORD xx;
      | ^~~~~
/home/ttm4128/Downloads/janus-c-3.0.5/build/CMakeFiles/CMakeTmp/src.c:6:2: error: unknown type name ‘DWORD’
    6 |  DWORD rv = WaitForSingleObject(x, xx);
      |  ^~~~~
/home/ttm4128/Downloads/janus-c-3.0.5/build/CMakeFiles/CMakeTmp/src.c:6:13: warning: implicit declaration of function ‘WaitForSingleObject’ [-Wimplicit-function-declaration]
    6 |  DWORD rv = WaitForSingleObject(x, xx);
      |             ^~~~~~~~~~~~~~~~~~~
/home/ttm4128/Downloads/janus-c-3.0.5/build/CMakeFiles/CMakeTmp/src.c:6:8: warning: unused variable ‘rv’ [-Wunused-variable]
    6 |  DWORD rv = WaitForSingleObject(x, xx);
      |        ^~
make[1]: *** [CMakeFiles/cmTC_39e10.dir/build.make:66: CMakeFiles/cmTC_39e10.dir/src.c.o] Error 1
make[1]: Leaving directory '/home/ttm4128/Downloads/janus-c-3.0.5/build/CMakeFiles/CMakeTmp'
make: *** [Makefile:121: cmTC_39e10/fast] Error 2


Source file was:

int main(void) {
HANDLE x;
DWORD xx;

 DWORD rv = WaitForSingleObject(x, xx);
return 0;
}

Performing C SOURCE FILE Test JANUS_SYS_HAS_CREATE_EVENT failed with the following output:
Change Dir: /home/ttm4128/Downloads/janus-c-3.0.5/build/CMakeFiles/CMakeTmp

Run Build Command(s):/usr/bin/make cmTC_f2e70/fast && /usr/bin/make -f CMakeFiles/cmTC_f2e70.dir/build.make CMakeFiles/cmTC_f2e70.dir/build
make[1]: Entering directory '/home/ttm4128/Downloads/janus-c-3.0.5/build/CMakeFiles/CMakeTmp'
Building C object CMakeFiles/cmTC_f2e70.dir/src.c.o
/usr/bin/cc  -I/home/ttm4128/Downloads/janus-c-3.0.5/external/libraries/x86-64bit-linux-glibc-gcc90/include  -fPIC -DJANUS_SYS_HAS_CREATE_EVENT -std=c99 -Wall -Wshadow -pedantic   -o CMakeFiles/cmTC_f2e70.dir/src.c.o   -c /home/ttm4128/Downloads/janus-c-3.0.5/build/CMakeFiles/CMakeTmp/src.c
/home/ttm4128/Downloads/janus-c-3.0.5/build/CMakeFiles/CMakeTmp/src.c: In function ‘main’:
/home/ttm4128/Downloads/janus-c-3.0.5/build/CMakeFiles/CMakeTmp/src.c:3:1: error: unknown type name ‘SECURITY_ATTRIBUTES’
    3 | SECURITY_ATTRIBUTES x;
      | ^~~~~~~~~~~~~~~~~~~
/home/ttm4128/Downloads/janus-c-3.0.5/build/CMakeFiles/CMakeTmp/src.c:4:1: error: unknown type name ‘BOOL’
    4 | BOOL xx;
      | ^~~~
/home/ttm4128/Downloads/janus-c-3.0.5/build/CMakeFiles/CMakeTmp/src.c:5:1: error: unknown type name ‘BOOL’
    5 | BOOL xxx;
      | ^~~~
/home/ttm4128/Downloads/janus-c-3.0.5/build/CMakeFiles/CMakeTmp/src.c:6:1: error: unknown type name ‘LPCSTR’
    6 | LPCSTR xxxx;
      | ^~~~~~
/home/ttm4128/Downloads/janus-c-3.0.5/build/CMakeFiles/CMakeTmp/src.c:8:2: error: unknown type name ‘HANDLE’
    8 |  HANDLE rv = CreateEvent(&x, xx, xxx, xxxx);
      |  ^~~~~~
/home/ttm4128/Downloads/janus-c-3.0.5/build/CMakeFiles/CMakeTmp/src.c:8:14: warning: implicit declaration of function ‘CreateEvent’ [-Wimplicit-function-declaration]
    8 |  HANDLE rv = CreateEvent(&x, xx, xxx, xxxx);
      |              ^~~~~~~~~~~
/home/ttm4128/Downloads/janus-c-3.0.5/build/CMakeFiles/CMakeTmp/src.c:8:9: warning: unused variable ‘rv’ [-Wunused-variable]
    8 |  HANDLE rv = CreateEvent(&x, xx, xxx, xxxx);
      |         ^~
make[1]: *** [CMakeFiles/cmTC_f2e70.dir/build.make:66: CMakeFiles/cmTC_f2e70.dir/src.c.o] Error 1
make[1]: Leaving directory '/home/ttm4128/Downloads/janus-c-3.0.5/build/CMakeFiles/CMakeTmp'
make: *** [Makefile:121: cmTC_f2e70/fast] Error 2


Source file was:

int main(void) {
SECURITY_ATTRIBUTES x;
BOOL xx;
BOOL xxx;
LPCSTR xxxx;

 HANDLE rv = CreateEvent(&x, xx, xxx, xxxx);
return 0;
}

Performing C SOURCE FILE Test JANUS_SYS_HAS_FORK failed with the following output:
Change Dir: /home/ttm4128/Downloads/janus-c-3.0.5/build/CMakeFiles/CMakeTmp

Run Build Command(s):/usr/bin/make cmTC_4cb97/fast && /usr/bin/make -f CMakeFiles/cmTC_4cb97.dir/build.make CMakeFiles/cmTC_4cb97.dir/build
make[1]: Entering directory '/home/ttm4128/Downloads/janus-c-3.0.5/build/CMakeFiles/CMakeTmp'
Building C object CMakeFiles/cmTC_4cb97.dir/src.c.o
/usr/bin/cc  -I/home/ttm4128/Downloads/janus-c-3.0.5/external/libraries/x86-64bit-linux-glibc-gcc90/include  -fPIC -DJANUS_SYS_HAS_FORK -std=c99 -Wall -Wshadow -pedantic   -o CMakeFiles/cmTC_4cb97.dir/src.c.o   -c /home/ttm4128/Downloads/janus-c-3.0.5/build/CMakeFiles/CMakeTmp/src.c
/home/ttm4128/Downloads/janus-c-3.0.5/build/CMakeFiles/CMakeTmp/src.c: In function ‘main’:
/home/ttm4128/Downloads/janus-c-3.0.5/build/CMakeFiles/CMakeTmp/src.c:5:2: error: unknown type name ‘pid_t’
    5 |  pid_t rv = fork();
      |  ^~~~~
/home/ttm4128/Downloads/janus-c-3.0.5/build/CMakeFiles/CMakeTmp/src.c:5:8: warning: unused variable ‘rv’ [-Wunused-variable]
    5 |  pid_t rv = fork();
      |        ^~
make[1]: *** [CMakeFiles/cmTC_4cb97.dir/build.make:66: CMakeFiles/cmTC_4cb97.dir/src.c.o] Error 1
make[1]: Leaving directory '/home/ttm4128/Downloads/janus-c-3.0.5/build/CMakeFiles/CMakeTmp'
make: *** [Makefile:121: cmTC_4cb97/fast] Error 2


Source file was:
#include <unistd.h>

int main(void) {

 pid_t rv = fork();
return 0;
}

Performing C SOURCE FILE Test JANUS_SYS_HAS__ALLOCA failed with the following output:
Change Dir: /home/ttm4128/Downloads/janus-c-3.0.5/build/CMakeFiles/CMakeTmp

Run Build Command(s):/usr/bin/make cmTC_7fbe0/fast && /usr/bin/make -f CMakeFiles/cmTC_7fbe0.dir/build.make CMakeFiles/cmTC_7fbe0.dir/build
make[1]: Entering directory '/home/ttm4128/Downloads/janus-c-3.0.5/build/CMakeFiles/CMakeTmp'
Building C object CMakeFiles/cmTC_7fbe0.dir/src.c.o
/usr/bin/cc  -I/home/ttm4128/Downloads/janus-c-3.0.5/external/libraries/x86-64bit-linux-glibc-gcc90/include  -fPIC -DJANUS_SYS_HAS__ALLOCA -std=c99 -Wall -Wshadow -pedantic   -o CMakeFiles/cmTC_7fbe0.dir/src.c.o   -c /home/ttm4128/Downloads/janus-c-3.0.5/build/CMakeFiles/CMakeTmp/src.c
/home/ttm4128/Downloads/janus-c-3.0.5/build/CMakeFiles/CMakeTmp/src.c: In function ‘main’:
/home/ttm4128/Downloads/janus-c-3.0.5/build/CMakeFiles/CMakeTmp/src.c:3:1: error: unknown type name ‘size_t’
    3 | size_t x;
      | ^~~~~~
/home/ttm4128/Downloads/janus-c-3.0.5/build/CMakeFiles/CMakeTmp/src.c:1:1: note: ‘size_t’ is defined in header ‘<stddef.h>’; did you forget to ‘#include <stddef.h>’?
  +++ |+#include <stddef.h>
    1 | 
/home/ttm4128/Downloads/janus-c-3.0.5/build/CMakeFiles/CMakeTmp/src.c:5:13: warning: implicit declaration of function ‘_alloca’ [-Wimplicit-function-declaration]
    5 |  void* rv = _alloca(x);
      |             ^~~~~~~
/home/ttm4128/Downloads/janus-c-3.0.5/build/CMakeFiles/CMakeTmp/src.c:5:13: warning: initialization of ‘void *’ from ‘int’ makes pointer from integer without a cast [-Wint-conversion]
/home/ttm4128/Downloads/janus-c-3.0.5/build/CMakeFiles/CMakeTmp/src.c:5:8: warning: unused variable ‘rv’ [-Wunused-variable]
    5 |  void* rv = _alloca(x);
      |        ^~
make[1]: *** [CMakeFiles/cmTC_7fbe0.dir/build.make:66: CMakeFiles/cmTC_7fbe0.dir/src.c.o] Error 1
make[1]: Leaving directory '/home/ttm4128/Downloads/janus-c-3.0.5/build/CMakeFiles/CMakeTmp'
make: *** [Makefile:121: cmTC_7fbe0/fast] Error 2


Source file was:

int main(void) {
size_t x;

 void* rv = _alloca(x);
return 0;
}

Performing C SOURCE FILE Test JANUS_SYS_HAS_CRITICAL_SECTION failed with the following output:
Change Dir: /home/ttm4128/Downloads/janus-c-3.0.5/build/CMakeFiles/CMakeTmp

Run Build Command(s):/usr/bin/make cmTC_d3853/fast && /usr/bin/make -f CMakeFiles/cmTC_d3853.dir/build.make CMakeFiles/cmTC_d3853.dir/build
make[1]: Entering directory '/home/ttm4128/Downloads/janus-c-3.0.5/build/CMakeFiles/CMakeTmp'
Building C object CMakeFiles/cmTC_d3853.dir/src.c.o
/usr/bin/cc  -I/home/ttm4128/Downloads/janus-c-3.0.5/external/libraries/x86-64bit-linux-glibc-gcc90/include  -fPIC -DJANUS_SYS_HAS_CRITICAL_SECTION -std=c99 -Wall -Wshadow -pedantic   -o CMakeFiles/cmTC_d3853.dir/src.c.o   -c /home/ttm4128/Downloads/janus-c-3.0.5/build/CMakeFiles/CMakeTmp/src.c
/home/ttm4128/Downloads/janus-c-3.0.5/build/CMakeFiles/CMakeTmp/src.c: In function ‘main’:
/home/ttm4128/Downloads/janus-c-3.0.5/build/CMakeFiles/CMakeTmp/src.c:2:18: error: unknown type name ‘CRITICAL_SECTION’
    2 | int main(void) { CRITICAL_SECTION x; return 0;}
      |                  ^~~~~~~~~~~~~~~~
/home/ttm4128/Downloads/janus-c-3.0.5/build/CMakeFiles/CMakeTmp/src.c:2:35: warning: unused variable ‘x’ [-Wunused-variable]
    2 | int main(void) { CRITICAL_SECTION x; return 0;}
      |                                   ^
make[1]: *** [CMakeFiles/cmTC_d3853.dir/build.make:66: CMakeFiles/cmTC_d3853.dir/src.c.o] Error 1
make[1]: Leaving directory '/home/ttm4128/Downloads/janus-c-3.0.5/build/CMakeFiles/CMakeTmp'
make: *** [Makefile:121: cmTC_d3853/fast] Error 2


Source file was:

int main(void) { CRITICAL_SECTION x; return 0;}

Performing C SOURCE FILE Test JANUS_SYS_HAS_STD_TR1_SHARED_PTR failed with the following output:
Change Dir: /home/ttm4128/Downloads/janus-c-3.0.5/build/CMakeFiles/CMakeTmp

Run Build Command(s):/usr/bin/make cmTC_16cd6/fast && /usr/bin/make -f CMakeFiles/cmTC_16cd6.dir/build.make CMakeFiles/cmTC_16cd6.dir/build
make[1]: Entering directory '/home/ttm4128/Downloads/janus-c-3.0.5/build/CMakeFiles/CMakeTmp'
Building C object CMakeFiles/cmTC_16cd6.dir/src.c.o
/usr/bin/cc  -I/home/ttm4128/Downloads/janus-c-3.0.5/external/libraries/x86-64bit-linux-glibc-gcc90/include  -fPIC -DJANUS_SYS_HAS_STD_TR1_SHARED_PTR -std=c99 -Wall -Wshadow -pedantic   -o CMakeFiles/cmTC_16cd6.dir/src.c.o   -c /home/ttm4128/Downloads/janus-c-3.0.5/build/CMakeFiles/CMakeTmp/src.c
/home/ttm4128/Downloads/janus-c-3.0.5/build/CMakeFiles/CMakeTmp/src.c: In function ‘main’:
/home/ttm4128/Downloads/janus-c-3.0.5/build/CMakeFiles/CMakeTmp/src.c:2:22: error: expected expression before ‘:’ token
    2 | int main(void) { std::tr1::shared_ptr<int> x; return 0;}
      |                      ^
/home/ttm4128/Downloads/janus-c-3.0.5/build/CMakeFiles/CMakeTmp/src.c:2:18: warning: label ‘std’ defined but not used [-Wunused-label]
    2 | int main(void) { std::tr1::shared_ptr<int> x; return 0;}
      |                  ^~~
make[1]: *** [CMakeFiles/cmTC_16cd6.dir/build.make:66: CMakeFiles/cmTC_16cd6.dir/src.c.o] Error 1
make[1]: Leaving directory '/home/ttm4128/Downloads/janus-c-3.0.5/build/CMakeFiles/CMakeTmp'
make: *** [Makefile:121: cmTC_16cd6/fast] Error 2


Source file was:

int main(void) { std::tr1::shared_ptr<int> x; return 0;}

Determining if the function snd_pcm_open exists in the asound failed with the following output:
Change Dir: /home/ttm4128/Downloads/janus-c-3.0.5/build/CMakeFiles/CMakeTmp

Run Build Command(s):/usr/bin/make cmTC_5a92b/fast && /usr/bin/make -f CMakeFiles/cmTC_5a92b.dir/build.make CMakeFiles/cmTC_5a92b.dir/build
make[1]: Entering directory '/home/ttm4128/Downloads/janus-c-3.0.5/build/CMakeFiles/CMakeTmp'
Building C object CMakeFiles/cmTC_5a92b.dir/CheckFunctionExists.c.o
/usr/bin/cc   -fPIC -DCHECK_FUNCTION_EXISTS=snd_pcm_open -std=c99 -Wall -Wshadow -pedantic   -o CMakeFiles/cmTC_5a92b.dir/CheckFunctionExists.c.o   -c /usr/share/cmake-3.16/Modules/CheckFunctionExists.c
Linking C executable cmTC_5a92b
/usr/bin/cmake -E cmake_link_script CMakeFiles/cmTC_5a92b.dir/link.txt --verbose=1
/usr/bin/cc  -fPIC -DCHECK_FUNCTION_EXISTS=snd_pcm_open -std=c99 -Wall -Wshadow -pedantic    -rdynamic CMakeFiles/cmTC_5a92b.dir/CheckFunctionExists.c.o  -o cmTC_5a92b  -lasound -lrt -lpthread -lm -lnsl -ldl 
/usr/bin/ld: cannot find -lasound
collect2: error: ld returned 1 exit status
make[1]: *** [CMakeFiles/cmTC_5a92b.dir/build.make:87: cmTC_5a92b] Error 1
make[1]: Leaving directory '/home/ttm4128/Downloads/janus-c-3.0.5/build/CMakeFiles/CMakeTmp'
make: *** [Makefile:121: cmTC_5a92b/fast] Error 2



Performing C SOURCE FILE Test JANUS_SYS_HAS_ALSA_ASOUNDLIB_H failed with the following output:
Change Dir: /home/ttm4128/Downloads/janus-c-3.0.5/build/CMakeFiles/CMakeTmp

Run Build Command(s):/usr/bin/make cmTC_76abe/fast && /usr/bin/make -f CMakeFiles/cmTC_76abe.dir/build.make CMakeFiles/cmTC_76abe.dir/build
make[1]: Entering directory '/home/ttm4128/Downloads/janus-c-3.0.5/build/CMakeFiles/CMakeTmp'
Building C object CMakeFiles/cmTC_76abe.dir/src.c.o
/usr/bin/cc  -I/home/ttm4128/Downloads/janus-c-3.0.5/external/libraries/x86-64bit-linux-glibc-gcc90/include  -fPIC -DJANUS_SYS_HAS_ALSA_ASOUNDLIB_H -std=c99 -Wall -Wshadow -pedantic   -o CMakeFiles/cmTC_76abe.dir/src.c.o   -c /home/ttm4128/Downloads/janus-c-3.0.5/build/CMakeFiles/CMakeTmp/src.c
/home/ttm4128/Downloads/janus-c-3.0.5/build/CMakeFiles/CMakeTmp/src.c:2:10: fatal error: alsa/asoundlib.h: No such file or directory
    2 | #include <alsa/asoundlib.h>
      |          ^~~~~~~~~~~~~~~~~~
compilation terminated.
make[1]: *** [CMakeFiles/cmTC_76abe.dir/build.make:66: CMakeFiles/cmTC_76abe.dir/src.c.o] Error 1
make[1]: Leaving directory '/home/ttm4128/Downloads/janus-c-3.0.5/build/CMakeFiles/CMakeTmp'
make: *** [Makefile:121: cmTC_76abe/fast] Error 2


Source file was:

#include <alsa/asoundlib.h>
int main(void){ return 0; }

Determining if the function FLAC__stream_encoder_process exists in the FLAC failed with the following output:
Change Dir: /home/ttm4128/Downloads/janus-c-3.0.5/build/CMakeFiles/CMakeTmp

Run Build Command(s):/usr/bin/make cmTC_70676/fast && /usr/bin/make -f CMakeFiles/cmTC_70676.dir/build.make CMakeFiles/cmTC_70676.dir/build
make[1]: Entering directory '/home/ttm4128/Downloads/janus-c-3.0.5/build/CMakeFiles/CMakeTmp'
Building C object CMakeFiles/cmTC_70676.dir/CheckFunctionExists.c.o
/usr/bin/cc   -fPIC -DCHECK_FUNCTION_EXISTS=FLAC__stream_encoder_process -std=c99 -Wall -Wshadow -pedantic   -o CMakeFiles/cmTC_70676.dir/CheckFunctionExists.c.o   -c /usr/share/cmake-3.16/Modules/CheckFunctionExists.c
Linking C executable cmTC_70676
/usr/bin/cmake -E cmake_link_script CMakeFiles/cmTC_70676.dir/link.txt --verbose=1
/usr/bin/cc  -fPIC -DCHECK_FUNCTION_EXISTS=FLAC__stream_encoder_process -std=c99 -Wall -Wshadow -pedantic    -rdynamic CMakeFiles/cmTC_70676.dir/CheckFunctionExists.c.o  -o cmTC_70676  -lFLAC -lrt -lpthread -lm -lnsl -ldl 
/usr/bin/ld: cannot find -lFLAC
collect2: error: ld returned 1 exit status
make[1]: *** [CMakeFiles/cmTC_70676.dir/build.make:87: cmTC_70676] Error 1
make[1]: Leaving directory '/home/ttm4128/Downloads/janus-c-3.0.5/build/CMakeFiles/CMakeTmp'
make: *** [Makefile:121: cmTC_70676/fast] Error 2



Performing C SOURCE FILE Test JANUS_SYS_HAS_FLAC_ALL_H failed with the following output:
Change Dir: /home/ttm4128/Downloads/janus-c-3.0.5/build/CMakeFiles/CMakeTmp

Run Build Command(s):/usr/bin/make cmTC_cbf62/fast && /usr/bin/make -f CMakeFiles/cmTC_cbf62.dir/build.make CMakeFiles/cmTC_cbf62.dir/build
make[1]: Entering directory '/home/ttm4128/Downloads/janus-c-3.0.5/build/CMakeFiles/CMakeTmp'
Building C object CMakeFiles/cmTC_cbf62.dir/src.c.o
/usr/bin/cc  -I/home/ttm4128/Downloads/janus-c-3.0.5/external/libraries/x86-64bit-linux-glibc-gcc90/include  -fPIC -DJANUS_SYS_HAS_FLAC_ALL_H -std=c99 -Wall -Wshadow -pedantic   -o CMakeFiles/cmTC_cbf62.dir/src.c.o   -c /home/ttm4128/Downloads/janus-c-3.0.5/build/CMakeFiles/CMakeTmp/src.c
/home/ttm4128/Downloads/janus-c-3.0.5/build/CMakeFiles/CMakeTmp/src.c:2:10: fatal error: FLAC/all.h: No such file or directory
    2 | #include <FLAC/all.h>
      |          ^~~~~~~~~~~~
compilation terminated.
make[1]: *** [CMakeFiles/cmTC_cbf62.dir/build.make:66: CMakeFiles/cmTC_cbf62.dir/src.c.o] Error 1
make[1]: Leaving directory '/home/ttm4128/Downloads/janus-c-3.0.5/build/CMakeFiles/CMakeTmp'
make: *** [Makefile:121: cmTC_cbf62/fast] Error 2


Source file was:

#include <FLAC/all.h>
int main(void){ return 0; }

Determining if the function pa_simple_new exists in the pulse-simple failed with the following output:
Change Dir: /home/ttm4128/Downloads/janus-c-3.0.5/build/CMakeFiles/CMakeTmp

Run Build Command(s):/usr/bin/make cmTC_096a9/fast && /usr/bin/make -f CMakeFiles/cmTC_096a9.dir/build.make CMakeFiles/cmTC_096a9.dir/build
make[1]: Entering directory '/home/ttm4128/Downloads/janus-c-3.0.5/build/CMakeFiles/CMakeTmp'
Building C object CMakeFiles/cmTC_096a9.dir/CheckFunctionExists.c.o
/usr/bin/cc   -fPIC -DCHECK_FUNCTION_EXISTS=pa_simple_new -std=c99 -Wall -Wshadow -pedantic   -o CMakeFiles/cmTC_096a9.dir/CheckFunctionExists.c.o   -c /usr/share/cmake-3.16/Modules/CheckFunctionExists.c
Linking C executable cmTC_096a9
/usr/bin/cmake -E cmake_link_script CMakeFiles/cmTC_096a9.dir/link.txt --verbose=1
/usr/bin/cc  -fPIC -DCHECK_FUNCTION_EXISTS=pa_simple_new -std=c99 -Wall -Wshadow -pedantic    -rdynamic CMakeFiles/cmTC_096a9.dir/CheckFunctionExists.c.o  -o cmTC_096a9  -lpulse-simple -lrt -lpthread -lm -lnsl -ldl 
/usr/bin/ld: cannot find -lpulse-simple
collect2: error: ld returned 1 exit status
make[1]: *** [CMakeFiles/cmTC_096a9.dir/build.make:87: cmTC_096a9] Error 1
make[1]: Leaving directory '/home/ttm4128/Downloads/janus-c-3.0.5/build/CMakeFiles/CMakeTmp'
make: *** [Makefile:121: cmTC_096a9/fast] Error 2



Determining if the function pa_strerror exists in the pulse failed with the following output:
Change Dir: /home/ttm4128/Downloads/janus-c-3.0.5/build/CMakeFiles/CMakeTmp

Run Build Command(s):/usr/bin/make cmTC_2d9b6/fast && /usr/bin/make -f CMakeFiles/cmTC_2d9b6.dir/build.make CMakeFiles/cmTC_2d9b6.dir/build
make[1]: Entering directory '/home/ttm4128/Downloads/janus-c-3.0.5/build/CMakeFiles/CMakeTmp'
Building C object CMakeFiles/cmTC_2d9b6.dir/CheckFunctionExists.c.o
/usr/bin/cc   -fPIC -DCHECK_FUNCTION_EXISTS=pa_strerror -std=c99 -Wall -Wshadow -pedantic   -o CMakeFiles/cmTC_2d9b6.dir/CheckFunctionExists.c.o   -c /usr/share/cmake-3.16/Modules/CheckFunctionExists.c
Linking C executable cmTC_2d9b6
/usr/bin/cmake -E cmake_link_script CMakeFiles/cmTC_2d9b6.dir/link.txt --verbose=1
/usr/bin/cc  -fPIC -DCHECK_FUNCTION_EXISTS=pa_strerror -std=c99 -Wall -Wshadow -pedantic    -rdynamic CMakeFiles/cmTC_2d9b6.dir/CheckFunctionExists.c.o  -o cmTC_2d9b6  -lpulse -lrt -lpthread -lm -lnsl -ldl 
/usr/bin/ld: cannot find -lpulse
collect2: error: ld returned 1 exit status
make[1]: *** [CMakeFiles/cmTC_2d9b6.dir/build.make:87: cmTC_2d9b6] Error 1
make[1]: Leaving directory '/home/ttm4128/Downloads/janus-c-3.0.5/build/CMakeFiles/CMakeTmp'
make: *** [Makefile:121: cmTC_2d9b6/fast] Error 2



Performing C SOURCE FILE Test JANUS_SYS_HAS_PULSE_SIMPLE_H failed with the following output:
Change Dir: /home/ttm4128/Downloads/janus-c-3.0.5/build/CMakeFiles/CMakeTmp

Run Build Command(s):/usr/bin/make cmTC_f33fe/fast && /usr/bin/make -f CMakeFiles/cmTC_f33fe.dir/build.make CMakeFiles/cmTC_f33fe.dir/build
make[1]: Entering directory '/home/ttm4128/Downloads/janus-c-3.0.5/build/CMakeFiles/CMakeTmp'
Building C object CMakeFiles/cmTC_f33fe.dir/src.c.o
/usr/bin/cc  -I/home/ttm4128/Downloads/janus-c-3.0.5/external/libraries/x86-64bit-linux-glibc-gcc90/include  -fPIC -DJANUS_SYS_HAS_PULSE_SIMPLE_H -std=c99 -Wall -Wshadow -pedantic   -o CMakeFiles/cmTC_f33fe.dir/src.c.o   -c /home/ttm4128/Downloads/janus-c-3.0.5/build/CMakeFiles/CMakeTmp/src.c
/home/ttm4128/Downloads/janus-c-3.0.5/build/CMakeFiles/CMakeTmp/src.c:2:10: fatal error: pulse/simple.h: No such file or directory
    2 | #include <pulse/simple.h>
      |          ^~~~~~~~~~~~~~~~
compilation terminated.
make[1]: *** [CMakeFiles/cmTC_f33fe.dir/build.make:66: CMakeFiles/cmTC_f33fe.dir/src.c.o] Error 1
make[1]: Leaving directory '/home/ttm4128/Downloads/janus-c-3.0.5/build/CMakeFiles/CMakeTmp'
make: *** [Makefile:121: cmTC_f33fe/fast] Error 2


Source file was:

#include <pulse/simple.h>
int main(void){ return 0; }

